[5.208s] Invoking command in '/home/leejeonghun/ros2_example_ws/build/examples_rclpy_minimal_client': PYTHONPATH=/home/leejeonghun/ros2_example_ws/install/examples_rclpy_minimal_client/lib/python3.8/site-packages:${PYTHONPATH} /usr/bin/python3 setup.py develop --prefix /home/leejeonghun/ros2_example_ws/install/examples_rclpy_minimal_client --editable --build-directory /home/leejeonghun/ros2_example_ws/build/examples_rclpy_minimal_client/build --no-deps install_data --install-dir /home/leejeonghun/ros2_example_ws/install/examples_rclpy_minimal_client
[6.233s] running develop
[6.912s] running egg_info
[6.912s] creating examples_rclpy_minimal_client.egg-info
[6.912s] writing examples_rclpy_minimal_client.egg-info/PKG-INFO
[6.913s] writing dependency_links to examples_rclpy_minimal_client.egg-info/dependency_links.txt
[6.913s] writing entry points to examples_rclpy_minimal_client.egg-info/entry_points.txt
[6.913s] writing requirements to examples_rclpy_minimal_client.egg-info/requires.txt
[6.914s] writing top-level names to examples_rclpy_minimal_client.egg-info/top_level.txt
[6.916s] writing manifest file 'examples_rclpy_minimal_client.egg-info/SOURCES.txt'
[7.059s] reading manifest file 'examples_rclpy_minimal_client.egg-info/SOURCES.txt'
[7.060s] writing manifest file 'examples_rclpy_minimal_client.egg-info/SOURCES.txt'
[7.202s] running build_ext
[7.203s] Creating /home/leejeonghun/ros2_example_ws/install/examples_rclpy_minimal_client/lib/python3.8/site-packages/site.py
[7.206s] Creating /home/leejeonghun/ros2_example_ws/install/examples_rclpy_minimal_client/lib/python3.8/site-packages/examples-rclpy-minimal-client.egg-link (link to .)
[7.208s] Installing client script to /home/leejeonghun/ros2_example_ws/install/examples_rclpy_minimal_client/lib/examples_rclpy_minimal_client
[7.209s] Installing client_async script to /home/leejeonghun/ros2_example_ws/install/examples_rclpy_minimal_client/lib/examples_rclpy_minimal_client
[7.209s] Installing client_async_callback script to /home/leejeonghun/ros2_example_ws/install/examples_rclpy_minimal_client/lib/examples_rclpy_minimal_client
[7.209s] Installing client_async_member_function script to /home/leejeonghun/ros2_example_ws/install/examples_rclpy_minimal_client/lib/examples_rclpy_minimal_client
[7.210s] 
[7.210s] Installed /home/leejeonghun/ros2_example_ws/build/examples_rclpy_minimal_client
[7.223s] running install_data
[7.225s] creating /home/leejeonghun/ros2_example_ws/install/examples_rclpy_minimal_client/share/ament_index
[7.225s] creating /home/leejeonghun/ros2_example_ws/install/examples_rclpy_minimal_client/share/ament_index/resource_index
[7.225s] creating /home/leejeonghun/ros2_example_ws/install/examples_rclpy_minimal_client/share/ament_index/resource_index/packages
[7.226s] copying resource/examples_rclpy_minimal_client -> /home/leejeonghun/ros2_example_ws/install/examples_rclpy_minimal_client/share/ament_index/resource_index/packages
[7.226s] copying package.xml -> /home/leejeonghun/ros2_example_ws/install/examples_rclpy_minimal_client/share/examples_rclpy_minimal_client
[7.351s] Invoked command in '/home/leejeonghun/ros2_example_ws/build/examples_rclpy_minimal_client' returned '0': PYTHONPATH=/home/leejeonghun/ros2_example_ws/install/examples_rclpy_minimal_client/lib/python3.8/site-packages:${PYTHONPATH} /usr/bin/python3 setup.py develop --prefix /home/leejeonghun/ros2_example_ws/install/examples_rclpy_minimal_client --editable --build-directory /home/leejeonghun/ros2_example_ws/build/examples_rclpy_minimal_client/build --no-deps install_data --install-dir /home/leejeonghun/ros2_example_ws/install/examples_rclpy_minimal_client
