[0.572s] Invoking command in '/home/leejeonghun/ros2_example_ws/src/my_package': PYTHONPATH=/home/leejeonghun/ros2_example_ws/install/my_package/lib/python3.8/site-packages:${PYTHONPATH} /usr/bin/python3 setup.py egg_info --egg-base ../../build/my_package build --build-base /home/leejeonghun/ros2_example_ws/build/my_package/build install --prefix /home/leejeonghun/ros2_example_ws/install/my_package --record /home/leejeonghun/ros2_example_ws/build/my_package/install.log --single-version-externally-managed
[0.774s] running egg_info
[0.775s] writing ../../build/my_package/my_package.egg-info/PKG-INFO
[0.775s] writing dependency_links to ../../build/my_package/my_package.egg-info/dependency_links.txt
[0.775s] writing entry points to ../../build/my_package/my_package.egg-info/entry_points.txt
[0.775s] writing requirements to ../../build/my_package/my_package.egg-info/requires.txt
[0.775s] writing top-level names to ../../build/my_package/my_package.egg-info/top_level.txt
[0.803s] reading manifest file '../../build/my_package/my_package.egg-info/SOURCES.txt'
[0.804s] writing manifest file '../../build/my_package/my_package.egg-info/SOURCES.txt'
[0.804s] running build
[0.804s] running build_py
[0.804s] copying my_package/my_node.py -> /home/leejeonghun/ros2_example_ws/build/my_package/build/lib/my_package
[0.804s] copying my_package/__init__.py -> /home/leejeonghun/ros2_example_ws/build/my_package/build/lib/my_package
[0.804s] running install
[0.805s] running install_lib
[0.805s] copying /home/leejeonghun/ros2_example_ws/build/my_package/build/lib/my_package/my_node.py -> /home/leejeonghun/ros2_example_ws/install/my_package/lib/python3.8/site-packages/my_package
[0.806s] copying /home/leejeonghun/ros2_example_ws/build/my_package/build/lib/my_package/__init__.py -> /home/leejeonghun/ros2_example_ws/install/my_package/lib/python3.8/site-packages/my_package
[0.806s] byte-compiling /home/leejeonghun/ros2_example_ws/install/my_package/lib/python3.8/site-packages/my_package/my_node.py to my_node.cpython-38.pyc
[0.807s] byte-compiling /home/leejeonghun/ros2_example_ws/install/my_package/lib/python3.8/site-packages/my_package/__init__.py to __init__.cpython-38.pyc
[0.807s] running install_data
[0.807s] copying resource/my_package -> /home/leejeonghun/ros2_example_ws/install/my_package/share/ament_index/resource_index/packages
[0.807s] copying package.xml -> /home/leejeonghun/ros2_example_ws/install/my_package/share/my_package
[0.808s] running install_egg_info
[0.809s] removing '/home/leejeonghun/ros2_example_ws/install/my_package/lib/python3.8/site-packages/my_package-0.0.0-py3.8.egg-info' (and everything under it)
[0.809s] Copying ../../build/my_package/my_package.egg-info to /home/leejeonghun/ros2_example_ws/install/my_package/lib/python3.8/site-packages/my_package-0.0.0-py3.8.egg-info
[0.810s] running install_scripts
[0.823s] Installing my_node script to /home/leejeonghun/ros2_example_ws/install/my_package/lib/my_package
[0.824s] writing list of installed files to '/home/leejeonghun/ros2_example_ws/build/my_package/install.log'
[0.841s] Invoked command in '/home/leejeonghun/ros2_example_ws/src/my_package' returned '0': PYTHONPATH=/home/leejeonghun/ros2_example_ws/install/my_package/lib/python3.8/site-packages:${PYTHONPATH} /usr/bin/python3 setup.py egg_info --egg-base ../../build/my_package build --build-base /home/leejeonghun/ros2_example_ws/build/my_package/build install --prefix /home/leejeonghun/ros2_example_ws/install/my_package --record /home/leejeonghun/ros2_example_ws/build/my_package/install.log --single-version-externally-managed
