[4.238s] Invoking command in '/home/leejeonghun/ros2_example_ws/build/examples_rclpy_minimal_publisher': PYTHONPATH=/home/leejeonghun/ros2_example_ws/install/examples_rclpy_minimal_publisher/lib/python3.8/site-packages:${PYTHONPATH} /usr/bin/python3 setup.py develop --prefix /home/leejeonghun/ros2_example_ws/install/examples_rclpy_minimal_publisher --editable --build-directory /home/leejeonghun/ros2_example_ws/build/examples_rclpy_minimal_publisher/build --no-deps install_data --install-dir /home/leejeonghun/ros2_example_ws/install/examples_rclpy_minimal_publisher
[5.252s] running develop
[5.732s] running egg_info
[5.732s] creating examples_rclpy_minimal_publisher.egg-info
[5.732s] writing examples_rclpy_minimal_publisher.egg-info/PKG-INFO
[5.733s] writing dependency_links to examples_rclpy_minimal_publisher.egg-info/dependency_links.txt
[5.733s] writing entry points to examples_rclpy_minimal_publisher.egg-info/entry_points.txt
[5.733s] writing requirements to examples_rclpy_minimal_publisher.egg-info/requires.txt
[5.733s] writing top-level names to examples_rclpy_minimal_publisher.egg-info/top_level.txt
[5.733s] writing manifest file 'examples_rclpy_minimal_publisher.egg-info/SOURCES.txt'
[5.806s] reading manifest file 'examples_rclpy_minimal_publisher.egg-info/SOURCES.txt'
[5.811s] writing manifest file 'examples_rclpy_minimal_publisher.egg-info/SOURCES.txt'
[5.888s] running build_ext
[5.889s] Creating /home/leejeonghun/ros2_example_ws/install/examples_rclpy_minimal_publisher/lib/python3.8/site-packages/site.py
[5.899s] Creating /home/leejeonghun/ros2_example_ws/install/examples_rclpy_minimal_publisher/lib/python3.8/site-packages/examples-rclpy-minimal-publisher.egg-link (link to .)
[5.902s] Installing publisher_local_function script to /home/leejeonghun/ros2_example_ws/install/examples_rclpy_minimal_publisher/lib/examples_rclpy_minimal_publisher
[5.903s] Installing publisher_member_function script to /home/leejeonghun/ros2_example_ws/install/examples_rclpy_minimal_publisher/lib/examples_rclpy_minimal_publisher
[5.904s] Installing publisher_old_school script to /home/leejeonghun/ros2_example_ws/install/examples_rclpy_minimal_publisher/lib/examples_rclpy_minimal_publisher
[5.904s] 
[5.905s] Installed /home/leejeonghun/ros2_example_ws/build/examples_rclpy_minimal_publisher
[5.905s] running install_data
[5.906s] creating /home/leejeonghun/ros2_example_ws/install/examples_rclpy_minimal_publisher/share/ament_index
[5.906s] creating /home/leejeonghun/ros2_example_ws/install/examples_rclpy_minimal_publisher/share/ament_index/resource_index
[5.907s] creating /home/leejeonghun/ros2_example_ws/install/examples_rclpy_minimal_publisher/share/ament_index/resource_index/packages
[5.907s] copying resource/examples_rclpy_minimal_publisher -> /home/leejeonghun/ros2_example_ws/install/examples_rclpy_minimal_publisher/share/ament_index/resource_index/packages
[5.908s] copying package.xml -> /home/leejeonghun/ros2_example_ws/install/examples_rclpy_minimal_publisher/share/examples_rclpy_minimal_publisher
[6.004s] Invoked command in '/home/leejeonghun/ros2_example_ws/build/examples_rclpy_minimal_publisher' returned '0': PYTHONPATH=/home/leejeonghun/ros2_example_ws/install/examples_rclpy_minimal_publisher/lib/python3.8/site-packages:${PYTHONPATH} /usr/bin/python3 setup.py develop --prefix /home/leejeonghun/ros2_example_ws/install/examples_rclpy_minimal_publisher --editable --build-directory /home/leejeonghun/ros2_example_ws/build/examples_rclpy_minimal_publisher/build --no-deps install_data --install-dir /home/leejeonghun/ros2_example_ws/install/examples_rclpy_minimal_publisher
