[0.078s] Invoking command in '/home/leejeonghun/ros2_example_ws/build/examples_rclcpp_multithreaded_executor': CMAKE_PREFIX_PATH=/opt/ros/galactic /usr/bin/cmake --build /home/leejeonghun/ros2_example_ws/build/examples_rclcpp_multithreaded_executor -- -j12 -l12
[0.581s] [100%] Built target multithreaded_executor
[0.594s] Invoked command in '/home/leejeonghun/ros2_example_ws/build/examples_rclcpp_multithreaded_executor' returned '0': CMAKE_PREFIX_PATH=/opt/ros/galactic /usr/bin/cmake --build /home/leejeonghun/ros2_example_ws/build/examples_rclcpp_multithreaded_executor -- -j12 -l12
[0.698s] Invoking command in '/home/leejeonghun/ros2_example_ws/build/examples_rclcpp_multithreaded_executor': CMAKE_PREFIX_PATH=/opt/ros/galactic /usr/bin/cmake --install /home/leejeonghun/ros2_example_ws/build/examples_rclcpp_multithreaded_executor
[0.717s] -- Install configuration: ""
[0.717s] -- Execute custom install script
[0.717s] -- Up-to-date symlink: /home/leejeonghun/ros2_example_ws/install/examples_rclcpp_multithreaded_executor/lib/examples_rclcpp_multithreaded_executor/multithreaded_executor
[0.718s] -- Up-to-date symlink: /home/leejeonghun/ros2_example_ws/install/examples_rclcpp_multithreaded_executor/share/ament_index/resource_index/package_run_dependencies/examples_rclcpp_multithreaded_executor
[0.719s] -- Up-to-date symlink: /home/leejeonghun/ros2_example_ws/install/examples_rclcpp_multithreaded_executor/share/ament_index/resource_index/parent_prefix_path/examples_rclcpp_multithreaded_executor
[0.719s] -- Up-to-date symlink: /home/leejeonghun/ros2_example_ws/install/examples_rclcpp_multithreaded_executor/share/examples_rclcpp_multithreaded_executor/environment/ament_prefix_path.sh
[0.719s] -- Up-to-date symlink: /home/leejeonghun/ros2_example_ws/install/examples_rclcpp_multithreaded_executor/share/examples_rclcpp_multithreaded_executor/environment/ament_prefix_path.dsv
[0.719s] -- Up-to-date symlink: /home/leejeonghun/ros2_example_ws/install/examples_rclcpp_multithreaded_executor/share/examples_rclcpp_multithreaded_executor/environment/path.sh
[0.719s] -- Up-to-date symlink: /home/leejeonghun/ros2_example_ws/install/examples_rclcpp_multithreaded_executor/share/examples_rclcpp_multithreaded_executor/environment/path.dsv
[0.720s] -- Up-to-date symlink: /home/leejeonghun/ros2_example_ws/install/examples_rclcpp_multithreaded_executor/share/examples_rclcpp_multithreaded_executor/local_setup.bash
[0.720s] -- Up-to-date symlink: /home/leejeonghun/ros2_example_ws/install/examples_rclcpp_multithreaded_executor/share/examples_rclcpp_multithreaded_executor/local_setup.sh
[0.720s] -- Up-to-date symlink: /home/leejeonghun/ros2_example_ws/install/examples_rclcpp_multithreaded_executor/share/examples_rclcpp_multithreaded_executor/local_setup.zsh
[0.720s] -- Up-to-date symlink: /home/leejeonghun/ros2_example_ws/install/examples_rclcpp_multithreaded_executor/share/examples_rclcpp_multithreaded_executor/local_setup.dsv
[0.720s] -- Symlinking: /home/leejeonghun/ros2_example_ws/install/examples_rclcpp_multithreaded_executor/share/examples_rclcpp_multithreaded_executor/package.dsv
[0.733s] -- Up-to-date symlink: /home/leejeonghun/ros2_example_ws/install/examples_rclcpp_multithreaded_executor/share/ament_index/resource_index/packages/examples_rclcpp_multithreaded_executor
[0.733s] -- Up-to-date symlink: /home/leejeonghun/ros2_example_ws/install/examples_rclcpp_multithreaded_executor/share/examples_rclcpp_multithreaded_executor/cmake/examples_rclcpp_multithreaded_executorConfig.cmake
[0.733s] -- Up-to-date symlink: /home/leejeonghun/ros2_example_ws/install/examples_rclcpp_multithreaded_executor/share/examples_rclcpp_multithreaded_executor/cmake/examples_rclcpp_multithreaded_executorConfig-version.cmake
[0.735s] -- Up-to-date symlink: /home/leejeonghun/ros2_example_ws/install/examples_rclcpp_multithreaded_executor/share/examples_rclcpp_multithreaded_executor/package.xml
[0.772s] Invoked command in '/home/leejeonghun/ros2_example_ws/build/examples_rclcpp_multithreaded_executor' returned '0': CMAKE_PREFIX_PATH=/opt/ros/galactic /usr/bin/cmake --install /home/leejeonghun/ros2_example_ws/build/examples_rclcpp_multithreaded_executor
