[0.085s] Invoking command in '/home/leejeonghun/ros2_example_ws/build/examples_rclcpp_cbg_executor': CMAKE_PREFIX_PATH=/opt/ros/galactic /usr/bin/cmake --build /home/leejeonghun/ros2_example_ws/build/examples_rclcpp_cbg_executor -- -j12 -l12
[0.622s] [ 40%] Built target ping_pong
[0.622s] [ 70%] Built target pong
[0.622s] [100%] Built target ping
[0.641s] Invoked command in '/home/leejeonghun/ros2_example_ws/build/examples_rclcpp_cbg_executor' returned '0': CMAKE_PREFIX_PATH=/opt/ros/galactic /usr/bin/cmake --build /home/leejeonghun/ros2_example_ws/build/examples_rclcpp_cbg_executor -- -j12 -l12
[0.686s] Invoking command in '/home/leejeonghun/ros2_example_ws/build/examples_rclcpp_cbg_executor': CMAKE_PREFIX_PATH=/opt/ros/galactic /usr/bin/cmake --install /home/leejeonghun/ros2_example_ws/build/examples_rclcpp_cbg_executor
[0.712s] -- Install configuration: ""
[0.713s] -- Execute custom install script
[0.717s] -- Up-to-date symlink: /home/leejeonghun/ros2_example_ws/install/examples_rclcpp_cbg_executor/lib/examples_rclcpp_cbg_executor/ping
[0.718s] -- Up-to-date symlink: /home/leejeonghun/ros2_example_ws/install/examples_rclcpp_cbg_executor/lib/examples_rclcpp_cbg_executor/pong
[0.719s] -- Up-to-date symlink: /home/leejeonghun/ros2_example_ws/install/examples_rclcpp_cbg_executor/lib/examples_rclcpp_cbg_executor/ping_pong
[0.719s] -- Up-to-date symlink: /home/leejeonghun/ros2_example_ws/install/examples_rclcpp_cbg_executor/include/examples_rclcpp_cbg_executor/ping_node.hpp
[0.719s] -- Up-to-date symlink: /home/leejeonghun/ros2_example_ws/install/examples_rclcpp_cbg_executor/include/examples_rclcpp_cbg_executor/pong_node.hpp
[0.719s] -- Up-to-date symlink: /home/leejeonghun/ros2_example_ws/install/examples_rclcpp_cbg_executor/share/ament_index/resource_index/package_run_dependencies/examples_rclcpp_cbg_executor
[0.722s] -- Up-to-date symlink: /home/leejeonghun/ros2_example_ws/install/examples_rclcpp_cbg_executor/share/ament_index/resource_index/parent_prefix_path/examples_rclcpp_cbg_executor
[0.723s] -- Up-to-date symlink: /home/leejeonghun/ros2_example_ws/install/examples_rclcpp_cbg_executor/share/examples_rclcpp_cbg_executor/environment/ament_prefix_path.sh
[0.724s] -- Up-to-date symlink: /home/leejeonghun/ros2_example_ws/install/examples_rclcpp_cbg_executor/share/examples_rclcpp_cbg_executor/environment/ament_prefix_path.dsv
[0.726s] -- Up-to-date symlink: /home/leejeonghun/ros2_example_ws/install/examples_rclcpp_cbg_executor/share/examples_rclcpp_cbg_executor/environment/path.sh
[0.726s] -- Up-to-date symlink: /home/leejeonghun/ros2_example_ws/install/examples_rclcpp_cbg_executor/share/examples_rclcpp_cbg_executor/environment/path.dsv
[0.727s] -- Up-to-date symlink: /home/leejeonghun/ros2_example_ws/install/examples_rclcpp_cbg_executor/share/examples_rclcpp_cbg_executor/local_setup.bash
[0.727s] -- Up-to-date symlink: /home/leejeonghun/ros2_example_ws/install/examples_rclcpp_cbg_executor/share/examples_rclcpp_cbg_executor/local_setup.sh
[0.727s] -- Up-to-date symlink: /home/leejeonghun/ros2_example_ws/install/examples_rclcpp_cbg_executor/share/examples_rclcpp_cbg_executor/local_setup.zsh
[0.728s] -- Up-to-date symlink: /home/leejeonghun/ros2_example_ws/install/examples_rclcpp_cbg_executor/share/examples_rclcpp_cbg_executor/local_setup.dsv
[0.728s] -- Symlinking: /home/leejeonghun/ros2_example_ws/install/examples_rclcpp_cbg_executor/share/examples_rclcpp_cbg_executor/package.dsv
[0.729s] -- Up-to-date symlink: /home/leejeonghun/ros2_example_ws/install/examples_rclcpp_cbg_executor/share/ament_index/resource_index/packages/examples_rclcpp_cbg_executor
[0.732s] -- Up-to-date symlink: /home/leejeonghun/ros2_example_ws/install/examples_rclcpp_cbg_executor/share/examples_rclcpp_cbg_executor/cmake/ament_cmake_export_dependencies-extras.cmake
[0.743s] -- Up-to-date symlink: /home/leejeonghun/ros2_example_ws/install/examples_rclcpp_cbg_executor/share/examples_rclcpp_cbg_executor/cmake/examples_rclcpp_cbg_executorConfig.cmake
[0.743s] -- Up-to-date symlink: /home/leejeonghun/ros2_example_ws/install/examples_rclcpp_cbg_executor/share/examples_rclcpp_cbg_executor/cmake/examples_rclcpp_cbg_executorConfig-version.cmake
[0.744s] -- Up-to-date symlink: /home/leejeonghun/ros2_example_ws/install/examples_rclcpp_cbg_executor/share/examples_rclcpp_cbg_executor/package.xml
[0.782s] Invoked command in '/home/leejeonghun/ros2_example_ws/build/examples_rclcpp_cbg_executor' returned '0': CMAKE_PREFIX_PATH=/opt/ros/galactic /usr/bin/cmake --install /home/leejeonghun/ros2_example_ws/build/examples_rclcpp_cbg_executor
