[1.907s] Invoking command in '/home/leejeonghun/ros2_example_ws/build/examples_rclpy_guard_conditions': PYTHONPATH=/home/leejeonghun/ros2_example_ws/install/examples_rclpy_guard_conditions/lib/python3.8/site-packages:${PYTHONPATH} /usr/bin/python3 setup.py develop --prefix /home/leejeonghun/ros2_example_ws/install/examples_rclpy_guard_conditions --uninstall --editable --build-directory /home/leejeonghun/ros2_example_ws/build/examples_rclpy_guard_conditions/build
[2.163s] running develop
[2.262s] Removing /home/leejeonghun/ros2_example_ws/install/examples_rclpy_guard_conditions/lib/python3.8/site-packages/examples-rclpy-guard-conditions.egg-link (link to .)
[2.874s] Invoked command in '/home/leejeonghun/ros2_example_ws/build/examples_rclpy_guard_conditions' returned '0': PYTHONPATH=/home/leejeonghun/ros2_example_ws/install/examples_rclpy_guard_conditions/lib/python3.8/site-packages:${PYTHONPATH} /usr/bin/python3 setup.py develop --prefix /home/leejeonghun/ros2_example_ws/install/examples_rclpy_guard_conditions --uninstall --editable --build-directory /home/leejeonghun/ros2_example_ws/build/examples_rclpy_guard_conditions/build
[2.875s] Invoking command in '/home/leejeonghun/ros2_example_ws/src/examples/rclpy/guard_conditions': PYTHONPATH=/home/leejeonghun/ros2_example_ws/install/examples_rclpy_guard_conditions/lib/python3.8/site-packages:${PYTHONPATH} /usr/bin/python3 setup.py egg_info --egg-base ../../../../build/examples_rclpy_guard_conditions build --build-base /home/leejeonghun/ros2_example_ws/build/examples_rclpy_guard_conditions/build install --prefix /home/leejeonghun/ros2_example_ws/install/examples_rclpy_guard_conditions --record /home/leejeonghun/ros2_example_ws/build/examples_rclpy_guard_conditions/install.log --single-version-externally-managed
[3.353s] running egg_info
[3.353s] writing ../../../../build/examples_rclpy_guard_conditions/examples_rclpy_guard_conditions.egg-info/PKG-INFO
[3.354s] writing dependency_links to ../../../../build/examples_rclpy_guard_conditions/examples_rclpy_guard_conditions.egg-info/dependency_links.txt
[3.354s] writing entry points to ../../../../build/examples_rclpy_guard_conditions/examples_rclpy_guard_conditions.egg-info/entry_points.txt
[3.354s] writing requirements to ../../../../build/examples_rclpy_guard_conditions/examples_rclpy_guard_conditions.egg-info/requires.txt
[3.354s] writing top-level names to ../../../../build/examples_rclpy_guard_conditions/examples_rclpy_guard_conditions.egg-info/top_level.txt
[3.354s] reading manifest file '../../../../build/examples_rclpy_guard_conditions/examples_rclpy_guard_conditions.egg-info/SOURCES.txt'
[3.354s] writing manifest file '../../../../build/examples_rclpy_guard_conditions/examples_rclpy_guard_conditions.egg-info/SOURCES.txt'
[3.354s] running build
[3.354s] running build_py
[3.354s] creating /home/leejeonghun/ros2_example_ws/build/examples_rclpy_guard_conditions/build
[3.355s] creating /home/leejeonghun/ros2_example_ws/build/examples_rclpy_guard_conditions/build/lib
[3.355s] creating /home/leejeonghun/ros2_example_ws/build/examples_rclpy_guard_conditions/build/lib/examples_rclpy_guard_conditions
[3.355s] copying examples_rclpy_guard_conditions/trigger_guard_condition.py -> /home/leejeonghun/ros2_example_ws/build/examples_rclpy_guard_conditions/build/lib/examples_rclpy_guard_conditions
[3.355s] copying examples_rclpy_guard_conditions/__init__.py -> /home/leejeonghun/ros2_example_ws/build/examples_rclpy_guard_conditions/build/lib/examples_rclpy_guard_conditions
[3.356s] running install
[3.356s] running install_lib
[3.357s] creating /home/leejeonghun/ros2_example_ws/install/examples_rclpy_guard_conditions/lib/python3.8/site-packages/examples_rclpy_guard_conditions
[3.357s] copying /home/leejeonghun/ros2_example_ws/build/examples_rclpy_guard_conditions/build/lib/examples_rclpy_guard_conditions/trigger_guard_condition.py -> /home/leejeonghun/ros2_example_ws/install/examples_rclpy_guard_conditions/lib/python3.8/site-packages/examples_rclpy_guard_conditions
[3.357s] copying /home/leejeonghun/ros2_example_ws/build/examples_rclpy_guard_conditions/build/lib/examples_rclpy_guard_conditions/__init__.py -> /home/leejeonghun/ros2_example_ws/install/examples_rclpy_guard_conditions/lib/python3.8/site-packages/examples_rclpy_guard_conditions
[3.357s] byte-compiling /home/leejeonghun/ros2_example_ws/install/examples_rclpy_guard_conditions/lib/python3.8/site-packages/examples_rclpy_guard_conditions/trigger_guard_condition.py to trigger_guard_condition.cpython-38.pyc
[3.357s] byte-compiling /home/leejeonghun/ros2_example_ws/install/examples_rclpy_guard_conditions/lib/python3.8/site-packages/examples_rclpy_guard_conditions/__init__.py to __init__.cpython-38.pyc
[3.357s] running install_data
[3.358s] running install_egg_info
[3.360s] Copying ../../../../build/examples_rclpy_guard_conditions/examples_rclpy_guard_conditions.egg-info to /home/leejeonghun/ros2_example_ws/install/examples_rclpy_guard_conditions/lib/python3.8/site-packages/examples_rclpy_guard_conditions-0.11.2-py3.8.egg-info
[3.360s] running install_scripts
[3.361s] Installing trigger_guard_condition script to /home/leejeonghun/ros2_example_ws/install/examples_rclpy_guard_conditions/lib/examples_rclpy_guard_conditions
[3.361s] writing list of installed files to '/home/leejeonghun/ros2_example_ws/build/examples_rclpy_guard_conditions/install.log'
[3.370s] Invoked command in '/home/leejeonghun/ros2_example_ws/src/examples/rclpy/guard_conditions' returned '0': PYTHONPATH=/home/leejeonghun/ros2_example_ws/install/examples_rclpy_guard_conditions/lib/python3.8/site-packages:${PYTHONPATH} /usr/bin/python3 setup.py egg_info --egg-base ../../../../build/examples_rclpy_guard_conditions build --build-base /home/leejeonghun/ros2_example_ws/build/examples_rclpy_guard_conditions/build install --prefix /home/leejeonghun/ros2_example_ws/install/examples_rclpy_guard_conditions --record /home/leejeonghun/ros2_example_ws/build/examples_rclpy_guard_conditions/install.log --single-version-externally-managed
