[2.618s] Invoking command in '/home/leejeonghun/ros2_example_ws/src/my_package': PYTHONPATH=/home/leejeonghun/ros2_example_ws/install/my_package/lib/python3.8/site-packages:${PYTHONPATH} /usr/bin/python3 setup.py egg_info --egg-base ../../build/my_package build --build-base /home/leejeonghun/ros2_example_ws/build/my_package/build install --prefix /home/leejeonghun/ros2_example_ws/install/my_package --record /home/leejeonghun/ros2_example_ws/build/my_package/install.log --single-version-externally-managed
[2.987s] running egg_info
[2.988s] creating ../../build/my_package/my_package.egg-info
[2.988s] writing ../../build/my_package/my_package.egg-info/PKG-INFO
[2.988s] writing dependency_links to ../../build/my_package/my_package.egg-info/dependency_links.txt
[2.988s] writing entry points to ../../build/my_package/my_package.egg-info/entry_points.txt
[2.988s] writing requirements to ../../build/my_package/my_package.egg-info/requires.txt
[2.989s] writing top-level names to ../../build/my_package/my_package.egg-info/top_level.txt
[2.990s] writing manifest file '../../build/my_package/my_package.egg-info/SOURCES.txt'
[3.044s] reading manifest file '../../build/my_package/my_package.egg-info/SOURCES.txt'
[3.045s] writing manifest file '../../build/my_package/my_package.egg-info/SOURCES.txt'
[3.045s] running build
[3.045s] running build_py
[3.045s] creating /home/leejeonghun/ros2_example_ws/build/my_package/build
[3.046s] creating /home/leejeonghun/ros2_example_ws/build/my_package/build/lib
[3.046s] creating /home/leejeonghun/ros2_example_ws/build/my_package/build/lib/my_package
[3.046s] copying my_package/__init__.py -> /home/leejeonghun/ros2_example_ws/build/my_package/build/lib/my_package
[3.046s] running install
[3.047s] running install_lib
[3.048s] creating /home/leejeonghun/ros2_example_ws/install/my_package/lib/python3.8/site-packages/my_package
[3.049s] copying /home/leejeonghun/ros2_example_ws/build/my_package/build/lib/my_package/__init__.py -> /home/leejeonghun/ros2_example_ws/install/my_package/lib/python3.8/site-packages/my_package
[3.049s] byte-compiling /home/leejeonghun/ros2_example_ws/install/my_package/lib/python3.8/site-packages/my_package/__init__.py to __init__.cpython-38.pyc
[3.051s] running install_data
[3.068s] creating /home/leejeonghun/ros2_example_ws/install/my_package/share/ament_index
[3.072s] creating /home/leejeonghun/ros2_example_ws/install/my_package/share/ament_index/resource_index
[3.072s] creating /home/leejeonghun/ros2_example_ws/install/my_package/share/ament_index/resource_index/packages
[3.072s] copying resource/my_package -> /home/leejeonghun/ros2_example_ws/install/my_package/share/ament_index/resource_index/packages
[3.072s] copying package.xml -> /home/leejeonghun/ros2_example_ws/install/my_package/share/my_package
[3.073s] running install_egg_info
[3.078s] Copying ../../build/my_package/my_package.egg-info to /home/leejeonghun/ros2_example_ws/install/my_package/lib/python3.8/site-packages/my_package-0.0.0-py3.8.egg-info
[3.079s] running install_scripts
[3.089s] writing list of installed files to '/home/leejeonghun/ros2_example_ws/build/my_package/install.log'
[3.152s] Invoked command in '/home/leejeonghun/ros2_example_ws/src/my_package' returned '0': PYTHONPATH=/home/leejeonghun/ros2_example_ws/install/my_package/lib/python3.8/site-packages:${PYTHONPATH} /usr/bin/python3 setup.py egg_info --egg-base ../../build/my_package build --build-base /home/leejeonghun/ros2_example_ws/build/my_package/build install --prefix /home/leejeonghun/ros2_example_ws/install/my_package --record /home/leejeonghun/ros2_example_ws/build/my_package/install.log --single-version-externally-managed
