[0.078s] Invoking command in '/home/leejeonghun/ros2_example_ws/build/examples_rclcpp_minimal_action_server': CMAKE_PREFIX_PATH=/opt/ros/galactic /usr/bin/cmake /home/leejeonghun/ros2_example_ws/src/examples/rclcpp/actions/minimal_action_server -DCMAKE_INSTALL_PREFIX=/home/leejeonghun/ros2_example_ws/install/examples_rclcpp_minimal_action_server
[1.032s] -- Found ament_cmake: 1.1.5 (/opt/ros/galactic/share/ament_cmake/cmake)
[1.032s] -- Using PYTHON_EXECUTABLE: /usr/bin/python3
[1.033s] -- Override CMake install command with custom implementation using symlinks instead of copying resources
[1.033s] -- Found example_interfaces: 0.9.2 (/opt/ros/galactic/share/example_interfaces/cmake)
[1.033s] -- Using all available rosidl_typesupport_c: rosidl_typesupport_fastrtps_c;rosidl_typesupport_introspection_c
[1.033s] -- Found rosidl_adapter: 2.2.2 (/opt/ros/galactic/share/rosidl_adapter/cmake)
[1.033s] -- Using all available rosidl_typesupport_cpp: rosidl_typesupport_fastrtps_cpp;rosidl_typesupport_introspection_cpp
[1.033s] -- Found rclcpp: 9.2.1 (/opt/ros/galactic/share/rclcpp/cmake)
[1.033s] -- Found rmw_implementation_cmake: 3.3.1 (/opt/ros/galactic/share/rmw_implementation_cmake/cmake)
[1.034s] -- Found rmw_cyclonedds_cpp: 0.22.5 (/opt/ros/galactic/share/rmw_cyclonedds_cpp/cmake)
[1.034s] -- Using RMW implementation 'rmw_cyclonedds_cpp' as default
[1.122s] -- Found rclcpp_action: 9.2.1 (/opt/ros/galactic/share/rclcpp_action/cmake)
[1.186s] -- Found ament_lint_auto: 0.10.7 (/opt/ros/galactic/share/ament_lint_auto/cmake)
[1.346s] -- Added test 'copyright' to check source files copyright and LICENSE
[1.347s] -- Added test 'cppcheck' to perform static code analysis on C / C++ code
[1.348s] -- Configured cppcheck include dirs: 
[1.348s] -- Configured cppcheck exclude dirs and/or files: 
[1.348s] -- Added test 'cpplint' to check C / C++ code against the Google style
[1.348s] -- Configured cpplint exclude dirs and/or files: 
[1.348s] -- Added test 'lint_cmake' to check CMake code style
[1.348s] -- Added test 'uncrustify' to check C / C++ code style
[1.348s] -- Configured uncrustify additional arguments: 
[1.350s] -- Added test 'xmllint' to check XML markup files
[1.356s] -- Configuring done
[1.374s] -- Generating done
[1.377s] -- Build files have been written to: /home/leejeonghun/ros2_example_ws/build/examples_rclcpp_minimal_action_server
[1.419s] Invoked command in '/home/leejeonghun/ros2_example_ws/build/examples_rclcpp_minimal_action_server' returned '0': CMAKE_PREFIX_PATH=/opt/ros/galactic /usr/bin/cmake /home/leejeonghun/ros2_example_ws/src/examples/rclcpp/actions/minimal_action_server -DCMAKE_INSTALL_PREFIX=/home/leejeonghun/ros2_example_ws/install/examples_rclcpp_minimal_action_server
[1.421s] Invoking command in '/home/leejeonghun/ros2_example_ws/build/examples_rclcpp_minimal_action_server': CMAKE_PREFIX_PATH=/opt/ros/galactic /usr/bin/cmake --build /home/leejeonghun/ros2_example_ws/build/examples_rclcpp_minimal_action_server -- -j12 -l12
[1.499s] [ 50%] Built target action_server_not_composable
[1.500s] [100%] Built target action_server_member_functions
[1.591s] Invoked command in '/home/leejeonghun/ros2_example_ws/build/examples_rclcpp_minimal_action_server' returned '0': CMAKE_PREFIX_PATH=/opt/ros/galactic /usr/bin/cmake --build /home/leejeonghun/ros2_example_ws/build/examples_rclcpp_minimal_action_server -- -j12 -l12
[1.723s] Invoking command in '/home/leejeonghun/ros2_example_ws/build/examples_rclcpp_minimal_action_server': CMAKE_PREFIX_PATH=/opt/ros/galactic /usr/bin/cmake --install /home/leejeonghun/ros2_example_ws/build/examples_rclcpp_minimal_action_server
[1.977s] -- Install configuration: ""
[1.977s] -- Execute custom install script
[1.977s] -- Up-to-date symlink: /home/leejeonghun/ros2_example_ws/install/examples_rclcpp_minimal_action_server/lib/examples_rclcpp_minimal_action_server/action_server_not_composable
[1.977s] -- Up-to-date symlink: /home/leejeonghun/ros2_example_ws/install/examples_rclcpp_minimal_action_server/lib/examples_rclcpp_minimal_action_server/action_server_member_functions
[1.977s] -- Up-to-date symlink: /home/leejeonghun/ros2_example_ws/install/examples_rclcpp_minimal_action_server/share/ament_index/resource_index/package_run_dependencies/examples_rclcpp_minimal_action_server
[1.978s] -- Up-to-date symlink: /home/leejeonghun/ros2_example_ws/install/examples_rclcpp_minimal_action_server/share/ament_index/resource_index/parent_prefix_path/examples_rclcpp_minimal_action_server
[1.978s] -- Up-to-date symlink: /home/leejeonghun/ros2_example_ws/install/examples_rclcpp_minimal_action_server/share/examples_rclcpp_minimal_action_server/environment/ament_prefix_path.sh
[1.978s] -- Up-to-date symlink: /home/leejeonghun/ros2_example_ws/install/examples_rclcpp_minimal_action_server/share/examples_rclcpp_minimal_action_server/environment/ament_prefix_path.dsv
[1.978s] -- Up-to-date symlink: /home/leejeonghun/ros2_example_ws/install/examples_rclcpp_minimal_action_server/share/examples_rclcpp_minimal_action_server/environment/path.sh
[1.978s] -- Up-to-date symlink: /home/leejeonghun/ros2_example_ws/install/examples_rclcpp_minimal_action_server/share/examples_rclcpp_minimal_action_server/environment/path.dsv
[1.978s] -- Up-to-date symlink: /home/leejeonghun/ros2_example_ws/install/examples_rclcpp_minimal_action_server/share/examples_rclcpp_minimal_action_server/local_setup.bash
[1.978s] -- Up-to-date symlink: /home/leejeonghun/ros2_example_ws/install/examples_rclcpp_minimal_action_server/share/examples_rclcpp_minimal_action_server/local_setup.sh
[1.978s] -- Up-to-date symlink: /home/leejeonghun/ros2_example_ws/install/examples_rclcpp_minimal_action_server/share/examples_rclcpp_minimal_action_server/local_setup.zsh
[1.978s] -- Up-to-date symlink: /home/leejeonghun/ros2_example_ws/install/examples_rclcpp_minimal_action_server/share/examples_rclcpp_minimal_action_server/local_setup.dsv
[1.979s] -- Symlinking: /home/leejeonghun/ros2_example_ws/install/examples_rclcpp_minimal_action_server/share/examples_rclcpp_minimal_action_server/package.dsv
[1.979s] -- Up-to-date symlink: /home/leejeonghun/ros2_example_ws/install/examples_rclcpp_minimal_action_server/share/ament_index/resource_index/packages/examples_rclcpp_minimal_action_server
[1.979s] -- Up-to-date symlink: /home/leejeonghun/ros2_example_ws/install/examples_rclcpp_minimal_action_server/share/examples_rclcpp_minimal_action_server/cmake/examples_rclcpp_minimal_action_serverConfig.cmake
[1.979s] -- Up-to-date symlink: /home/leejeonghun/ros2_example_ws/install/examples_rclcpp_minimal_action_server/share/examples_rclcpp_minimal_action_server/cmake/examples_rclcpp_minimal_action_serverConfig-version.cmake
[1.979s] -- Up-to-date symlink: /home/leejeonghun/ros2_example_ws/install/examples_rclcpp_minimal_action_server/share/examples_rclcpp_minimal_action_server/package.xml
[2.472s] Invoked command in '/home/leejeonghun/ros2_example_ws/build/examples_rclcpp_minimal_action_server' returned '0': CMAKE_PREFIX_PATH=/opt/ros/galactic /usr/bin/cmake --install /home/leejeonghun/ros2_example_ws/build/examples_rclcpp_minimal_action_server
