[0.107s] Invoking command in '/home/leejeonghun/ros2_example_ws/build/examples_rclcpp_cbg_executor': CMAKE_PREFIX_PATH=/opt/ros/galactic /usr/bin/cmake /home/leejeonghun/ros2_example_ws/src/examples/rclcpp/executors/cbg_executor -DAMENT_CMAKE_SYMLINK_INSTALL=1 -DCMAKE_INSTALL_PREFIX=/home/leejeonghun/ros2_example_ws/install/examples_rclcpp_cbg_executor
[1.127s] -- The C compiler identification is GNU 9.4.0
[1.127s] -- The CXX compiler identification is GNU 9.4.0
[1.127s] -- Check for working C compiler: /usr/bin/cc
[1.127s] -- Check for working C compiler: /usr/bin/cc -- works
[1.127s] -- Detecting C compiler ABI info
[1.127s] -- Detecting C compiler ABI info - done
[1.128s] -- Detecting C compile features
[1.128s] -- Detecting C compile features - done
[1.128s] -- Check for working CXX compiler: /usr/bin/c++
[1.128s] -- Check for working CXX compiler: /usr/bin/c++ -- works
[1.128s] -- Detecting CXX compiler ABI info
[1.128s] -- Detecting CXX compiler ABI info - done
[1.128s] -- Detecting CXX compile features
[1.128s] -- Detecting CXX compile features - done
[1.129s] -- Found ament_cmake: 1.1.5 (/opt/ros/galactic/share/ament_cmake/cmake)
[1.129s] -- Found PythonInterp: /usr/bin/python3 (found suitable version "3.8.10", minimum required is "3") 
[1.129s] -- Using PYTHON_EXECUTABLE: /usr/bin/python3
[1.129s] -- Override CMake install command with custom implementation using symlinks instead of copying resources
[1.147s] -- Found rclcpp: 9.2.1 (/opt/ros/galactic/share/rclcpp/cmake)
[1.207s] -- Using all available rosidl_typesupport_c: rosidl_typesupport_fastrtps_c;rosidl_typesupport_introspection_c
[1.221s] -- Found rosidl_adapter: 2.2.2 (/opt/ros/galactic/share/rosidl_adapter/cmake)
[1.372s] -- Found OpenSSL: /usr/lib/x86_64-linux-gnu/libcrypto.so (found version "1.1.1f")  
[1.431s] -- Found FastRTPS: /opt/ros/galactic/include  
[1.569s] -- Using all available rosidl_typesupport_cpp: rosidl_typesupport_fastrtps_cpp;rosidl_typesupport_introspection_cpp
[1.677s] -- Found rmw_implementation_cmake: 3.3.1 (/opt/ros/galactic/share/rmw_implementation_cmake/cmake)
[1.682s] -- Found rmw_cyclonedds_cpp: 0.22.5 (/opt/ros/galactic/share/rmw_cyclonedds_cpp/cmake)
[1.720s] -- Using RMW implementation 'rmw_cyclonedds_cpp' as default
[1.721s] -- Looking for pthread.h
[2.027s] -- Looking for pthread.h - found
[2.030s] -- Performing Test CMAKE_HAVE_LIBC_PTHREAD
[2.254s] -- Performing Test CMAKE_HAVE_LIBC_PTHREAD - Failed
[2.254s] -- Looking for pthread_create in pthreads
[2.408s] -- Looking for pthread_create in pthreads - not found
[2.408s] -- Looking for pthread_create in pthread
[2.655s] -- Looking for pthread_create in pthread - found
[2.655s] -- Found Threads: TRUE  
[2.998s] -- Found ament_lint_auto: 0.10.7 (/opt/ros/galactic/share/ament_lint_auto/cmake)
[3.228s] -- Added test 'copyright' to check source files copyright and LICENSE
[3.231s] -- Added test 'cppcheck' to perform static code analysis on C / C++ code
[3.231s] -- Configured cppcheck include dirs: /home/leejeonghun/ros2_example_ws/src/examples/rclcpp/executors/cbg_executor/include
[3.231s] -- Configured cppcheck exclude dirs and/or files: 
[3.233s] -- Added test 'cpplint' to check C / C++ code against the Google style
[3.234s] -- Configured cpplint exclude dirs and/or files: 
[3.235s] -- Added test 'lint_cmake' to check CMake code style
[3.237s] -- Added test 'uncrustify' to check C / C++ code style
[3.237s] -- Configured uncrustify additional arguments: 
[3.238s] -- Added test 'xmllint' to check XML markup files
[3.254s] -- Configuring done
[3.271s] -- Generating done
[3.274s] -- Build files have been written to: /home/leejeonghun/ros2_example_ws/build/examples_rclcpp_cbg_executor
[3.438s] Invoked command in '/home/leejeonghun/ros2_example_ws/build/examples_rclcpp_cbg_executor' returned '0': CMAKE_PREFIX_PATH=/opt/ros/galactic /usr/bin/cmake /home/leejeonghun/ros2_example_ws/src/examples/rclcpp/executors/cbg_executor -DAMENT_CMAKE_SYMLINK_INSTALL=1 -DCMAKE_INSTALL_PREFIX=/home/leejeonghun/ros2_example_ws/install/examples_rclcpp_cbg_executor
[3.443s] Invoking command in '/home/leejeonghun/ros2_example_ws/build/examples_rclcpp_cbg_executor': CMAKE_PREFIX_PATH=/opt/ros/galactic /usr/bin/cmake --build /home/leejeonghun/ros2_example_ws/build/examples_rclcpp_cbg_executor -- -j12 -l12
[3.606s] [35m[1mScanning dependencies of target ping_pong[0m
[3.626s] [35m[1mScanning dependencies of target ping[0m
[3.635s] [35m[1mScanning dependencies of target pong[0m
[3.733s] [ 10%] [32mBuilding CXX object CMakeFiles/ping.dir/src/ping.cpp.o[0m
[3.738s] [ 20%] [32mBuilding CXX object CMakeFiles/ping.dir/src/examples_rclcpp_cbg_executor/ping_node.cpp.o[0m
[3.831s] [ 30%] [32mBuilding CXX object CMakeFiles/ping_pong.dir/src/ping_pong.cpp.o[0m
[3.833s] [ 40%] [32mBuilding CXX object CMakeFiles/ping_pong.dir/src/examples_rclcpp_cbg_executor/ping_node.cpp.o[0m
[3.860s] [ 50%] [32mBuilding CXX object CMakeFiles/pong.dir/src/pong.cpp.o[0m
[3.865s] [ 60%] [32mBuilding CXX object CMakeFiles/pong.dir/src/examples_rclcpp_cbg_executor/pong_node.cpp.o[0m
[3.907s] [ 70%] [32mBuilding CXX object CMakeFiles/ping_pong.dir/src/examples_rclcpp_cbg_executor/pong_node.cpp.o[0m
[32.418s] [ 80%] [32m[1mLinking CXX executable ping_pong[0m
[32.592s] [ 90%] [32m[1mLinking CXX executable pong[0m
[32.909s] [100%] [32m[1mLinking CXX executable ping[0m
[33.098s] [100%] Built target pong
[33.137s] [100%] Built target ping_pong
[33.345s] [100%] Built target ping
[33.359s] Invoked command in '/home/leejeonghun/ros2_example_ws/build/examples_rclcpp_cbg_executor' returned '0': CMAKE_PREFIX_PATH=/opt/ros/galactic /usr/bin/cmake --build /home/leejeonghun/ros2_example_ws/build/examples_rclcpp_cbg_executor -- -j12 -l12
[33.398s] Invoking command in '/home/leejeonghun/ros2_example_ws/build/examples_rclcpp_cbg_executor': CMAKE_PREFIX_PATH=/opt/ros/galactic /usr/bin/cmake --install /home/leejeonghun/ros2_example_ws/build/examples_rclcpp_cbg_executor
[33.408s] -- Install configuration: ""
[33.409s] -- Execute custom install script
[33.409s] -- Symlinking: /home/leejeonghun/ros2_example_ws/install/examples_rclcpp_cbg_executor/lib/examples_rclcpp_cbg_executor/ping
[33.420s] -- Symlinking: /home/leejeonghun/ros2_example_ws/install/examples_rclcpp_cbg_executor/lib/examples_rclcpp_cbg_executor/pong
[33.429s] -- Symlinking: /home/leejeonghun/ros2_example_ws/install/examples_rclcpp_cbg_executor/lib/examples_rclcpp_cbg_executor/ping_pong
[33.441s] -- Symlinking: /home/leejeonghun/ros2_example_ws/install/examples_rclcpp_cbg_executor/include/examples_rclcpp_cbg_executor/ping_node.hpp
[33.451s] -- Symlinking: /home/leejeonghun/ros2_example_ws/install/examples_rclcpp_cbg_executor/include/examples_rclcpp_cbg_executor/pong_node.hpp
[33.465s] -- Symlinking: /home/leejeonghun/ros2_example_ws/install/examples_rclcpp_cbg_executor/share/ament_index/resource_index/package_run_dependencies/examples_rclcpp_cbg_executor
[33.474s] -- Symlinking: /home/leejeonghun/ros2_example_ws/install/examples_rclcpp_cbg_executor/share/ament_index/resource_index/parent_prefix_path/examples_rclcpp_cbg_executor
[33.483s] -- Symlinking: /home/leejeonghun/ros2_example_ws/install/examples_rclcpp_cbg_executor/share/examples_rclcpp_cbg_executor/environment/ament_prefix_path.sh
[33.493s] -- Symlinking: /home/leejeonghun/ros2_example_ws/install/examples_rclcpp_cbg_executor/share/examples_rclcpp_cbg_executor/environment/ament_prefix_path.dsv
[33.502s] -- Symlinking: /home/leejeonghun/ros2_example_ws/install/examples_rclcpp_cbg_executor/share/examples_rclcpp_cbg_executor/environment/path.sh
[33.512s] -- Symlinking: /home/leejeonghun/ros2_example_ws/install/examples_rclcpp_cbg_executor/share/examples_rclcpp_cbg_executor/environment/path.dsv
[33.523s] -- Symlinking: /home/leejeonghun/ros2_example_ws/install/examples_rclcpp_cbg_executor/share/examples_rclcpp_cbg_executor/local_setup.bash
[33.533s] -- Symlinking: /home/leejeonghun/ros2_example_ws/install/examples_rclcpp_cbg_executor/share/examples_rclcpp_cbg_executor/local_setup.sh
[33.543s] -- Symlinking: /home/leejeonghun/ros2_example_ws/install/examples_rclcpp_cbg_executor/share/examples_rclcpp_cbg_executor/local_setup.zsh
[33.552s] -- Symlinking: /home/leejeonghun/ros2_example_ws/install/examples_rclcpp_cbg_executor/share/examples_rclcpp_cbg_executor/local_setup.dsv
[33.562s] -- Symlinking: /home/leejeonghun/ros2_example_ws/install/examples_rclcpp_cbg_executor/share/examples_rclcpp_cbg_executor/package.dsv
[33.571s] -- Symlinking: /home/leejeonghun/ros2_example_ws/install/examples_rclcpp_cbg_executor/share/ament_index/resource_index/packages/examples_rclcpp_cbg_executor
[33.582s] -- Symlinking: /home/leejeonghun/ros2_example_ws/install/examples_rclcpp_cbg_executor/share/examples_rclcpp_cbg_executor/cmake/ament_cmake_export_dependencies-extras.cmake
[33.593s] -- Symlinking: /home/leejeonghun/ros2_example_ws/install/examples_rclcpp_cbg_executor/share/examples_rclcpp_cbg_executor/cmake/examples_rclcpp_cbg_executorConfig.cmake
[33.602s] -- Symlinking: /home/leejeonghun/ros2_example_ws/install/examples_rclcpp_cbg_executor/share/examples_rclcpp_cbg_executor/cmake/examples_rclcpp_cbg_executorConfig-version.cmake
[33.612s] -- Symlinking: /home/leejeonghun/ros2_example_ws/install/examples_rclcpp_cbg_executor/share/examples_rclcpp_cbg_executor/package.xml
[33.623s] Invoked command in '/home/leejeonghun/ros2_example_ws/build/examples_rclcpp_cbg_executor' returned '0': CMAKE_PREFIX_PATH=/opt/ros/galactic /usr/bin/cmake --install /home/leejeonghun/ros2_example_ws/build/examples_rclcpp_cbg_executor
