[0.078s] Invoking command in '/home/leejeonghun/ros2_example_ws/build/examples_rclcpp_minimal_client': CMAKE_PREFIX_PATH=/opt/ros/galactic /usr/bin/cmake --build /home/leejeonghun/ros2_example_ws/build/examples_rclcpp_minimal_client -- -j12 -l12
[0.607s] [100%] Built target client_main
[0.623s] Invoked command in '/home/leejeonghun/ros2_example_ws/build/examples_rclcpp_minimal_client' returned '0': CMAKE_PREFIX_PATH=/opt/ros/galactic /usr/bin/cmake --build /home/leejeonghun/ros2_example_ws/build/examples_rclcpp_minimal_client -- -j12 -l12
[0.677s] Invoking command in '/home/leejeonghun/ros2_example_ws/build/examples_rclcpp_minimal_client': CMAKE_PREFIX_PATH=/opt/ros/galactic /usr/bin/cmake --install /home/leejeonghun/ros2_example_ws/build/examples_rclcpp_minimal_client
[0.730s] -- Install configuration: ""
[0.730s] -- Execute custom install script
[0.730s] -- Up-to-date symlink: /home/leejeonghun/ros2_example_ws/install/examples_rclcpp_minimal_client/lib/examples_rclcpp_minimal_client/client_main
[0.730s] -- Up-to-date symlink: /home/leejeonghun/ros2_example_ws/install/examples_rclcpp_minimal_client/share/ament_index/resource_index/package_run_dependencies/examples_rclcpp_minimal_client
[0.730s] -- Up-to-date symlink: /home/leejeonghun/ros2_example_ws/install/examples_rclcpp_minimal_client/share/ament_index/resource_index/parent_prefix_path/examples_rclcpp_minimal_client
[0.730s] -- Up-to-date symlink: /home/leejeonghun/ros2_example_ws/install/examples_rclcpp_minimal_client/share/examples_rclcpp_minimal_client/environment/ament_prefix_path.sh
[0.731s] -- Up-to-date symlink: /home/leejeonghun/ros2_example_ws/install/examples_rclcpp_minimal_client/share/examples_rclcpp_minimal_client/environment/ament_prefix_path.dsv
[0.731s] -- Up-to-date symlink: /home/leejeonghun/ros2_example_ws/install/examples_rclcpp_minimal_client/share/examples_rclcpp_minimal_client/environment/path.sh
[0.733s] -- Up-to-date symlink: /home/leejeonghun/ros2_example_ws/install/examples_rclcpp_minimal_client/share/examples_rclcpp_minimal_client/environment/path.dsv
[0.733s] -- Up-to-date symlink: /home/leejeonghun/ros2_example_ws/install/examples_rclcpp_minimal_client/share/examples_rclcpp_minimal_client/local_setup.bash
[0.734s] -- Up-to-date symlink: /home/leejeonghun/ros2_example_ws/install/examples_rclcpp_minimal_client/share/examples_rclcpp_minimal_client/local_setup.sh
[0.734s] -- Up-to-date symlink: /home/leejeonghun/ros2_example_ws/install/examples_rclcpp_minimal_client/share/examples_rclcpp_minimal_client/local_setup.zsh
[0.734s] -- Up-to-date symlink: /home/leejeonghun/ros2_example_ws/install/examples_rclcpp_minimal_client/share/examples_rclcpp_minimal_client/local_setup.dsv
[0.735s] -- Symlinking: /home/leejeonghun/ros2_example_ws/install/examples_rclcpp_minimal_client/share/examples_rclcpp_minimal_client/package.dsv
[0.752s] -- Up-to-date symlink: /home/leejeonghun/ros2_example_ws/install/examples_rclcpp_minimal_client/share/ament_index/resource_index/packages/examples_rclcpp_minimal_client
[0.753s] -- Up-to-date symlink: /home/leejeonghun/ros2_example_ws/install/examples_rclcpp_minimal_client/share/examples_rclcpp_minimal_client/cmake/examples_rclcpp_minimal_clientConfig.cmake
[0.753s] -- Up-to-date symlink: /home/leejeonghun/ros2_example_ws/install/examples_rclcpp_minimal_client/share/examples_rclcpp_minimal_client/cmake/examples_rclcpp_minimal_clientConfig-version.cmake
[0.753s] -- Up-to-date symlink: /home/leejeonghun/ros2_example_ws/install/examples_rclcpp_minimal_client/share/examples_rclcpp_minimal_client/package.xml
[0.786s] Invoked command in '/home/leejeonghun/ros2_example_ws/build/examples_rclcpp_minimal_client' returned '0': CMAKE_PREFIX_PATH=/opt/ros/galactic /usr/bin/cmake --install /home/leejeonghun/ros2_example_ws/build/examples_rclcpp_minimal_client
