[1.964s] Invoking command in '/home/leejeonghun/ros2_example_ws/build/examples_rclpy_guard_conditions': PYTHONPATH=/home/leejeonghun/ros2_example_ws/install/examples_rclpy_guard_conditions/lib/python3.8/site-packages:${PYTHONPATH} /usr/bin/python3 setup.py develop --prefix /home/leejeonghun/ros2_example_ws/install/examples_rclpy_guard_conditions --editable --build-directory /home/leejeonghun/ros2_example_ws/build/examples_rclpy_guard_conditions/build --no-deps install_data --install-dir /home/leejeonghun/ros2_example_ws/install/examples_rclpy_guard_conditions
[3.147s] running develop
[3.147s] running egg_info
[3.148s] creating examples_rclpy_guard_conditions.egg-info
[3.148s] writing examples_rclpy_guard_conditions.egg-info/PKG-INFO
[3.148s] writing dependency_links to examples_rclpy_guard_conditions.egg-info/dependency_links.txt
[3.148s] writing entry points to examples_rclpy_guard_conditions.egg-info/entry_points.txt
[3.148s] writing requirements to examples_rclpy_guard_conditions.egg-info/requires.txt
[3.148s] writing top-level names to examples_rclpy_guard_conditions.egg-info/top_level.txt
[3.148s] writing manifest file 'examples_rclpy_guard_conditions.egg-info/SOURCES.txt'
[3.148s] reading manifest file 'examples_rclpy_guard_conditions.egg-info/SOURCES.txt'
[3.149s] writing manifest file 'examples_rclpy_guard_conditions.egg-info/SOURCES.txt'
[3.149s] running build_ext
[3.149s] Creating /home/leejeonghun/ros2_example_ws/install/examples_rclpy_guard_conditions/lib/python3.8/site-packages/site.py
[3.149s] Creating /home/leejeonghun/ros2_example_ws/install/examples_rclpy_guard_conditions/lib/python3.8/site-packages/examples-rclpy-guard-conditions.egg-link (link to .)
[3.149s] Installing trigger_guard_condition script to /home/leejeonghun/ros2_example_ws/install/examples_rclpy_guard_conditions/lib/examples_rclpy_guard_conditions
[3.149s] 
[3.149s] Installed /home/leejeonghun/ros2_example_ws/build/examples_rclpy_guard_conditions
[3.149s] running install_data
[3.150s] creating /home/leejeonghun/ros2_example_ws/install/examples_rclpy_guard_conditions/share/ament_index
[3.150s] creating /home/leejeonghun/ros2_example_ws/install/examples_rclpy_guard_conditions/share/ament_index/resource_index
[3.150s] creating /home/leejeonghun/ros2_example_ws/install/examples_rclpy_guard_conditions/share/ament_index/resource_index/packages
[3.150s] copying resource/examples_rclpy_guard_conditions -> /home/leejeonghun/ros2_example_ws/install/examples_rclpy_guard_conditions/share/ament_index/resource_index/packages
[3.150s] copying package.xml -> /home/leejeonghun/ros2_example_ws/install/examples_rclpy_guard_conditions/share/examples_rclpy_guard_conditions
[3.202s] Invoked command in '/home/leejeonghun/ros2_example_ws/build/examples_rclpy_guard_conditions' returned '0': PYTHONPATH=/home/leejeonghun/ros2_example_ws/install/examples_rclpy_guard_conditions/lib/python3.8/site-packages:${PYTHONPATH} /usr/bin/python3 setup.py develop --prefix /home/leejeonghun/ros2_example_ws/install/examples_rclpy_guard_conditions --editable --build-directory /home/leejeonghun/ros2_example_ws/build/examples_rclpy_guard_conditions/build --no-deps install_data --install-dir /home/leejeonghun/ros2_example_ws/install/examples_rclpy_guard_conditions
