[0.570s] Invoking command in '/home/leejeonghun/ros2_example_ws/src/my_package': PYTHONPATH=/home/leejeonghun/ros2_example_ws/install/my_package/lib/python3.8/site-packages:${PYTHONPATH} /usr/bin/python3 setup.py egg_info --egg-base ../../build/my_package build --build-base /home/leejeonghun/ros2_example_ws/build/my_package/build install --prefix /home/leejeonghun/ros2_example_ws/install/my_package --record /home/leejeonghun/ros2_example_ws/build/my_package/install.log --single-version-externally-managed
[0.765s] running egg_info
[0.766s] writing ../../build/my_package/my_package.egg-info/PKG-INFO
[0.766s] writing dependency_links to ../../build/my_package/my_package.egg-info/dependency_links.txt
[0.766s] writing entry points to ../../build/my_package/my_package.egg-info/entry_points.txt
[0.766s] writing requirements to ../../build/my_package/my_package.egg-info/requires.txt
[0.766s] writing top-level names to ../../build/my_package/my_package.egg-info/top_level.txt
[0.794s] reading manifest file '../../build/my_package/my_package.egg-info/SOURCES.txt'
[0.794s] writing manifest file '../../build/my_package/my_package.egg-info/SOURCES.txt'
[0.795s] running build
[0.795s] running build_py
[0.795s] running install
[0.795s] running install_lib
[0.796s] running install_data
[0.797s] running install_egg_info
[0.798s] removing '/home/leejeonghun/ros2_example_ws/install/my_package/lib/python3.8/site-packages/my_package-0.0.0-py3.8.egg-info' (and everything under it)
[0.798s] Copying ../../build/my_package/my_package.egg-info to /home/leejeonghun/ros2_example_ws/install/my_package/lib/python3.8/site-packages/my_package-0.0.0-py3.8.egg-info
[0.799s] running install_scripts
[0.812s] writing list of installed files to '/home/leejeonghun/ros2_example_ws/build/my_package/install.log'
[0.828s] Invoked command in '/home/leejeonghun/ros2_example_ws/src/my_package' returned '0': PYTHONPATH=/home/leejeonghun/ros2_example_ws/install/my_package/lib/python3.8/site-packages:${PYTHONPATH} /usr/bin/python3 setup.py egg_info --egg-base ../../build/my_package build --build-base /home/leejeonghun/ros2_example_ws/build/my_package/build install --prefix /home/leejeonghun/ros2_example_ws/install/my_package --record /home/leejeonghun/ros2_example_ws/build/my_package/install.log --single-version-externally-managed
