[1.263s] Invoking command in '/home/leejeonghun/ros2_example_ws/build/examples_rclpy_executors': PYTHONPATH=/home/leejeonghun/ros2_example_ws/install/examples_rclpy_executors/lib/python3.8/site-packages:${PYTHONPATH} /usr/bin/python3 setup.py develop --prefix /home/leejeonghun/ros2_example_ws/install/examples_rclpy_executors --uninstall --editable --build-directory /home/leejeonghun/ros2_example_ws/build/examples_rclpy_executors/build
[2.772s] running develop
[2.777s] Invoked command in '/home/leejeonghun/ros2_example_ws/build/examples_rclpy_executors' returned '0': PYTHONPATH=/home/leejeonghun/ros2_example_ws/install/examples_rclpy_executors/lib/python3.8/site-packages:${PYTHONPATH} /usr/bin/python3 setup.py develop --prefix /home/leejeonghun/ros2_example_ws/install/examples_rclpy_executors --uninstall --editable --build-directory /home/leejeonghun/ros2_example_ws/build/examples_rclpy_executors/build
[2.779s] Invoking command in '/home/leejeonghun/ros2_example_ws/src/examples/rclpy/executors': PYTHONPATH=/home/leejeonghun/ros2_example_ws/install/examples_rclpy_executors/lib/python3.8/site-packages:${PYTHONPATH} /usr/bin/python3 setup.py egg_info --egg-base ../../../../build/examples_rclpy_executors build --build-base /home/leejeonghun/ros2_example_ws/build/examples_rclpy_executors/build install --prefix /home/leejeonghun/ros2_example_ws/install/examples_rclpy_executors --record /home/leejeonghun/ros2_example_ws/build/examples_rclpy_executors/install.log --single-version-externally-managed
[3.183s] running egg_info
[3.184s] writing ../../../../build/examples_rclpy_executors/examples_rclpy_executors.egg-info/PKG-INFO
[3.186s] writing dependency_links to ../../../../build/examples_rclpy_executors/examples_rclpy_executors.egg-info/dependency_links.txt
[3.186s] writing entry points to ../../../../build/examples_rclpy_executors/examples_rclpy_executors.egg-info/entry_points.txt
[3.186s] writing requirements to ../../../../build/examples_rclpy_executors/examples_rclpy_executors.egg-info/requires.txt
[3.186s] writing top-level names to ../../../../build/examples_rclpy_executors/examples_rclpy_executors.egg-info/top_level.txt
[3.250s] reading manifest file '../../../../build/examples_rclpy_executors/examples_rclpy_executors.egg-info/SOURCES.txt'
[3.254s] writing manifest file '../../../../build/examples_rclpy_executors/examples_rclpy_executors.egg-info/SOURCES.txt'
[3.254s] running build
[3.254s] running build_py
[3.255s] running install
[3.256s] running install_lib
[3.260s] running install_data
[3.261s] running install_egg_info
[3.264s] removing '/home/leejeonghun/ros2_example_ws/install/examples_rclpy_executors/lib/python3.8/site-packages/examples_rclpy_executors-0.11.2-py3.8.egg-info' (and everything under it)
[3.264s] Copying ../../../../build/examples_rclpy_executors/examples_rclpy_executors.egg-info to /home/leejeonghun/ros2_example_ws/install/examples_rclpy_executors/lib/python3.8/site-packages/examples_rclpy_executors-0.11.2-py3.8.egg-info
[3.269s] running install_scripts
[3.311s] Installing callback_group script to /home/leejeonghun/ros2_example_ws/install/examples_rclpy_executors/lib/examples_rclpy_executors
[3.311s] Installing composed script to /home/leejeonghun/ros2_example_ws/install/examples_rclpy_executors/lib/examples_rclpy_executors
[3.311s] Installing custom_callback_group script to /home/leejeonghun/ros2_example_ws/install/examples_rclpy_executors/lib/examples_rclpy_executors
[3.311s] Installing custom_executor script to /home/leejeonghun/ros2_example_ws/install/examples_rclpy_executors/lib/examples_rclpy_executors
[3.311s] Installing listener script to /home/leejeonghun/ros2_example_ws/install/examples_rclpy_executors/lib/examples_rclpy_executors
[3.312s] Installing talker script to /home/leejeonghun/ros2_example_ws/install/examples_rclpy_executors/lib/examples_rclpy_executors
[3.312s] writing list of installed files to '/home/leejeonghun/ros2_example_ws/build/examples_rclpy_executors/install.log'
[3.360s] Invoked command in '/home/leejeonghun/ros2_example_ws/src/examples/rclpy/executors' returned '0': PYTHONPATH=/home/leejeonghun/ros2_example_ws/install/examples_rclpy_executors/lib/python3.8/site-packages:${PYTHONPATH} /usr/bin/python3 setup.py egg_info --egg-base ../../../../build/examples_rclpy_executors build --build-base /home/leejeonghun/ros2_example_ws/build/examples_rclpy_executors/build install --prefix /home/leejeonghun/ros2_example_ws/install/examples_rclpy_executors --record /home/leejeonghun/ros2_example_ws/build/examples_rclpy_executors/install.log --single-version-externally-managed
