[1.789s] Invoking command in '/home/leejeonghun/ros2_example_ws/build/examples_rclpy_minimal_action_server': PYTHONPATH=/home/leejeonghun/ros2_example_ws/install/examples_rclpy_minimal_action_server/lib/python3.8/site-packages:${PYTHONPATH} /usr/bin/python3 setup.py develop --prefix /home/leejeonghun/ros2_example_ws/install/examples_rclpy_minimal_action_server --uninstall --editable --build-directory /home/leejeonghun/ros2_example_ws/build/examples_rclpy_minimal_action_server/build
[2.055s] running develop
[2.253s] Removing /home/leejeonghun/ros2_example_ws/install/examples_rclpy_minimal_action_server/lib/python3.8/site-packages/examples-rclpy-minimal-action-server.egg-link (link to .)
[2.284s] Invoked command in '/home/leejeonghun/ros2_example_ws/build/examples_rclpy_minimal_action_server' returned '0': PYTHONPATH=/home/leejeonghun/ros2_example_ws/install/examples_rclpy_minimal_action_server/lib/python3.8/site-packages:${PYTHONPATH} /usr/bin/python3 setup.py develop --prefix /home/leejeonghun/ros2_example_ws/install/examples_rclpy_minimal_action_server --uninstall --editable --build-directory /home/leejeonghun/ros2_example_ws/build/examples_rclpy_minimal_action_server/build
[2.287s] Invoking command in '/home/leejeonghun/ros2_example_ws/src/examples/rclpy/actions/minimal_action_server': PYTHONPATH=/home/leejeonghun/ros2_example_ws/install/examples_rclpy_minimal_action_server/lib/python3.8/site-packages:${PYTHONPATH} /usr/bin/python3 setup.py egg_info --egg-base ../../../../../build/examples_rclpy_minimal_action_server build --build-base /home/leejeonghun/ros2_example_ws/build/examples_rclpy_minimal_action_server/build install --prefix /home/leejeonghun/ros2_example_ws/install/examples_rclpy_minimal_action_server --record /home/leejeonghun/ros2_example_ws/build/examples_rclpy_minimal_action_server/install.log --single-version-externally-managed
[2.570s] running egg_info
[2.570s] writing ../../../../../build/examples_rclpy_minimal_action_server/examples_rclpy_minimal_action_server.egg-info/PKG-INFO
[2.571s] writing dependency_links to ../../../../../build/examples_rclpy_minimal_action_server/examples_rclpy_minimal_action_server.egg-info/dependency_links.txt
[2.571s] writing entry points to ../../../../../build/examples_rclpy_minimal_action_server/examples_rclpy_minimal_action_server.egg-info/entry_points.txt
[2.571s] writing requirements to ../../../../../build/examples_rclpy_minimal_action_server/examples_rclpy_minimal_action_server.egg-info/requires.txt
[2.571s] writing top-level names to ../../../../../build/examples_rclpy_minimal_action_server/examples_rclpy_minimal_action_server.egg-info/top_level.txt
[2.607s] reading manifest file '../../../../../build/examples_rclpy_minimal_action_server/examples_rclpy_minimal_action_server.egg-info/SOURCES.txt'
[2.608s] writing manifest file '../../../../../build/examples_rclpy_minimal_action_server/examples_rclpy_minimal_action_server.egg-info/SOURCES.txt'
[2.608s] running build
[2.608s] running build_py
[2.608s] creating /home/leejeonghun/ros2_example_ws/build/examples_rclpy_minimal_action_server/build
[2.609s] creating /home/leejeonghun/ros2_example_ws/build/examples_rclpy_minimal_action_server/build/lib
[2.609s] creating /home/leejeonghun/ros2_example_ws/build/examples_rclpy_minimal_action_server/build/lib/examples_rclpy_minimal_action_server
[2.609s] copying examples_rclpy_minimal_action_server/server_queue_goals.py -> /home/leejeonghun/ros2_example_ws/build/examples_rclpy_minimal_action_server/build/lib/examples_rclpy_minimal_action_server
[2.609s] copying examples_rclpy_minimal_action_server/server_single_goal.py -> /home/leejeonghun/ros2_example_ws/build/examples_rclpy_minimal_action_server/build/lib/examples_rclpy_minimal_action_server
[2.609s] copying examples_rclpy_minimal_action_server/server_not_composable.py -> /home/leejeonghun/ros2_example_ws/build/examples_rclpy_minimal_action_server/build/lib/examples_rclpy_minimal_action_server
[2.609s] copying examples_rclpy_minimal_action_server/server.py -> /home/leejeonghun/ros2_example_ws/build/examples_rclpy_minimal_action_server/build/lib/examples_rclpy_minimal_action_server
[2.609s] copying examples_rclpy_minimal_action_server/server_defer.py -> /home/leejeonghun/ros2_example_ws/build/examples_rclpy_minimal_action_server/build/lib/examples_rclpy_minimal_action_server
[2.610s] copying examples_rclpy_minimal_action_server/__init__.py -> /home/leejeonghun/ros2_example_ws/build/examples_rclpy_minimal_action_server/build/lib/examples_rclpy_minimal_action_server
[2.610s] running install
[2.610s] running install_lib
[2.611s] creating /home/leejeonghun/ros2_example_ws/install/examples_rclpy_minimal_action_server/lib/python3.8/site-packages/examples_rclpy_minimal_action_server
[2.612s] copying /home/leejeonghun/ros2_example_ws/build/examples_rclpy_minimal_action_server/build/lib/examples_rclpy_minimal_action_server/server_queue_goals.py -> /home/leejeonghun/ros2_example_ws/install/examples_rclpy_minimal_action_server/lib/python3.8/site-packages/examples_rclpy_minimal_action_server
[2.612s] copying /home/leejeonghun/ros2_example_ws/build/examples_rclpy_minimal_action_server/build/lib/examples_rclpy_minimal_action_server/server_single_goal.py -> /home/leejeonghun/ros2_example_ws/install/examples_rclpy_minimal_action_server/lib/python3.8/site-packages/examples_rclpy_minimal_action_server
[2.612s] copying /home/leejeonghun/ros2_example_ws/build/examples_rclpy_minimal_action_server/build/lib/examples_rclpy_minimal_action_server/server_not_composable.py -> /home/leejeonghun/ros2_example_ws/install/examples_rclpy_minimal_action_server/lib/python3.8/site-packages/examples_rclpy_minimal_action_server
[2.613s] copying /home/leejeonghun/ros2_example_ws/build/examples_rclpy_minimal_action_server/build/lib/examples_rclpy_minimal_action_server/server.py -> /home/leejeonghun/ros2_example_ws/install/examples_rclpy_minimal_action_server/lib/python3.8/site-packages/examples_rclpy_minimal_action_server
[2.613s] copying /home/leejeonghun/ros2_example_ws/build/examples_rclpy_minimal_action_server/build/lib/examples_rclpy_minimal_action_server/server_defer.py -> /home/leejeonghun/ros2_example_ws/install/examples_rclpy_minimal_action_server/lib/python3.8/site-packages/examples_rclpy_minimal_action_server
[2.613s] copying /home/leejeonghun/ros2_example_ws/build/examples_rclpy_minimal_action_server/build/lib/examples_rclpy_minimal_action_server/__init__.py -> /home/leejeonghun/ros2_example_ws/install/examples_rclpy_minimal_action_server/lib/python3.8/site-packages/examples_rclpy_minimal_action_server
[2.613s] byte-compiling /home/leejeonghun/ros2_example_ws/install/examples_rclpy_minimal_action_server/lib/python3.8/site-packages/examples_rclpy_minimal_action_server/server_queue_goals.py to server_queue_goals.cpython-38.pyc
[2.615s] byte-compiling /home/leejeonghun/ros2_example_ws/install/examples_rclpy_minimal_action_server/lib/python3.8/site-packages/examples_rclpy_minimal_action_server/server_single_goal.py to server_single_goal.cpython-38.pyc
[2.616s] byte-compiling /home/leejeonghun/ros2_example_ws/install/examples_rclpy_minimal_action_server/lib/python3.8/site-packages/examples_rclpy_minimal_action_server/server_not_composable.py to server_not_composable.cpython-38.pyc
[2.617s] byte-compiling /home/leejeonghun/ros2_example_ws/install/examples_rclpy_minimal_action_server/lib/python3.8/site-packages/examples_rclpy_minimal_action_server/server.py to server.cpython-38.pyc
[2.617s] byte-compiling /home/leejeonghun/ros2_example_ws/install/examples_rclpy_minimal_action_server/lib/python3.8/site-packages/examples_rclpy_minimal_action_server/server_defer.py to server_defer.cpython-38.pyc
[2.618s] byte-compiling /home/leejeonghun/ros2_example_ws/install/examples_rclpy_minimal_action_server/lib/python3.8/site-packages/examples_rclpy_minimal_action_server/__init__.py to __init__.cpython-38.pyc
[2.618s] running install_data
[2.619s] running install_egg_info
[2.621s] Copying ../../../../../build/examples_rclpy_minimal_action_server/examples_rclpy_minimal_action_server.egg-info to /home/leejeonghun/ros2_example_ws/install/examples_rclpy_minimal_action_server/lib/python3.8/site-packages/examples_rclpy_minimal_action_server-0.11.2-py3.8.egg-info
[2.623s] running install_scripts
[2.648s] Installing server script to /home/leejeonghun/ros2_example_ws/install/examples_rclpy_minimal_action_server/lib/examples_rclpy_minimal_action_server
[2.648s] Installing server_defer script to /home/leejeonghun/ros2_example_ws/install/examples_rclpy_minimal_action_server/lib/examples_rclpy_minimal_action_server
[2.648s] Installing server_not_composable script to /home/leejeonghun/ros2_example_ws/install/examples_rclpy_minimal_action_server/lib/examples_rclpy_minimal_action_server
[2.648s] Installing server_queue_goals script to /home/leejeonghun/ros2_example_ws/install/examples_rclpy_minimal_action_server/lib/examples_rclpy_minimal_action_server
[2.648s] Installing server_single_goal script to /home/leejeonghun/ros2_example_ws/install/examples_rclpy_minimal_action_server/lib/examples_rclpy_minimal_action_server
[2.649s] writing list of installed files to '/home/leejeonghun/ros2_example_ws/build/examples_rclpy_minimal_action_server/install.log'
[2.684s] Invoked command in '/home/leejeonghun/ros2_example_ws/src/examples/rclpy/actions/minimal_action_server' returned '0': PYTHONPATH=/home/leejeonghun/ros2_example_ws/install/examples_rclpy_minimal_action_server/lib/python3.8/site-packages:${PYTHONPATH} /usr/bin/python3 setup.py egg_info --egg-base ../../../../../build/examples_rclpy_minimal_action_server build --build-base /home/leejeonghun/ros2_example_ws/build/examples_rclpy_minimal_action_server/build install --prefix /home/leejeonghun/ros2_example_ws/install/examples_rclpy_minimal_action_server --record /home/leejeonghun/ros2_example_ws/build/examples_rclpy_minimal_action_server/install.log --single-version-externally-managed
