[0.093s] Invoking command in '/home/leejeonghun/ros2_example_ws/build/examples_rclcpp_minimal_composition': CMAKE_PREFIX_PATH=/opt/ros/galactic /usr/bin/cmake /home/leejeonghun/ros2_example_ws/src/examples/rclcpp/composition/minimal_composition -DAMENT_CMAKE_SYMLINK_INSTALL=1 -DCMAKE_INSTALL_PREFIX=/home/leejeonghun/ros2_example_ws/install/examples_rclcpp_minimal_composition
[1.168s] -- The C compiler identification is GNU 9.4.0
[1.169s] -- The CXX compiler identification is GNU 9.4.0
[1.169s] -- Check for working C compiler: /usr/bin/cc
[1.169s] -- Check for working C compiler: /usr/bin/cc -- works
[1.169s] -- Detecting C compiler ABI info
[1.169s] -- Detecting C compiler ABI info - done
[1.169s] -- Detecting C compile features
[1.169s] -- Detecting C compile features - done
[1.170s] -- Check for working CXX compiler: /usr/bin/c++
[1.170s] -- Check for working CXX compiler: /usr/bin/c++ -- works
[1.170s] -- Detecting CXX compiler ABI info
[1.170s] -- Detecting CXX compiler ABI info - done
[1.170s] -- Detecting CXX compile features
[1.170s] -- Detecting CXX compile features - done
[1.170s] -- Found ament_cmake: 1.1.5 (/opt/ros/galactic/share/ament_cmake/cmake)
[1.170s] -- Found PythonInterp: /usr/bin/python3 (found suitable version "3.8.10", minimum required is "3") 
[1.170s] -- Using PYTHON_EXECUTABLE: /usr/bin/python3
[1.171s] -- Override CMake install command with custom implementation using symlinks instead of copying resources
[1.171s] -- Found rclcpp: 9.2.1 (/opt/ros/galactic/share/rclcpp/cmake)
[1.171s] -- Using all available rosidl_typesupport_c: rosidl_typesupport_fastrtps_c;rosidl_typesupport_introspection_c
[1.171s] -- Found rosidl_adapter: 2.2.2 (/opt/ros/galactic/share/rosidl_adapter/cmake)
[1.329s] -- Found OpenSSL: /usr/lib/x86_64-linux-gnu/libcrypto.so (found version "1.1.1f")  
[1.393s] -- Found FastRTPS: /opt/ros/galactic/include  
[1.543s] -- Using all available rosidl_typesupport_cpp: rosidl_typesupport_fastrtps_cpp;rosidl_typesupport_introspection_cpp
[1.661s] -- Found rmw_implementation_cmake: 3.3.1 (/opt/ros/galactic/share/rmw_implementation_cmake/cmake)
[1.666s] -- Found rmw_cyclonedds_cpp: 0.22.5 (/opt/ros/galactic/share/rmw_cyclonedds_cpp/cmake)
[1.702s] -- Using RMW implementation 'rmw_cyclonedds_cpp' as default
[1.704s] -- Looking for pthread.h
[1.966s] -- Looking for pthread.h - found
[1.970s] -- Performing Test CMAKE_HAVE_LIBC_PTHREAD
[2.151s] -- Performing Test CMAKE_HAVE_LIBC_PTHREAD - Failed
[2.153s] -- Looking for pthread_create in pthreads
[2.331s] -- Looking for pthread_create in pthreads - not found
[2.332s] -- Looking for pthread_create in pthread
[2.507s] -- Looking for pthread_create in pthread - found
[2.510s] -- Found Threads: TRUE  
[2.865s] -- Found rclcpp_components: 9.2.1 (/opt/ros/galactic/share/rclcpp_components/cmake)
[3.006s] -- Found ament_lint_auto: 0.10.7 (/opt/ros/galactic/share/ament_lint_auto/cmake)
[3.133s] -- Added test 'copyright' to check source files copyright and LICENSE
[3.135s] -- Added test 'cppcheck' to perform static code analysis on C / C++ code
[3.136s] -- Configured cppcheck include dirs: /home/leejeonghun/ros2_example_ws/src/examples/rclcpp/composition/minimal_composition/include
[3.137s] -- Configured cppcheck exclude dirs and/or files: 
[3.139s] -- Added test 'cpplint' to check C / C++ code against the Google style
[3.139s] -- Configured cpplint exclude dirs and/or files: 
[3.141s] -- Added test 'lint_cmake' to check CMake code style
[3.143s] -- Added test 'uncrustify' to check C / C++ code style
[3.143s] -- Configured uncrustify additional arguments: 
[3.145s] -- Added test 'xmllint' to check XML markup files
[3.152s] -- Configuring done
[3.188s] -- Generating done
[3.193s] -- Build files have been written to: /home/leejeonghun/ros2_example_ws/build/examples_rclcpp_minimal_composition
[3.223s] Invoked command in '/home/leejeonghun/ros2_example_ws/build/examples_rclcpp_minimal_composition' returned '0': CMAKE_PREFIX_PATH=/opt/ros/galactic /usr/bin/cmake /home/leejeonghun/ros2_example_ws/src/examples/rclcpp/composition/minimal_composition -DAMENT_CMAKE_SYMLINK_INSTALL=1 -DCMAKE_INSTALL_PREFIX=/home/leejeonghun/ros2_example_ws/install/examples_rclcpp_minimal_composition
[3.225s] Invoking command in '/home/leejeonghun/ros2_example_ws/build/examples_rclcpp_minimal_composition': CMAKE_PREFIX_PATH=/opt/ros/galactic /usr/bin/cmake --build /home/leejeonghun/ros2_example_ws/build/examples_rclcpp_minimal_composition -- -j12 -l12
[3.393s] [35m[1mScanning dependencies of target composition_nodes[0m
[3.489s] [ 11%] [32mBuilding CXX object CMakeFiles/composition_nodes.dir/src/publisher_node.cpp.o[0m
[3.557s] [ 22%] [32mBuilding CXX object CMakeFiles/composition_nodes.dir/src/subscriber_node.cpp.o[0m
[29.905s] [ 33%] [32m[1mLinking CXX shared library libcomposition_nodes.so[0m
[30.755s] [ 33%] Built target composition_nodes
[30.772s] [35m[1mScanning dependencies of target composition_composed[0m
[30.838s] [ 44%] [32mBuilding CXX object CMakeFiles/composition_composed.dir/src/composed.cpp.o[0m
[34.143s] [ 55%] [32m[1mLinking CXX executable composition_composed[0m
[34.294s] [ 55%] Built target composition_composed
[34.304s] [35m[1mScanning dependencies of target composition_publisher[0m
[34.338s] [ 66%] [32mBuilding CXX object CMakeFiles/composition_publisher.dir/src/standalone_publisher.cpp.o[0m
[36.476s] [ 77%] [32m[1mLinking CXX executable composition_publisher[0m
[36.637s] [ 77%] Built target composition_publisher
[36.646s] [35m[1mScanning dependencies of target composition_subscriber[0m
[36.681s] [ 88%] [32mBuilding CXX object CMakeFiles/composition_subscriber.dir/src/standalone_subscriber.cpp.o[0m
[38.847s] [100%] [32m[1mLinking CXX executable composition_subscriber[0m
[39.000s] [100%] Built target composition_subscriber
[39.010s] Invoked command in '/home/leejeonghun/ros2_example_ws/build/examples_rclcpp_minimal_composition' returned '0': CMAKE_PREFIX_PATH=/opt/ros/galactic /usr/bin/cmake --build /home/leejeonghun/ros2_example_ws/build/examples_rclcpp_minimal_composition -- -j12 -l12
[39.040s] Invoking command in '/home/leejeonghun/ros2_example_ws/build/examples_rclcpp_minimal_composition': CMAKE_PREFIX_PATH=/opt/ros/galactic /usr/bin/cmake --install /home/leejeonghun/ros2_example_ws/build/examples_rclcpp_minimal_composition
[39.050s] -- Install configuration: ""
[39.050s] -- Execute custom install script
[39.051s] -- Symlinking: /home/leejeonghun/ros2_example_ws/install/examples_rclcpp_minimal_composition/share/examples_rclcpp_minimal_composition/environment/library_path.sh
[39.059s] -- Symlinking: /home/leejeonghun/ros2_example_ws/install/examples_rclcpp_minimal_composition/share/examples_rclcpp_minimal_composition/environment/library_path.dsv
[39.069s] -- Symlinking: /home/leejeonghun/ros2_example_ws/install/examples_rclcpp_minimal_composition/lib/libcomposition_nodes.so
[39.078s] -- Symlinking: /home/leejeonghun/ros2_example_ws/install/examples_rclcpp_minimal_composition/lib/examples_rclcpp_minimal_composition/composition_publisher
[39.087s] -- Symlinking: /home/leejeonghun/ros2_example_ws/install/examples_rclcpp_minimal_composition/lib/examples_rclcpp_minimal_composition/composition_subscriber
[39.096s] -- Symlinking: /home/leejeonghun/ros2_example_ws/install/examples_rclcpp_minimal_composition/lib/examples_rclcpp_minimal_composition/composition_composed
[39.105s] -- Symlinking: /home/leejeonghun/ros2_example_ws/install/examples_rclcpp_minimal_composition/share/ament_index/resource_index/package_run_dependencies/examples_rclcpp_minimal_composition
[39.114s] -- Symlinking: /home/leejeonghun/ros2_example_ws/install/examples_rclcpp_minimal_composition/share/ament_index/resource_index/parent_prefix_path/examples_rclcpp_minimal_composition
[39.123s] -- Symlinking: /home/leejeonghun/ros2_example_ws/install/examples_rclcpp_minimal_composition/share/examples_rclcpp_minimal_composition/environment/ament_prefix_path.sh
[39.131s] -- Symlinking: /home/leejeonghun/ros2_example_ws/install/examples_rclcpp_minimal_composition/share/examples_rclcpp_minimal_composition/environment/ament_prefix_path.dsv
[39.139s] -- Symlinking: /home/leejeonghun/ros2_example_ws/install/examples_rclcpp_minimal_composition/share/examples_rclcpp_minimal_composition/environment/path.sh
[39.147s] -- Symlinking: /home/leejeonghun/ros2_example_ws/install/examples_rclcpp_minimal_composition/share/examples_rclcpp_minimal_composition/environment/path.dsv
[39.156s] -- Symlinking: /home/leejeonghun/ros2_example_ws/install/examples_rclcpp_minimal_composition/share/examples_rclcpp_minimal_composition/local_setup.bash
[39.164s] -- Symlinking: /home/leejeonghun/ros2_example_ws/install/examples_rclcpp_minimal_composition/share/examples_rclcpp_minimal_composition/local_setup.sh
[39.173s] -- Symlinking: /home/leejeonghun/ros2_example_ws/install/examples_rclcpp_minimal_composition/share/examples_rclcpp_minimal_composition/local_setup.zsh
[39.181s] -- Symlinking: /home/leejeonghun/ros2_example_ws/install/examples_rclcpp_minimal_composition/share/examples_rclcpp_minimal_composition/local_setup.dsv
[39.190s] -- Symlinking: /home/leejeonghun/ros2_example_ws/install/examples_rclcpp_minimal_composition/share/examples_rclcpp_minimal_composition/package.dsv
[39.199s] -- Symlinking: /home/leejeonghun/ros2_example_ws/install/examples_rclcpp_minimal_composition/share/ament_index/resource_index/packages/examples_rclcpp_minimal_composition
[39.207s] -- Symlinking: /home/leejeonghun/ros2_example_ws/install/examples_rclcpp_minimal_composition/share/examples_rclcpp_minimal_composition/cmake/examples_rclcpp_minimal_compositionConfig.cmake
[39.215s] -- Symlinking: /home/leejeonghun/ros2_example_ws/install/examples_rclcpp_minimal_composition/share/examples_rclcpp_minimal_composition/cmake/examples_rclcpp_minimal_compositionConfig-version.cmake
[39.224s] -- Symlinking: /home/leejeonghun/ros2_example_ws/install/examples_rclcpp_minimal_composition/share/examples_rclcpp_minimal_composition/package.xml
[39.236s] Invoked command in '/home/leejeonghun/ros2_example_ws/build/examples_rclcpp_minimal_composition' returned '0': CMAKE_PREFIX_PATH=/opt/ros/galactic /usr/bin/cmake --install /home/leejeonghun/ros2_example_ws/build/examples_rclcpp_minimal_composition
