[6.069s] Invoking command in '/home/leejeonghun/ros2_example_ws/build/examples_rclpy_minimal_action_client': PYTHONPATH=/home/leejeonghun/ros2_example_ws/install/examples_rclpy_minimal_action_client/lib/python3.8/site-packages:${PYTHONPATH} /usr/bin/python3 setup.py develop --prefix /home/leejeonghun/ros2_example_ws/install/examples_rclpy_minimal_action_client --editable --build-directory /home/leejeonghun/ros2_example_ws/build/examples_rclpy_minimal_action_client/build --no-deps install_data --install-dir /home/leejeonghun/ros2_example_ws/install/examples_rclpy_minimal_action_client
[17.841s] running develop
[17.841s] running egg_info
[17.841s] creating examples_rclpy_minimal_action_client.egg-info
[17.841s] writing examples_rclpy_minimal_action_client.egg-info/PKG-INFO
[17.841s] writing dependency_links to examples_rclpy_minimal_action_client.egg-info/dependency_links.txt
[17.842s] writing entry points to examples_rclpy_minimal_action_client.egg-info/entry_points.txt
[17.842s] writing requirements to examples_rclpy_minimal_action_client.egg-info/requires.txt
[17.842s] writing top-level names to examples_rclpy_minimal_action_client.egg-info/top_level.txt
[17.842s] writing manifest file 'examples_rclpy_minimal_action_client.egg-info/SOURCES.txt'
[17.842s] reading manifest file 'examples_rclpy_minimal_action_client.egg-info/SOURCES.txt'
[17.842s] writing manifest file 'examples_rclpy_minimal_action_client.egg-info/SOURCES.txt'
[17.842s] running build_ext
[17.842s] Creating /home/leejeonghun/ros2_example_ws/install/examples_rclpy_minimal_action_client/lib/python3.8/site-packages/site.py
[17.843s] Creating /home/leejeonghun/ros2_example_ws/install/examples_rclpy_minimal_action_client/lib/python3.8/site-packages/examples-rclpy-minimal-action-client.egg-link (link to .)
[17.843s] Installing client script to /home/leejeonghun/ros2_example_ws/install/examples_rclpy_minimal_action_client/lib/examples_rclpy_minimal_action_client
[17.843s] Installing client_asyncio script to /home/leejeonghun/ros2_example_ws/install/examples_rclpy_minimal_action_client/lib/examples_rclpy_minimal_action_client
[17.843s] Installing client_cancel script to /home/leejeonghun/ros2_example_ws/install/examples_rclpy_minimal_action_client/lib/examples_rclpy_minimal_action_client
[17.843s] Installing client_not_composable script to /home/leejeonghun/ros2_example_ws/install/examples_rclpy_minimal_action_client/lib/examples_rclpy_minimal_action_client
[17.843s] 
[17.843s] Installed /home/leejeonghun/ros2_example_ws/build/examples_rclpy_minimal_action_client
[17.844s] running install_data
[17.844s] creating /home/leejeonghun/ros2_example_ws/install/examples_rclpy_minimal_action_client/share/ament_index
[17.844s] creating /home/leejeonghun/ros2_example_ws/install/examples_rclpy_minimal_action_client/share/ament_index/resource_index
[17.844s] creating /home/leejeonghun/ros2_example_ws/install/examples_rclpy_minimal_action_client/share/ament_index/resource_index/packages
[17.844s] copying resource/examples_rclpy_minimal_action_client -> /home/leejeonghun/ros2_example_ws/install/examples_rclpy_minimal_action_client/share/ament_index/resource_index/packages
[17.844s] copying package.xml -> /home/leejeonghun/ros2_example_ws/install/examples_rclpy_minimal_action_client/share/examples_rclpy_minimal_action_client
[17.885s] Invoked command in '/home/leejeonghun/ros2_example_ws/build/examples_rclpy_minimal_action_client' returned '0': PYTHONPATH=/home/leejeonghun/ros2_example_ws/install/examples_rclpy_minimal_action_client/lib/python3.8/site-packages:${PYTHONPATH} /usr/bin/python3 setup.py develop --prefix /home/leejeonghun/ros2_example_ws/install/examples_rclpy_minimal_action_client --editable --build-directory /home/leejeonghun/ros2_example_ws/build/examples_rclpy_minimal_action_client/build --no-deps install_data --install-dir /home/leejeonghun/ros2_example_ws/install/examples_rclpy_minimal_action_client
