[0.520s] Invoking command in '/home/leejeonghun/ros2_example_ws/build/turtlesim': CMAKE_PREFIX_PATH=/opt/ros/galactic /usr/bin/cmake /home/leejeonghun/ros2_example_ws/src/ros_tutorials/turtlesim -DCMAKE_INSTALL_PREFIX=/home/leejeonghun/ros2_example_ws/install/turtlesim
[0.576s] -- The C compiler identification is GNU 9.4.0
[0.632s] -- The CXX compiler identification is GNU 9.4.0
[0.638s] -- Check for working C compiler: /usr/bin/cc
[0.709s] -- Check for working C compiler: /usr/bin/cc -- works
[0.710s] -- Detecting C compiler ABI info
[0.790s] -- Detecting C compiler ABI info - done
[0.809s] -- Detecting C compile features
[0.810s] -- Detecting C compile features - done
[0.813s] -- Check for working CXX compiler: /usr/bin/c++
[0.897s] -- Check for working CXX compiler: /usr/bin/c++ -- works
[0.898s] -- Detecting CXX compiler ABI info
[0.995s] -- Detecting CXX compiler ABI info - done
[1.012s] -- Detecting CXX compile features
[1.015s] -- Detecting CXX compile features - done
[1.018s] -- Found ament_cmake: 1.1.5 (/opt/ros/galactic/share/ament_cmake/cmake)
[1.043s] -- Found PythonInterp: /usr/bin/python3 (found suitable version "3.8.10", minimum required is "3") 
[1.043s] -- Using PYTHON_EXECUTABLE: /usr/bin/python3
[1.134s] -- Found ament_index_cpp: 1.2.0 (/opt/ros/galactic/share/ament_index_cpp/cmake)
[1.143s] -- Found geometry_msgs: 2.2.4 (/opt/ros/galactic/share/geometry_msgs/cmake)
[1.189s] -- Using all available rosidl_typesupport_c: rosidl_typesupport_fastrtps_c;rosidl_typesupport_introspection_c
[1.198s] -- Found rosidl_adapter: 2.2.2 (/opt/ros/galactic/share/rosidl_adapter/cmake)
[1.316s] -- Found OpenSSL: /usr/lib/x86_64-linux-gnu/libcrypto.so (found version "1.1.1f")  
[1.363s] -- Found FastRTPS: /opt/ros/galactic/include  
[1.483s] -- Using all available rosidl_typesupport_cpp: rosidl_typesupport_fastrtps_cpp;rosidl_typesupport_introspection_cpp
[1.598s] -- Found rclcpp: 9.2.1 (/opt/ros/galactic/share/rclcpp/cmake)
[1.649s] -- Found rmw_implementation_cmake: 3.3.1 (/opt/ros/galactic/share/rmw_implementation_cmake/cmake)
[1.652s] -- Found rmw_cyclonedds_cpp: 0.22.5 (/opt/ros/galactic/share/rmw_cyclonedds_cpp/cmake)
[1.672s] -- Using RMW implementation 'rmw_cyclonedds_cpp' as default
[1.673s] -- Looking for pthread.h
[1.741s] -- Looking for pthread.h - found
[1.741s] -- Performing Test CMAKE_HAVE_LIBC_PTHREAD
[1.811s] -- Performing Test CMAKE_HAVE_LIBC_PTHREAD - Failed
[1.811s] -- Looking for pthread_create in pthreads
[1.885s] -- Looking for pthread_create in pthreads - not found
[1.886s] -- Looking for pthread_create in pthread
[1.964s] -- Looking for pthread_create in pthread - found
[1.964s] -- Found Threads: TRUE  
[2.089s] -- Found rclcpp_action: 9.2.1 (/opt/ros/galactic/share/rclcpp_action/cmake)
[2.163s] -- Found rosidl_default_generators: 1.1.1 (/opt/ros/galactic/share/rosidl_default_generators/cmake)
[2.175s] -- Found std_srvs: 2.2.4 (/opt/ros/galactic/share/std_srvs/cmake)
[2.204s] -- Found PythonInterp: /usr/bin/python3 (found version "3.8.10") 
[2.366s] -- Found ament_cmake_ros: 0.9.2 (/opt/ros/galactic/share/ament_cmake_ros/cmake)
[2.500s] -- Using all available rosidl_typesupport_c: rosidl_typesupport_fastrtps_c;rosidl_typesupport_introspection_c
[2.522s] -- Using all available rosidl_typesupport_cpp: rosidl_typesupport_fastrtps_cpp;rosidl_typesupport_introspection_cpp
[2.543s] -- Found PythonInterp: /usr/bin/python3 (found suitable version "3.8.10", minimum required is "3.5") 
[2.545s] -- Found python_cmake_module: 0.8.1 (/opt/ros/galactic/share/python_cmake_module/cmake)
[2.570s] -- Found PythonLibs: /usr/lib/x86_64-linux-gnu/libpython3.8.so (found suitable version "3.8.10", minimum required is "3.5") 
[2.570s] -- Using PYTHON_EXECUTABLE: /usr/bin/python3
[2.570s] -- Using PYTHON_INCLUDE_DIRS: /usr/include/python3.8
[2.570s] -- Using PYTHON_LIBRARIES: /usr/lib/x86_64-linux-gnu/libpython3.8.so
[2.588s] -- Found PythonExtra: .so  
[2.646s] -- Configuring done
[2.723s] -- Generating done
[2.726s] -- Build files have been written to: /home/leejeonghun/ros2_example_ws/build/turtlesim
[2.735s] Invoked command in '/home/leejeonghun/ros2_example_ws/build/turtlesim' returned '0': CMAKE_PREFIX_PATH=/opt/ros/galactic /usr/bin/cmake /home/leejeonghun/ros2_example_ws/src/ros_tutorials/turtlesim -DCMAKE_INSTALL_PREFIX=/home/leejeonghun/ros2_example_ws/install/turtlesim
[2.737s] Invoking command in '/home/leejeonghun/ros2_example_ws/build/turtlesim': CMAKE_PREFIX_PATH=/opt/ros/galactic /usr/bin/cmake --build /home/leejeonghun/ros2_example_ws/build/turtlesim -- -j12 -l12
[2.775s] [  1%] [34m[1mGenerating C code for ROS interfaces[0m
[2.775s] [35m[1mScanning dependencies of target turtlesim__cpp[0m
[2.785s] [  2%] [34m[1mGenerating C++ code for ROS interfaces[0m
[3.488s] [  2%] Built target turtlesim__cpp
[3.498s] [  5%] [34m[1mGenerating C++ type support for eProsima Fast-RTPS[0m
[3.498s] [  5%] [34m[1mGenerating C++ introspection for ROS interfaces[0m
[3.498s] [  5%] [34m[1mGenerating C++ type support dispatch for ROS interfaces[0m
[3.627s] [35m[1mScanning dependencies of target turtlesim__rosidl_generator_c[0m
[3.650s] [  6%] [32mBuilding C object CMakeFiles/turtlesim__rosidl_generator_c.dir/rosidl_generator_c/turtlesim/msg/detail/color__functions.c.o[0m
[3.651s] [  7%] [32mBuilding C object CMakeFiles/turtlesim__rosidl_generator_c.dir/rosidl_generator_c/turtlesim/msg/detail/pose__functions.c.o[0m
[3.652s] [  8%] [32mBuilding C object CMakeFiles/turtlesim__rosidl_generator_c.dir/rosidl_generator_c/turtlesim/srv/detail/spawn__functions.c.o[0m
[3.653s] [  9%] [32mBuilding C object CMakeFiles/turtlesim__rosidl_generator_c.dir/rosidl_generator_c/turtlesim/action/detail/rotate_absolute__functions.c.o[0m
[3.654s] [ 10%] [32mBuilding C object CMakeFiles/turtlesim__rosidl_generator_c.dir/rosidl_generator_c/turtlesim/srv/detail/teleport_absolute__functions.c.o[0m
[3.655s] [ 11%] [32mBuilding C object CMakeFiles/turtlesim__rosidl_generator_c.dir/rosidl_generator_c/turtlesim/srv/detail/set_pen__functions.c.o[0m
[3.655s] [ 13%] [32mBuilding C object CMakeFiles/turtlesim__rosidl_generator_c.dir/rosidl_generator_c/turtlesim/srv/detail/teleport_relative__functions.c.o[0m
[3.656s] [ 13%] [32mBuilding C object CMakeFiles/turtlesim__rosidl_generator_c.dir/rosidl_generator_c/turtlesim/srv/detail/kill__functions.c.o[0m
[3.798s] [ 14%] [32m[1mLinking C shared library libturtlesim__rosidl_generator_c.so[0m
[3.837s] [ 14%] Built target turtlesim__rosidl_generator_c
[3.847s] [ 16%] [34m[1mGenerating C type support dispatch for ROS interfaces[0m
[3.847s] [ 16%] [34m[1mGenerating C introspection for ROS interfaces[0m
[4.026s] [35m[1mScanning dependencies of target turtlesim__rosidl_typesupport_cpp[0m
[4.050s] [ 17%] [32mBuilding CXX object CMakeFiles/turtlesim__rosidl_typesupport_cpp.dir/rosidl_typesupport_cpp/turtlesim/srv/kill__type_support.cpp.o[0m
[4.050s] [ 18%] [32mBuilding CXX object CMakeFiles/turtlesim__rosidl_typesupport_cpp.dir/rosidl_typesupport_cpp/turtlesim/action/rotate_absolute__type_support.cpp.o[0m
[4.050s] [ 19%] [32mBuilding CXX object CMakeFiles/turtlesim__rosidl_typesupport_cpp.dir/rosidl_typesupport_cpp/turtlesim/msg/pose__type_support.cpp.o[0m
[4.050s] [ 20%] [32mBuilding CXX object CMakeFiles/turtlesim__rosidl_typesupport_cpp.dir/rosidl_typesupport_cpp/turtlesim/srv/set_pen__type_support.cpp.o[0m
[4.051s] [ 21%] [32mBuilding CXX object CMakeFiles/turtlesim__rosidl_typesupport_cpp.dir/rosidl_typesupport_cpp/turtlesim/msg/color__type_support.cpp.o[0m
[4.052s] [ 22%] [32mBuilding CXX object CMakeFiles/turtlesim__rosidl_typesupport_cpp.dir/rosidl_typesupport_cpp/turtlesim/srv/spawn__type_support.cpp.o[0m
[4.052s] [ 23%] [32mBuilding CXX object CMakeFiles/turtlesim__rosidl_typesupport_cpp.dir/rosidl_typesupport_cpp/turtlesim/srv/teleport_absolute__type_support.cpp.o[0m
[4.064s] [ 24%] [32mBuilding CXX object CMakeFiles/turtlesim__rosidl_typesupport_cpp.dir/rosidl_typesupport_cpp/turtlesim/srv/teleport_relative__type_support.cpp.o[0m
[4.449s] [35m[1mScanning dependencies of target turtlesim__rosidl_typesupport_introspection_cpp[0m
[4.506s] [ 25%] [32mBuilding CXX object CMakeFiles/turtlesim__rosidl_typesupport_introspection_cpp.dir/rosidl_typesupport_introspection_cpp/turtlesim/action/detail/rotate_absolute__type_support.cpp.o[0m
[4.620s] [ 26%] [32mBuilding CXX object CMakeFiles/turtlesim__rosidl_typesupport_introspection_cpp.dir/rosidl_typesupport_introspection_cpp/turtlesim/msg/detail/color__type_support.cpp.o[0m
[4.641s] [ 27%] [32mBuilding CXX object CMakeFiles/turtlesim__rosidl_typesupport_introspection_cpp.dir/rosidl_typesupport_introspection_cpp/turtlesim/msg/detail/pose__type_support.cpp.o[0m
[4.656s] [ 28%] [32mBuilding CXX object CMakeFiles/turtlesim__rosidl_typesupport_introspection_cpp.dir/rosidl_typesupport_introspection_cpp/turtlesim/srv/detail/kill__type_support.cpp.o[0m
[4.678s] [ 29%] [32mBuilding CXX object CMakeFiles/turtlesim__rosidl_typesupport_introspection_cpp.dir/rosidl_typesupport_introspection_cpp/turtlesim/srv/detail/set_pen__type_support.cpp.o[0m
[4.710s] [ 30%] [32mBuilding CXX object CMakeFiles/turtlesim__rosidl_typesupport_introspection_cpp.dir/rosidl_typesupport_introspection_cpp/turtlesim/srv/detail/teleport_absolute__type_support.cpp.o[0m
[4.712s] [ 31%] [32mBuilding CXX object CMakeFiles/turtlesim__rosidl_typesupport_introspection_cpp.dir/rosidl_typesupport_introspection_cpp/turtlesim/srv/detail/teleport_relative__type_support.cpp.o[0m
[4.716s] [35m[1mScanning dependencies of target turtlesim__rosidl_typesupport_fastrtps_cpp[0m
[4.721s] [ 32%] [32mBuilding CXX object CMakeFiles/turtlesim__rosidl_typesupport_introspection_cpp.dir/rosidl_typesupport_introspection_cpp/turtlesim/srv/detail/spawn__type_support.cpp.o[0m
[4.836s] [ 33%] [32mBuilding CXX object CMakeFiles/turtlesim__rosidl_typesupport_fastrtps_cpp.dir/rosidl_typesupport_fastrtps_cpp/turtlesim/action/detail/dds_fastrtps/rotate_absolute__type_support.cpp.o[0m
[5.043s] [35m[1mScanning dependencies of target turtlesim__rosidl_typesupport_c[0m
[5.069s] [ 34%] [32mBuilding CXX object CMakeFiles/turtlesim__rosidl_typesupport_c.dir/rosidl_typesupport_c/turtlesim/action/rotate_absolute__type_support.cpp.o[0m
[5.084s] [ 35%] [32m[1mLinking CXX shared library libturtlesim__rosidl_typesupport_cpp.so[0m
[5.169s] [ 36%] [32mBuilding CXX object CMakeFiles/turtlesim__rosidl_typesupport_c.dir/rosidl_typesupport_c/turtlesim/msg/color__type_support.cpp.o[0m
[5.173s] [ 37%] [32mBuilding CXX object CMakeFiles/turtlesim__rosidl_typesupport_c.dir/rosidl_typesupport_c/turtlesim/msg/pose__type_support.cpp.o[0m
[5.184s] [ 37%] Built target turtlesim__rosidl_typesupport_cpp
[5.191s] [ 38%] [32mBuilding CXX object CMakeFiles/turtlesim__rosidl_typesupport_c.dir/rosidl_typesupport_c/turtlesim/srv/kill__type_support.cpp.o[0m
[5.197s] [ 40%] [32mBuilding CXX object CMakeFiles/turtlesim__rosidl_typesupport_c.dir/rosidl_typesupport_c/turtlesim/srv/spawn__type_support.cpp.o[0m
[5.197s] [ 40%] [32mBuilding CXX object CMakeFiles/turtlesim__rosidl_typesupport_c.dir/rosidl_typesupport_c/turtlesim/srv/set_pen__type_support.cpp.o[0m
[5.211s] [ 41%] [32mBuilding CXX object CMakeFiles/turtlesim__rosidl_typesupport_fastrtps_cpp.dir/rosidl_typesupport_fastrtps_cpp/turtlesim/msg/detail/dds_fastrtps/color__type_support.cpp.o[0m
[5.225s] [35m[1mScanning dependencies of target turtlesim__rosidl_typesupport_introspection_c[0m
[5.228s] [ 42%] [32mBuilding CXX object CMakeFiles/turtlesim__rosidl_typesupport_fastrtps_cpp.dir/rosidl_typesupport_fastrtps_cpp/turtlesim/msg/detail/dds_fastrtps/pose__type_support.cpp.o[0m
[5.242s] [ 43%] [32mBuilding CXX object CMakeFiles/turtlesim__rosidl_typesupport_fastrtps_cpp.dir/rosidl_typesupport_fastrtps_cpp/turtlesim/srv/detail/dds_fastrtps/kill__type_support.cpp.o[0m
[5.246s] [ 44%] [32mBuilding CXX object CMakeFiles/turtlesim__rosidl_typesupport_fastrtps_cpp.dir/rosidl_typesupport_fastrtps_cpp/turtlesim/srv/detail/dds_fastrtps/set_pen__type_support.cpp.o[0m
[5.247s] [ 46%] [32mBuilding CXX object CMakeFiles/turtlesim__rosidl_typesupport_c.dir/rosidl_typesupport_c/turtlesim/srv/teleport_absolute__type_support.cpp.o[0m
[5.247s] [ 46%] [32mBuilding CXX object CMakeFiles/turtlesim__rosidl_typesupport_c.dir/rosidl_typesupport_c/turtlesim/srv/teleport_relative__type_support.cpp.o[0m
[5.248s] [ 47%] [32mBuilding CXX object CMakeFiles/turtlesim__rosidl_typesupport_fastrtps_cpp.dir/rosidl_typesupport_fastrtps_cpp/turtlesim/srv/detail/dds_fastrtps/spawn__type_support.cpp.o[0m
[5.253s] [ 48%] [32mBuilding CXX object CMakeFiles/turtlesim__rosidl_typesupport_fastrtps_cpp.dir/rosidl_typesupport_fastrtps_cpp/turtlesim/srv/detail/dds_fastrtps/teleport_absolute__type_support.cpp.o[0m
[5.268s] [ 49%] [32mBuilding C object CMakeFiles/turtlesim__rosidl_typesupport_introspection_c.dir/rosidl_typesupport_introspection_c/turtlesim/action/detail/rotate_absolute__type_support.c.o[0m
[5.289s] [ 50%] [32mBuilding C object CMakeFiles/turtlesim__rosidl_typesupport_introspection_c.dir/rosidl_typesupport_introspection_c/turtlesim/msg/detail/color__type_support.c.o[0m
[5.289s] [ 51%] [32mBuilding C object CMakeFiles/turtlesim__rosidl_typesupport_introspection_c.dir/rosidl_typesupport_introspection_c/turtlesim/msg/detail/pose__type_support.c.o[0m
[5.295s] [ 52%] [32m[1mLinking CXX shared library libturtlesim__rosidl_typesupport_c.so[0m
[5.338s] [ 53%] [32mBuilding CXX object CMakeFiles/turtlesim__rosidl_typesupport_fastrtps_cpp.dir/rosidl_typesupport_fastrtps_cpp/turtlesim/srv/detail/dds_fastrtps/teleport_relative__type_support.cpp.o[0m
[5.354s] [ 54%] [32mBuilding C object CMakeFiles/turtlesim__rosidl_typesupport_introspection_c.dir/rosidl_typesupport_introspection_c/turtlesim/srv/detail/kill__type_support.c.o[0m
[5.367s] [ 55%] [32mBuilding C object CMakeFiles/turtlesim__rosidl_typesupport_introspection_c.dir/rosidl_typesupport_introspection_c/turtlesim/srv/detail/set_pen__type_support.c.o[0m
[5.376s] [ 55%] Built target turtlesim__rosidl_typesupport_c
[5.389s] [ 56%] [32mBuilding C object CMakeFiles/turtlesim__rosidl_typesupport_introspection_c.dir/rosidl_typesupport_introspection_c/turtlesim/srv/detail/spawn__type_support.c.o[0m
[5.395s] [ 57%] [32m[1mLinking CXX shared library libturtlesim__rosidl_typesupport_introspection_cpp.so[0m
[5.454s] [ 58%] [32mBuilding C object CMakeFiles/turtlesim__rosidl_typesupport_introspection_c.dir/rosidl_typesupport_introspection_c/turtlesim/srv/detail/teleport_absolute__type_support.c.o[0m
[5.470s] [ 59%] [32mBuilding C object CMakeFiles/turtlesim__rosidl_typesupport_introspection_c.dir/rosidl_typesupport_introspection_c/turtlesim/srv/detail/teleport_relative__type_support.c.o[0m
[5.522s] [ 60%] [32m[1mLinking C shared library libturtlesim__rosidl_typesupport_introspection_c.so[0m
[5.536s] [ 60%] Built target turtlesim__rosidl_typesupport_introspection_cpp
[5.563s] [ 60%] Built target turtlesim__rosidl_typesupport_introspection_c
[5.900s] [ 61%] [32m[1mLinking CXX shared library libturtlesim__rosidl_typesupport_fastrtps_cpp.so[0m
[5.980s] [ 61%] Built target turtlesim__rosidl_typesupport_fastrtps_cpp
[5.990s] [ 62%] [34m[1mGenerating C type support for eProsima Fast-RTPS[0m
[6.584s] [35m[1mScanning dependencies of target turtlesim__rosidl_typesupport_fastrtps_c[0m
[6.617s] [ 63%] [32mBuilding CXX object CMakeFiles/turtlesim__rosidl_typesupport_fastrtps_c.dir/rosidl_typesupport_fastrtps_c/turtlesim/msg/detail/pose__type_support_c.cpp.o[0m
[6.618s] [ 64%] [32mBuilding CXX object CMakeFiles/turtlesim__rosidl_typesupport_fastrtps_c.dir/rosidl_typesupport_fastrtps_c/turtlesim/srv/detail/spawn__type_support_c.cpp.o[0m
[6.619s] [ 66%] [32mBuilding CXX object CMakeFiles/turtlesim__rosidl_typesupport_fastrtps_c.dir/rosidl_typesupport_fastrtps_c/turtlesim/action/detail/rotate_absolute__type_support_c.cpp.o[0m
[6.619s] [ 66%] [32mBuilding CXX object CMakeFiles/turtlesim__rosidl_typesupport_fastrtps_c.dir/rosidl_typesupport_fastrtps_c/turtlesim/msg/detail/color__type_support_c.cpp.o[0m
[6.619s] [ 67%] [32mBuilding CXX object CMakeFiles/turtlesim__rosidl_typesupport_fastrtps_c.dir/rosidl_typesupport_fastrtps_c/turtlesim/srv/detail/kill__type_support_c.cpp.o[0m
[6.620s] [ 68%] [32mBuilding CXX object CMakeFiles/turtlesim__rosidl_typesupport_fastrtps_c.dir/rosidl_typesupport_fastrtps_c/turtlesim/srv/detail/set_pen__type_support_c.cpp.o[0m
[6.620s] [ 69%] [32mBuilding CXX object CMakeFiles/turtlesim__rosidl_typesupport_fastrtps_c.dir/rosidl_typesupport_fastrtps_c/turtlesim/srv/detail/teleport_absolute__type_support_c.cpp.o[0m
[6.620s] [ 70%] [32mBuilding CXX object CMakeFiles/turtlesim__rosidl_typesupport_fastrtps_c.dir/rosidl_typesupport_fastrtps_c/turtlesim/srv/detail/teleport_relative__type_support_c.cpp.o[0m
[7.121s] [ 71%] [32m[1mLinking CXX shared library libturtlesim__rosidl_typesupport_fastrtps_c.so[0m
[7.198s] [ 71%] Built target turtlesim__rosidl_typesupport_fastrtps_c
[7.207s] [35m[1mScanning dependencies of target turtlesim[0m
[7.216s] [ 71%] Built target turtlesim
[7.225s] [ 72%] [34m[1mGenerating include/turtlesim/moc_turtle_frame.cpp[0m
[7.225s] [35m[1mScanning dependencies of target turtle_teleop_key[0m
[7.225s] [35m[1mScanning dependencies of target draw_square[0m
[7.225s] [35m[1mScanning dependencies of target mimic[0m
[7.226s] [35m[1mScanning dependencies of target turtlesim__py[0m
[7.235s] [ 73%] [34m[1mGenerating Python code for ROS interfaces[0m
[7.266s] [ 74%] [32mBuilding CXX object CMakeFiles/mimic.dir/tutorials/mimic.cpp.o[0m
[7.284s] [ 75%] [32mBuilding CXX object CMakeFiles/draw_square.dir/tutorials/draw_square.cpp.o[0m
[7.288s] [ 76%] [32mBuilding CXX object CMakeFiles/turtle_teleop_key.dir/tutorials/teleop_turtle_key.cpp.o[0m
[7.292s] [35m[1mScanning dependencies of target turtlesim_node[0m
[7.373s] [ 77%] [32mBuilding CXX object CMakeFiles/turtlesim_node.dir/src/turtle_frame.cpp.o[0m
[7.375s] [ 78%] [32mBuilding CXX object CMakeFiles/turtlesim_node.dir/src/turtle.cpp.o[0m
[7.375s] [ 79%] [32mBuilding CXX object CMakeFiles/turtlesim_node.dir/src/turtlesim.cpp.o[0m
[7.377s] [ 80%] [32mBuilding CXX object CMakeFiles/turtlesim_node.dir/include/turtlesim/moc_turtle_frame.cpp.o[0m
[9.283s] [ 80%] Built target turtlesim__py
[9.297s] [35m[1mScanning dependencies of target turtlesim__python[0m
[9.366s] [ 82%] [32mBuilding C object CMakeFiles/turtlesim__python.dir/rosidl_generator_py/turtlesim/msg/_color_s.c.o[0m
[9.367s] [ 82%] [32mBuilding C object CMakeFiles/turtlesim__python.dir/rosidl_generator_py/turtlesim/action/_rotate_absolute_s.c.o[0m
[9.367s] [ 83%] [32mBuilding C object CMakeFiles/turtlesim__python.dir/rosidl_generator_py/turtlesim/msg/_pose_s.c.o[0m
[9.370s] [ 84%] [32mBuilding C object CMakeFiles/turtlesim__python.dir/rosidl_generator_py/turtlesim/srv/_kill_s.c.o[0m
[9.379s] [ 85%] [32mBuilding C object CMakeFiles/turtlesim__python.dir/rosidl_generator_py/turtlesim/srv/_set_pen_s.c.o[0m
[9.521s] [ 86%] [32mBuilding C object CMakeFiles/turtlesim__python.dir/rosidl_generator_py/turtlesim/srv/_spawn_s.c.o[0m
[9.545s] [ 87%] [32mBuilding C object CMakeFiles/turtlesim__python.dir/rosidl_generator_py/turtlesim/srv/_teleport_absolute_s.c.o[0m
[9.565s] [ 88%] [32mBuilding C object CMakeFiles/turtlesim__python.dir/rosidl_generator_py/turtlesim/srv/_teleport_relative_s.c.o[0m
[9.710s] [ 89%] [32m[1mLinking C shared library rosidl_generator_py/turtlesim/libturtlesim__python.so[0m
[9.767s] [ 89%] Built target turtlesim__python
[9.782s] [35m[1mScanning dependencies of target turtlesim__rosidl_typesupport_introspection_c__pyext[0m
[9.782s] [35m[1mScanning dependencies of target turtlesim__rosidl_typesupport_c__pyext[0m
[9.782s] [35m[1mScanning dependencies of target turtlesim__rosidl_typesupport_fastrtps_c__pyext[0m
[9.815s] [ 90%] [32mBuilding C object CMakeFiles/turtlesim__rosidl_typesupport_introspection_c__pyext.dir/rosidl_generator_py/turtlesim/_turtlesim_s.ep.rosidl_typesupport_introspection_c.c.o[0m
[9.817s] [ 91%] [32mBuilding C object CMakeFiles/turtlesim__rosidl_typesupport_c__pyext.dir/rosidl_generator_py/turtlesim/_turtlesim_s.ep.rosidl_typesupport_c.c.o[0m
[9.822s] [ 92%] [32mBuilding C object CMakeFiles/turtlesim__rosidl_typesupport_fastrtps_c__pyext.dir/rosidl_generator_py/turtlesim/_turtlesim_s.ep.rosidl_typesupport_fastrtps_c.c.o[0m
[10.068s] [ 93%] [32m[1mLinking C shared library rosidl_generator_py/turtlesim/turtlesim_s__rosidl_typesupport_c.cpython-38-x86_64-linux-gnu.so[0m
[10.069s] [ 94%] [32m[1mLinking C shared library rosidl_generator_py/turtlesim/turtlesim_s__rosidl_typesupport_introspection_c.cpython-38-x86_64-linux-gnu.so[0m
[10.084s] [ 95%] [32m[1mLinking CXX shared library rosidl_generator_py/turtlesim/turtlesim_s__rosidl_typesupport_fastrtps_c.cpython-38-x86_64-linux-gnu.so[0m
[10.138s] [ 95%] Built target turtlesim__rosidl_typesupport_c__pyext
[10.143s] [ 95%] Built target turtlesim__rosidl_typesupport_introspection_c__pyext
[10.210s] [ 95%] Built target turtlesim__rosidl_typesupport_fastrtps_c__pyext
[13.004s] [ 96%] [32m[1mLinking CXX executable turtle_teleop_key[0m
[13.285s] [ 96%] Built target turtle_teleop_key
[15.189s] [ 97%] [32m[1mLinking CXX executable mimic[0m
[15.536s] [ 97%] Built target mimic
[16.991s] [ 98%] [32m[1mLinking CXX executable draw_square[0m
[17.344s] [ 98%] Built target draw_square
[17.702s] [100%] [32m[1mLinking CXX executable turtlesim_node[0m
[19.034s] [100%] Built target turtlesim_node
[19.045s] Invoked command in '/home/leejeonghun/ros2_example_ws/build/turtlesim' returned '0': CMAKE_PREFIX_PATH=/opt/ros/galactic /usr/bin/cmake --build /home/leejeonghun/ros2_example_ws/build/turtlesim -- -j12 -l12
[19.173s] Invoking command in '/home/leejeonghun/ros2_example_ws/build/turtlesim': CMAKE_PREFIX_PATH=/opt/ros/galactic /usr/bin/cmake --install /home/leejeonghun/ros2_example_ws/build/turtlesim
[19.180s] -- Install configuration: ""
[19.180s] -- Installing: /home/leejeonghun/ros2_example_ws/install/turtlesim/share/ament_index/resource_index/rosidl_interfaces/turtlesim
[19.180s] -- Installing: /home/leejeonghun/ros2_example_ws/install/turtlesim/include/turtlesim
[19.181s] -- Installing: /home/leejeonghun/ros2_example_ws/install/turtlesim/include/turtlesim/msg
[19.181s] -- Installing: /home/leejeonghun/ros2_example_ws/install/turtlesim/include/turtlesim/msg/rosidl_generator_c__visibility_control.h
[19.181s] -- Installing: /home/leejeonghun/ros2_example_ws/install/turtlesim/include/turtlesim/msg/pose.h
[19.181s] -- Installing: /home/leejeonghun/ros2_example_ws/install/turtlesim/include/turtlesim/msg/detail
[19.181s] -- Installing: /home/leejeonghun/ros2_example_ws/install/turtlesim/include/turtlesim/msg/detail/color__functions.c
[19.181s] -- Installing: /home/leejeonghun/ros2_example_ws/install/turtlesim/include/turtlesim/msg/detail/pose__functions.c
[19.181s] -- Installing: /home/leejeonghun/ros2_example_ws/install/turtlesim/include/turtlesim/msg/detail/color__type_support.h
[19.181s] -- Installing: /home/leejeonghun/ros2_example_ws/install/turtlesim/include/turtlesim/msg/detail/color__struct.h
[19.182s] -- Installing: /home/leejeonghun/ros2_example_ws/install/turtlesim/include/turtlesim/msg/detail/pose__functions.h
[19.182s] -- Installing: /home/leejeonghun/ros2_example_ws/install/turtlesim/include/turtlesim/msg/detail/pose__type_support.h
[19.182s] -- Installing: /home/leejeonghun/ros2_example_ws/install/turtlesim/include/turtlesim/msg/detail/pose__struct.h
[19.182s] -- Installing: /home/leejeonghun/ros2_example_ws/install/turtlesim/include/turtlesim/msg/detail/color__functions.h
[19.182s] -- Installing: /home/leejeonghun/ros2_example_ws/install/turtlesim/include/turtlesim/msg/color.h
[19.182s] -- Installing: /home/leejeonghun/ros2_example_ws/install/turtlesim/include/turtlesim/srv
[19.182s] -- Installing: /home/leejeonghun/ros2_example_ws/install/turtlesim/include/turtlesim/srv/teleport_absolute.h
[19.182s] -- Installing: /home/leejeonghun/ros2_example_ws/install/turtlesim/include/turtlesim/srv/kill.h
[19.182s] -- Installing: /home/leejeonghun/ros2_example_ws/install/turtlesim/include/turtlesim/srv/spawn.h
[19.182s] -- Installing: /home/leejeonghun/ros2_example_ws/install/turtlesim/include/turtlesim/srv/teleport_relative.h
[19.182s] -- Installing: /home/leejeonghun/ros2_example_ws/install/turtlesim/include/turtlesim/srv/set_pen.h
[19.182s] -- Installing: /home/leejeonghun/ros2_example_ws/install/turtlesim/include/turtlesim/srv/detail
[19.182s] -- Installing: /home/leejeonghun/ros2_example_ws/install/turtlesim/include/turtlesim/srv/detail/teleport_absolute__struct.h
[19.182s] -- Installing: /home/leejeonghun/ros2_example_ws/install/turtlesim/include/turtlesim/srv/detail/set_pen__struct.h
[19.183s] -- Installing: /home/leejeonghun/ros2_example_ws/install/turtlesim/include/turtlesim/srv/detail/teleport_relative__struct.h
[19.183s] -- Installing: /home/leejeonghun/ros2_example_ws/install/turtlesim/include/turtlesim/srv/detail/spawn__struct.h
[19.183s] -- Installing: /home/leejeonghun/ros2_example_ws/install/turtlesim/include/turtlesim/srv/detail/kill__functions.h
[19.183s] -- Installing: /home/leejeonghun/ros2_example_ws/install/turtlesim/include/turtlesim/srv/detail/teleport_absolute__type_support.h
[19.183s] -- Installing: /home/leejeonghun/ros2_example_ws/install/turtlesim/include/turtlesim/srv/detail/set_pen__type_support.h
[19.183s] -- Installing: /home/leejeonghun/ros2_example_ws/install/turtlesim/include/turtlesim/srv/detail/spawn__type_support.h
[19.183s] -- Installing: /home/leejeonghun/ros2_example_ws/install/turtlesim/include/turtlesim/srv/detail/kill__struct.h
[19.183s] -- Installing: /home/leejeonghun/ros2_example_ws/install/turtlesim/include/turtlesim/srv/detail/teleport_absolute__functions.h
[19.183s] -- Installing: /home/leejeonghun/ros2_example_ws/install/turtlesim/include/turtlesim/srv/detail/set_pen__functions.c
[19.183s] -- Installing: /home/leejeonghun/ros2_example_ws/install/turtlesim/include/turtlesim/srv/detail/teleport_relative__functions.c
[19.183s] -- Installing: /home/leejeonghun/ros2_example_ws/install/turtlesim/include/turtlesim/srv/detail/kill__functions.c
[19.183s] -- Installing: /home/leejeonghun/ros2_example_ws/install/turtlesim/include/turtlesim/srv/detail/spawn__functions.c
[19.183s] -- Installing: /home/leejeonghun/ros2_example_ws/install/turtlesim/include/turtlesim/srv/detail/teleport_relative__type_support.h
[19.183s] -- Installing: /home/leejeonghun/ros2_example_ws/install/turtlesim/include/turtlesim/srv/detail/teleport_absolute__functions.c
[19.183s] -- Installing: /home/leejeonghun/ros2_example_ws/install/turtlesim/include/turtlesim/srv/detail/teleport_relative__functions.h
[19.184s] -- Installing: /home/leejeonghun/ros2_example_ws/install/turtlesim/include/turtlesim/srv/detail/kill__type_support.h
[19.184s] -- Installing: /home/leejeonghun/ros2_example_ws/install/turtlesim/include/turtlesim/srv/detail/spawn__functions.h
[19.184s] -- Installing: /home/leejeonghun/ros2_example_ws/install/turtlesim/include/turtlesim/srv/detail/set_pen__functions.h
[19.184s] -- Installing: /home/leejeonghun/ros2_example_ws/install/turtlesim/include/turtlesim/action
[19.184s] -- Installing: /home/leejeonghun/ros2_example_ws/install/turtlesim/include/turtlesim/action/rotate_absolute.h
[19.184s] -- Installing: /home/leejeonghun/ros2_example_ws/install/turtlesim/include/turtlesim/action/detail
[19.184s] -- Installing: /home/leejeonghun/ros2_example_ws/install/turtlesim/include/turtlesim/action/detail/rotate_absolute__functions.c
[19.184s] -- Installing: /home/leejeonghun/ros2_example_ws/install/turtlesim/include/turtlesim/action/detail/rotate_absolute__functions.h
[19.184s] -- Installing: /home/leejeonghun/ros2_example_ws/install/turtlesim/include/turtlesim/action/detail/rotate_absolute__struct.h
[19.184s] -- Installing: /home/leejeonghun/ros2_example_ws/install/turtlesim/include/turtlesim/action/detail/rotate_absolute__type_support.h
[19.184s] -- Installing: /home/leejeonghun/ros2_example_ws/install/turtlesim/share/turtlesim/environment/library_path.sh
[19.184s] -- Installing: /home/leejeonghun/ros2_example_ws/install/turtlesim/share/turtlesim/environment/library_path.dsv
[19.184s] -- Installing: /home/leejeonghun/ros2_example_ws/install/turtlesim/lib/libturtlesim__rosidl_generator_c.so
[19.185s] -- Set runtime path of "/home/leejeonghun/ros2_example_ws/install/turtlesim/lib/libturtlesim__rosidl_generator_c.so" to ""
[19.185s] -- Up-to-date: /home/leejeonghun/ros2_example_ws/install/turtlesim/include/turtlesim
[19.185s] -- Up-to-date: /home/leejeonghun/ros2_example_ws/install/turtlesim/include/turtlesim/msg
[19.185s] -- Installing: /home/leejeonghun/ros2_example_ws/install/turtlesim/include/turtlesim/msg/rosidl_typesupport_fastrtps_c__visibility_control.h
[19.185s] -- Up-to-date: /home/leejeonghun/ros2_example_ws/install/turtlesim/include/turtlesim/msg/detail
[19.185s] -- Installing: /home/leejeonghun/ros2_example_ws/install/turtlesim/include/turtlesim/msg/detail/color__rosidl_typesupport_fastrtps_c.h
[19.185s] -- Installing: /home/leejeonghun/ros2_example_ws/install/turtlesim/include/turtlesim/msg/detail/pose__rosidl_typesupport_fastrtps_c.h
[19.185s] -- Up-to-date: /home/leejeonghun/ros2_example_ws/install/turtlesim/include/turtlesim/srv
[19.185s] -- Up-to-date: /home/leejeonghun/ros2_example_ws/install/turtlesim/include/turtlesim/srv/detail
[19.185s] -- Installing: /home/leejeonghun/ros2_example_ws/install/turtlesim/include/turtlesim/srv/detail/spawn__rosidl_typesupport_fastrtps_c.h
[19.185s] -- Installing: /home/leejeonghun/ros2_example_ws/install/turtlesim/include/turtlesim/srv/detail/teleport_relative__rosidl_typesupport_fastrtps_c.h
[19.186s] -- Installing: /home/leejeonghun/ros2_example_ws/install/turtlesim/include/turtlesim/srv/detail/set_pen__rosidl_typesupport_fastrtps_c.h
[19.186s] -- Installing: /home/leejeonghun/ros2_example_ws/install/turtlesim/include/turtlesim/srv/detail/kill__rosidl_typesupport_fastrtps_c.h
[19.186s] -- Installing: /home/leejeonghun/ros2_example_ws/install/turtlesim/include/turtlesim/srv/detail/teleport_absolute__rosidl_typesupport_fastrtps_c.h
[19.186s] -- Up-to-date: /home/leejeonghun/ros2_example_ws/install/turtlesim/include/turtlesim/action
[19.186s] -- Up-to-date: /home/leejeonghun/ros2_example_ws/install/turtlesim/include/turtlesim/action/detail
[19.186s] -- Installing: /home/leejeonghun/ros2_example_ws/install/turtlesim/include/turtlesim/action/detail/rotate_absolute__rosidl_typesupport_fastrtps_c.h
[19.186s] -- Installing: /home/leejeonghun/ros2_example_ws/install/turtlesim/lib/libturtlesim__rosidl_typesupport_fastrtps_c.so
[19.186s] -- Set runtime path of "/home/leejeonghun/ros2_example_ws/install/turtlesim/lib/libturtlesim__rosidl_typesupport_fastrtps_c.so" to ""
[19.186s] -- Up-to-date: /home/leejeonghun/ros2_example_ws/install/turtlesim/include/turtlesim
[19.186s] -- Up-to-date: /home/leejeonghun/ros2_example_ws/install/turtlesim/include/turtlesim/msg
[19.186s] -- Installing: /home/leejeonghun/ros2_example_ws/install/turtlesim/include/turtlesim/msg/rosidl_typesupport_fastrtps_cpp__visibility_control.h
[19.186s] -- Up-to-date: /home/leejeonghun/ros2_example_ws/install/turtlesim/include/turtlesim/msg/detail
[19.186s] -- Installing: /home/leejeonghun/ros2_example_ws/install/turtlesim/include/turtlesim/msg/detail/dds_fastrtps
[19.186s] -- Installing: /home/leejeonghun/ros2_example_ws/install/turtlesim/include/turtlesim/msg/detail/color__rosidl_typesupport_fastrtps_cpp.hpp
[19.187s] -- Installing: /home/leejeonghun/ros2_example_ws/install/turtlesim/include/turtlesim/msg/detail/pose__rosidl_typesupport_fastrtps_cpp.hpp
[19.187s] -- Up-to-date: /home/leejeonghun/ros2_example_ws/install/turtlesim/include/turtlesim/srv
[19.187s] -- Up-to-date: /home/leejeonghun/ros2_example_ws/install/turtlesim/include/turtlesim/srv/detail
[19.187s] -- Installing: /home/leejeonghun/ros2_example_ws/install/turtlesim/include/turtlesim/srv/detail/teleport_absolute__rosidl_typesupport_fastrtps_cpp.hpp
[19.187s] -- Installing: /home/leejeonghun/ros2_example_ws/install/turtlesim/include/turtlesim/srv/detail/teleport_relative__rosidl_typesupport_fastrtps_cpp.hpp
[19.187s] -- Installing: /home/leejeonghun/ros2_example_ws/install/turtlesim/include/turtlesim/srv/detail/set_pen__rosidl_typesupport_fastrtps_cpp.hpp
[19.187s] -- Installing: /home/leejeonghun/ros2_example_ws/install/turtlesim/include/turtlesim/srv/detail/spawn__rosidl_typesupport_fastrtps_cpp.hpp
[19.187s] -- Installing: /home/leejeonghun/ros2_example_ws/install/turtlesim/include/turtlesim/srv/detail/dds_fastrtps
[19.187s] -- Installing: /home/leejeonghun/ros2_example_ws/install/turtlesim/include/turtlesim/srv/detail/kill__rosidl_typesupport_fastrtps_cpp.hpp
[19.187s] -- Up-to-date: /home/leejeonghun/ros2_example_ws/install/turtlesim/include/turtlesim/action
[19.187s] -- Up-to-date: /home/leejeonghun/ros2_example_ws/install/turtlesim/include/turtlesim/action/detail
[19.187s] -- Installing: /home/leejeonghun/ros2_example_ws/install/turtlesim/include/turtlesim/action/detail/rotate_absolute__rosidl_typesupport_fastrtps_cpp.hpp
[19.187s] -- Installing: /home/leejeonghun/ros2_example_ws/install/turtlesim/include/turtlesim/action/detail/dds_fastrtps
[19.187s] -- Installing: /home/leejeonghun/ros2_example_ws/install/turtlesim/lib/libturtlesim__rosidl_typesupport_fastrtps_cpp.so
[19.188s] -- Set runtime path of "/home/leejeonghun/ros2_example_ws/install/turtlesim/lib/libturtlesim__rosidl_typesupport_fastrtps_cpp.so" to ""
[19.188s] -- Up-to-date: /home/leejeonghun/ros2_example_ws/install/turtlesim/include/turtlesim
[19.188s] -- Up-to-date: /home/leejeonghun/ros2_example_ws/install/turtlesim/include/turtlesim/msg
[19.188s] -- Installing: /home/leejeonghun/ros2_example_ws/install/turtlesim/include/turtlesim/msg/rosidl_typesupport_introspection_c__visibility_control.h
[19.188s] -- Up-to-date: /home/leejeonghun/ros2_example_ws/install/turtlesim/include/turtlesim/msg/detail
[19.188s] -- Installing: /home/leejeonghun/ros2_example_ws/install/turtlesim/include/turtlesim/msg/detail/pose__rosidl_typesupport_introspection_c.h
[19.188s] -- Installing: /home/leejeonghun/ros2_example_ws/install/turtlesim/include/turtlesim/msg/detail/pose__type_support.c
[19.188s] -- Installing: /home/leejeonghun/ros2_example_ws/install/turtlesim/include/turtlesim/msg/detail/color__type_support.c
[19.188s] -- Installing: /home/leejeonghun/ros2_example_ws/install/turtlesim/include/turtlesim/msg/detail/color__rosidl_typesupport_introspection_c.h
[19.188s] -- Up-to-date: /home/leejeonghun/ros2_example_ws/install/turtlesim/include/turtlesim/srv
[19.188s] -- Up-to-date: /home/leejeonghun/ros2_example_ws/install/turtlesim/include/turtlesim/srv/detail
[19.188s] -- Installing: /home/leejeonghun/ros2_example_ws/install/turtlesim/include/turtlesim/srv/detail/teleport_absolute__rosidl_typesupport_introspection_c.h
[19.188s] -- Installing: /home/leejeonghun/ros2_example_ws/install/turtlesim/include/turtlesim/srv/detail/teleport_relative__rosidl_typesupport_introspection_c.h
[19.189s] -- Installing: /home/leejeonghun/ros2_example_ws/install/turtlesim/include/turtlesim/srv/detail/kill__type_support.c
[19.189s] -- Installing: /home/leejeonghun/ros2_example_ws/install/turtlesim/include/turtlesim/srv/detail/teleport_relative__type_support.c
[19.189s] -- Installing: /home/leejeonghun/ros2_example_ws/install/turtlesim/include/turtlesim/srv/detail/set_pen__rosidl_typesupport_introspection_c.h
[19.189s] -- Installing: /home/leejeonghun/ros2_example_ws/install/turtlesim/include/turtlesim/srv/detail/spawn__rosidl_typesupport_introspection_c.h
[19.189s] -- Installing: /home/leejeonghun/ros2_example_ws/install/turtlesim/include/turtlesim/srv/detail/kill__rosidl_typesupport_introspection_c.h
[19.189s] -- Installing: /home/leejeonghun/ros2_example_ws/install/turtlesim/include/turtlesim/srv/detail/set_pen__type_support.c
[19.189s] -- Installing: /home/leejeonghun/ros2_example_ws/install/turtlesim/include/turtlesim/srv/detail/spawn__type_support.c
[19.189s] -- Installing: /home/leejeonghun/ros2_example_ws/install/turtlesim/include/turtlesim/srv/detail/teleport_absolute__type_support.c
[19.189s] -- Up-to-date: /home/leejeonghun/ros2_example_ws/install/turtlesim/include/turtlesim/action
[19.189s] -- Up-to-date: /home/leejeonghun/ros2_example_ws/install/turtlesim/include/turtlesim/action/detail
[19.189s] -- Installing: /home/leejeonghun/ros2_example_ws/install/turtlesim/include/turtlesim/action/detail/rotate_absolute__type_support.c
[19.189s] -- Installing: /home/leejeonghun/ros2_example_ws/install/turtlesim/include/turtlesim/action/detail/rotate_absolute__rosidl_typesupport_introspection_c.h
[19.189s] -- Installing: /home/leejeonghun/ros2_example_ws/install/turtlesim/lib/libturtlesim__rosidl_typesupport_introspection_c.so
[19.190s] -- Set runtime path of "/home/leejeonghun/ros2_example_ws/install/turtlesim/lib/libturtlesim__rosidl_typesupport_introspection_c.so" to ""
[19.190s] -- Installing: /home/leejeonghun/ros2_example_ws/install/turtlesim/lib/libturtlesim__rosidl_typesupport_c.so
[19.190s] -- Set runtime path of "/home/leejeonghun/ros2_example_ws/install/turtlesim/lib/libturtlesim__rosidl_typesupport_c.so" to ""
[19.190s] -- Up-to-date: /home/leejeonghun/ros2_example_ws/install/turtlesim/include/turtlesim
[19.190s] -- Up-to-date: /home/leejeonghun/ros2_example_ws/install/turtlesim/include/turtlesim/msg
[19.190s] -- Installing: /home/leejeonghun/ros2_example_ws/install/turtlesim/include/turtlesim/msg/color.hpp
[19.190s] -- Installing: /home/leejeonghun/ros2_example_ws/install/turtlesim/include/turtlesim/msg/pose.hpp
[19.190s] -- Up-to-date: /home/leejeonghun/ros2_example_ws/install/turtlesim/include/turtlesim/msg/detail
[19.190s] -- Installing: /home/leejeonghun/ros2_example_ws/install/turtlesim/include/turtlesim/msg/detail/color__struct.hpp
[19.190s] -- Installing: /home/leejeonghun/ros2_example_ws/install/turtlesim/include/turtlesim/msg/detail/pose__builder.hpp
[19.191s] -- Installing: /home/leejeonghun/ros2_example_ws/install/turtlesim/include/turtlesim/msg/detail/color__traits.hpp
[19.191s] -- Installing: /home/leejeonghun/ros2_example_ws/install/turtlesim/include/turtlesim/msg/detail/color__builder.hpp
[19.191s] -- Installing: /home/leejeonghun/ros2_example_ws/install/turtlesim/include/turtlesim/msg/detail/pose__struct.hpp
[19.191s] -- Installing: /home/leejeonghun/ros2_example_ws/install/turtlesim/include/turtlesim/msg/detail/pose__traits.hpp
[19.191s] -- Up-to-date: /home/leejeonghun/ros2_example_ws/install/turtlesim/include/turtlesim/srv
[19.191s] -- Installing: /home/leejeonghun/ros2_example_ws/install/turtlesim/include/turtlesim/srv/spawn.hpp
[19.191s] -- Installing: /home/leejeonghun/ros2_example_ws/install/turtlesim/include/turtlesim/srv/kill.hpp
[19.191s] -- Installing: /home/leejeonghun/ros2_example_ws/install/turtlesim/include/turtlesim/srv/teleport_relative.hpp
[19.191s] -- Installing: /home/leejeonghun/ros2_example_ws/install/turtlesim/include/turtlesim/srv/teleport_absolute.hpp
[19.191s] -- Installing: /home/leejeonghun/ros2_example_ws/install/turtlesim/include/turtlesim/srv/set_pen.hpp
[19.191s] -- Up-to-date: /home/leejeonghun/ros2_example_ws/install/turtlesim/include/turtlesim/srv/detail
[19.191s] -- Installing: /home/leejeonghun/ros2_example_ws/install/turtlesim/include/turtlesim/srv/detail/teleport_absolute__traits.hpp
[19.191s] -- Installing: /home/leejeonghun/ros2_example_ws/install/turtlesim/include/turtlesim/srv/detail/kill__builder.hpp
[19.191s] -- Installing: /home/leejeonghun/ros2_example_ws/install/turtlesim/include/turtlesim/srv/detail/spawn__traits.hpp
[19.192s] -- Installing: /home/leejeonghun/ros2_example_ws/install/turtlesim/include/turtlesim/srv/detail/teleport_absolute__builder.hpp
[19.192s] -- Installing: /home/leejeonghun/ros2_example_ws/install/turtlesim/include/turtlesim/srv/detail/set_pen__struct.hpp
[19.192s] -- Installing: /home/leejeonghun/ros2_example_ws/install/turtlesim/include/turtlesim/srv/detail/teleport_relative__traits.hpp
[19.192s] -- Installing: /home/leejeonghun/ros2_example_ws/install/turtlesim/include/turtlesim/srv/detail/kill__struct.hpp
[19.192s] -- Installing: /home/leejeonghun/ros2_example_ws/install/turtlesim/include/turtlesim/srv/detail/spawn__builder.hpp
[19.192s] -- Installing: /home/leejeonghun/ros2_example_ws/install/turtlesim/include/turtlesim/srv/detail/teleport_relative__builder.hpp
[19.192s] -- Installing: /home/leejeonghun/ros2_example_ws/install/turtlesim/include/turtlesim/srv/detail/kill__traits.hpp
[19.192s] -- Installing: /home/leejeonghun/ros2_example_ws/install/turtlesim/include/turtlesim/srv/detail/teleport_absolute__struct.hpp
[19.192s] -- Installing: /home/leejeonghun/ros2_example_ws/install/turtlesim/include/turtlesim/srv/detail/teleport_relative__struct.hpp
[19.192s] -- Installing: /home/leejeonghun/ros2_example_ws/install/turtlesim/include/turtlesim/srv/detail/set_pen__builder.hpp
[19.192s] -- Installing: /home/leejeonghun/ros2_example_ws/install/turtlesim/include/turtlesim/srv/detail/spawn__struct.hpp
[19.192s] -- Installing: /home/leejeonghun/ros2_example_ws/install/turtlesim/include/turtlesim/srv/detail/set_pen__traits.hpp
[19.192s] -- Up-to-date: /home/leejeonghun/ros2_example_ws/install/turtlesim/include/turtlesim/action
[19.192s] -- Installing: /home/leejeonghun/ros2_example_ws/install/turtlesim/include/turtlesim/action/rotate_absolute.hpp
[19.193s] -- Up-to-date: /home/leejeonghun/ros2_example_ws/install/turtlesim/include/turtlesim/action/detail
[19.193s] -- Installing: /home/leejeonghun/ros2_example_ws/install/turtlesim/include/turtlesim/action/detail/rotate_absolute__traits.hpp
[19.193s] -- Installing: /home/leejeonghun/ros2_example_ws/install/turtlesim/include/turtlesim/action/detail/rotate_absolute__builder.hpp
[19.193s] -- Installing: /home/leejeonghun/ros2_example_ws/install/turtlesim/include/turtlesim/action/detail/rotate_absolute__struct.hpp
[19.193s] -- Up-to-date: /home/leejeonghun/ros2_example_ws/install/turtlesim/include/turtlesim
[19.193s] -- Up-to-date: /home/leejeonghun/ros2_example_ws/install/turtlesim/include/turtlesim/msg
[19.193s] -- Up-to-date: /home/leejeonghun/ros2_example_ws/install/turtlesim/include/turtlesim/msg/detail
[19.193s] -- Installing: /home/leejeonghun/ros2_example_ws/install/turtlesim/include/turtlesim/msg/detail/pose__rosidl_typesupport_introspection_cpp.hpp
[19.193s] -- Installing: /home/leejeonghun/ros2_example_ws/install/turtlesim/include/turtlesim/msg/detail/color__rosidl_typesupport_introspection_cpp.hpp
[19.193s] -- Installing: /home/leejeonghun/ros2_example_ws/install/turtlesim/include/turtlesim/msg/detail/pose__type_support.cpp
[19.193s] -- Installing: /home/leejeonghun/ros2_example_ws/install/turtlesim/include/turtlesim/msg/detail/color__type_support.cpp
[19.193s] -- Up-to-date: /home/leejeonghun/ros2_example_ws/install/turtlesim/include/turtlesim/srv
[19.193s] -- Up-to-date: /home/leejeonghun/ros2_example_ws/install/turtlesim/include/turtlesim/srv/detail
[19.193s] -- Installing: /home/leejeonghun/ros2_example_ws/install/turtlesim/include/turtlesim/srv/detail/teleport_relative__type_support.cpp
[19.193s] -- Installing: /home/leejeonghun/ros2_example_ws/install/turtlesim/include/turtlesim/srv/detail/kill__type_support.cpp
[19.194s] -- Installing: /home/leejeonghun/ros2_example_ws/install/turtlesim/include/turtlesim/srv/detail/teleport_absolute__type_support.cpp
[19.194s] -- Installing: /home/leejeonghun/ros2_example_ws/install/turtlesim/include/turtlesim/srv/detail/spawn__rosidl_typesupport_introspection_cpp.hpp
[19.194s] -- Installing: /home/leejeonghun/ros2_example_ws/install/turtlesim/include/turtlesim/srv/detail/kill__rosidl_typesupport_introspection_cpp.hpp
[19.194s] -- Installing: /home/leejeonghun/ros2_example_ws/install/turtlesim/include/turtlesim/srv/detail/set_pen__type_support.cpp
[19.194s] -- Installing: /home/leejeonghun/ros2_example_ws/install/turtlesim/include/turtlesim/srv/detail/set_pen__rosidl_typesupport_introspection_cpp.hpp
[19.194s] -- Installing: /home/leejeonghun/ros2_example_ws/install/turtlesim/include/turtlesim/srv/detail/teleport_relative__rosidl_typesupport_introspection_cpp.hpp
[19.194s] -- Installing: /home/leejeonghun/ros2_example_ws/install/turtlesim/include/turtlesim/srv/detail/teleport_absolute__rosidl_typesupport_introspection_cpp.hpp
[19.194s] -- Installing: /home/leejeonghun/ros2_example_ws/install/turtlesim/include/turtlesim/srv/detail/spawn__type_support.cpp
[19.194s] -- Up-to-date: /home/leejeonghun/ros2_example_ws/install/turtlesim/include/turtlesim/action
[19.194s] -- Up-to-date: /home/leejeonghun/ros2_example_ws/install/turtlesim/include/turtlesim/action/detail
[19.194s] -- Installing: /home/leejeonghun/ros2_example_ws/install/turtlesim/include/turtlesim/action/detail/rotate_absolute__rosidl_typesupport_introspection_cpp.hpp
[19.194s] -- Installing: /home/leejeonghun/ros2_example_ws/install/turtlesim/include/turtlesim/action/detail/rotate_absolute__type_support.cpp
[19.194s] -- Installing: /home/leejeonghun/ros2_example_ws/install/turtlesim/lib/libturtlesim__rosidl_typesupport_introspection_cpp.so
[19.194s] -- Set runtime path of "/home/leejeonghun/ros2_example_ws/install/turtlesim/lib/libturtlesim__rosidl_typesupport_introspection_cpp.so" to ""
[19.195s] -- Installing: /home/leejeonghun/ros2_example_ws/install/turtlesim/lib/libturtlesim__rosidl_typesupport_cpp.so
[19.195s] -- Set runtime path of "/home/leejeonghun/ros2_example_ws/install/turtlesim/lib/libturtlesim__rosidl_typesupport_cpp.so" to ""
[19.195s] -- Installing: /home/leejeonghun/ros2_example_ws/install/turtlesim/share/turtlesim/environment/pythonpath.sh
[19.195s] -- Installing: /home/leejeonghun/ros2_example_ws/install/turtlesim/share/turtlesim/environment/pythonpath.dsv
[19.195s] -- Installing: /home/leejeonghun/ros2_example_ws/install/turtlesim/lib/python3.8/site-packages/turtlesim/__init__.py
[19.224s] Compiling '/home/leejeonghun/ros2_example_ws/install/turtlesim/lib/python3.8/site-packages/turtlesim/__init__.py'...
[19.227s] -- Installing: /home/leejeonghun/ros2_example_ws/install/turtlesim/lib/python3.8/site-packages/turtlesim/action
[19.227s] -- Installing: /home/leejeonghun/ros2_example_ws/install/turtlesim/lib/python3.8/site-packages/turtlesim/action/_rotate_absolute.py
[19.227s] -- Installing: /home/leejeonghun/ros2_example_ws/install/turtlesim/lib/python3.8/site-packages/turtlesim/action/_rotate_absolute_s.c
[19.228s] -- Installing: /home/leejeonghun/ros2_example_ws/install/turtlesim/lib/python3.8/site-packages/turtlesim/action/__init__.py
[19.228s] -- Installing: /home/leejeonghun/ros2_example_ws/install/turtlesim/lib/python3.8/site-packages/turtlesim/msg
[19.228s] -- Installing: /home/leejeonghun/ros2_example_ws/install/turtlesim/lib/python3.8/site-packages/turtlesim/msg/_color_s.c
[19.228s] -- Installing: /home/leejeonghun/ros2_example_ws/install/turtlesim/lib/python3.8/site-packages/turtlesim/msg/_pose_s.c
[19.228s] -- Installing: /home/leejeonghun/ros2_example_ws/install/turtlesim/lib/python3.8/site-packages/turtlesim/msg/_color.py
[19.228s] -- Installing: /home/leejeonghun/ros2_example_ws/install/turtlesim/lib/python3.8/site-packages/turtlesim/msg/__init__.py
[19.228s] -- Installing: /home/leejeonghun/ros2_example_ws/install/turtlesim/lib/python3.8/site-packages/turtlesim/msg/_pose.py
[19.228s] -- Installing: /home/leejeonghun/ros2_example_ws/install/turtlesim/lib/python3.8/site-packages/turtlesim/srv
[19.228s] -- Installing: /home/leejeonghun/ros2_example_ws/install/turtlesim/lib/python3.8/site-packages/turtlesim/srv/_set_pen.py
[19.228s] -- Installing: /home/leejeonghun/ros2_example_ws/install/turtlesim/lib/python3.8/site-packages/turtlesim/srv/_teleport_relative_s.c
[19.229s] -- Installing: /home/leejeonghun/ros2_example_ws/install/turtlesim/lib/python3.8/site-packages/turtlesim/srv/_spawn_s.c
[19.229s] -- Installing: /home/leejeonghun/ros2_example_ws/install/turtlesim/lib/python3.8/site-packages/turtlesim/srv/_spawn.py
[19.229s] -- Installing: /home/leejeonghun/ros2_example_ws/install/turtlesim/lib/python3.8/site-packages/turtlesim/srv/_teleport_absolute.py
[19.229s] -- Installing: /home/leejeonghun/ros2_example_ws/install/turtlesim/lib/python3.8/site-packages/turtlesim/srv/_teleport_absolute_s.c
[19.229s] -- Installing: /home/leejeonghun/ros2_example_ws/install/turtlesim/lib/python3.8/site-packages/turtlesim/srv/_set_pen_s.c
[19.229s] -- Installing: /home/leejeonghun/ros2_example_ws/install/turtlesim/lib/python3.8/site-packages/turtlesim/srv/_teleport_relative.py
[19.229s] -- Installing: /home/leejeonghun/ros2_example_ws/install/turtlesim/lib/python3.8/site-packages/turtlesim/srv/_kill.py
[19.229s] -- Installing: /home/leejeonghun/ros2_example_ws/install/turtlesim/lib/python3.8/site-packages/turtlesim/srv/__init__.py
[19.229s] -- Installing: /home/leejeonghun/ros2_example_ws/install/turtlesim/lib/python3.8/site-packages/turtlesim/srv/_kill_s.c
[19.229s] -- Installing: /home/leejeonghun/ros2_example_ws/install/turtlesim/lib/python3.8/site-packages/turtlesim/turtlesim_s__rosidl_typesupport_fastrtps_c.cpython-38-x86_64-linux-gnu.so
[19.229s] -- Set runtime path of "/home/leejeonghun/ros2_example_ws/install/turtlesim/lib/python3.8/site-packages/turtlesim/turtlesim_s__rosidl_typesupport_fastrtps_c.cpython-38-x86_64-linux-gnu.so" to ""
[19.229s] -- Installing: /home/leejeonghun/ros2_example_ws/install/turtlesim/lib/python3.8/site-packages/turtlesim/turtlesim_s__rosidl_typesupport_introspection_c.cpython-38-x86_64-linux-gnu.so
[19.230s] -- Set runtime path of "/home/leejeonghun/ros2_example_ws/install/turtlesim/lib/python3.8/site-packages/turtlesim/turtlesim_s__rosidl_typesupport_introspection_c.cpython-38-x86_64-linux-gnu.so" to ""
[19.230s] -- Installing: /home/leejeonghun/ros2_example_ws/install/turtlesim/lib/python3.8/site-packages/turtlesim/turtlesim_s__rosidl_typesupport_c.cpython-38-x86_64-linux-gnu.so
[19.231s] -- Set runtime path of "/home/leejeonghun/ros2_example_ws/install/turtlesim/lib/python3.8/site-packages/turtlesim/turtlesim_s__rosidl_typesupport_c.cpython-38-x86_64-linux-gnu.so" to ""
[19.231s] -- Installing: /home/leejeonghun/ros2_example_ws/install/turtlesim/lib/libturtlesim__python.so
[19.231s] -- Set runtime path of "/home/leejeonghun/ros2_example_ws/install/turtlesim/lib/libturtlesim__python.so" to ""
[19.231s] -- Installing: /home/leejeonghun/ros2_example_ws/install/turtlesim/share/turtlesim/action/RotateAbsolute.idl
[19.231s] -- Installing: /home/leejeonghun/ros2_example_ws/install/turtlesim/share/turtlesim/msg/Color.idl
[19.231s] -- Installing: /home/leejeonghun/ros2_example_ws/install/turtlesim/share/turtlesim/msg/Pose.idl
[19.231s] -- Installing: /home/leejeonghun/ros2_example_ws/install/turtlesim/share/turtlesim/srv/Kill.idl
[19.232s] -- Installing: /home/leejeonghun/ros2_example_ws/install/turtlesim/share/turtlesim/srv/SetPen.idl
[19.232s] -- Installing: /home/leejeonghun/ros2_example_ws/install/turtlesim/share/turtlesim/srv/Spawn.idl
[19.232s] -- Installing: /home/leejeonghun/ros2_example_ws/install/turtlesim/share/turtlesim/srv/TeleportAbsolute.idl
[19.232s] -- Installing: /home/leejeonghun/ros2_example_ws/install/turtlesim/share/turtlesim/srv/TeleportRelative.idl
[19.232s] -- Installing: /home/leejeonghun/ros2_example_ws/install/turtlesim/share/turtlesim/action/RotateAbsolute.action
[19.232s] -- Installing: /home/leejeonghun/ros2_example_ws/install/turtlesim/share/turtlesim/msg/Color.msg
[19.232s] -- Installing: /home/leejeonghun/ros2_example_ws/install/turtlesim/share/turtlesim/msg/Pose.msg
[19.232s] -- Installing: /home/leejeonghun/ros2_example_ws/install/turtlesim/share/turtlesim/srv/Kill.srv
[19.232s] -- Installing: /home/leejeonghun/ros2_example_ws/install/turtlesim/share/turtlesim/srv/Kill_Request.msg
[19.232s] -- Installing: /home/leejeonghun/ros2_example_ws/install/turtlesim/share/turtlesim/srv/Kill_Response.msg
[19.233s] -- Installing: /home/leejeonghun/ros2_example_ws/install/turtlesim/share/turtlesim/srv/SetPen.srv
[19.233s] -- Installing: /home/leejeonghun/ros2_example_ws/install/turtlesim/share/turtlesim/srv/SetPen_Request.msg
[19.233s] -- Installing: /home/leejeonghun/ros2_example_ws/install/turtlesim/share/turtlesim/srv/SetPen_Response.msg
[19.233s] -- Installing: /home/leejeonghun/ros2_example_ws/install/turtlesim/share/turtlesim/srv/Spawn.srv
[19.233s] -- Installing: /home/leejeonghun/ros2_example_ws/install/turtlesim/share/turtlesim/srv/Spawn_Request.msg
[19.233s] -- Installing: /home/leejeonghun/ros2_example_ws/install/turtlesim/share/turtlesim/srv/Spawn_Response.msg
[19.233s] -- Installing: /home/leejeonghun/ros2_example_ws/install/turtlesim/share/turtlesim/srv/TeleportAbsolute.srv
[19.233s] -- Installing: /home/leejeonghun/ros2_example_ws/install/turtlesim/share/turtlesim/srv/TeleportAbsolute_Request.msg
[19.233s] -- Installing: /home/leejeonghun/ros2_example_ws/install/turtlesim/share/turtlesim/srv/TeleportAbsolute_Response.msg
[19.233s] -- Installing: /home/leejeonghun/ros2_example_ws/install/turtlesim/share/turtlesim/srv/TeleportRelative.srv
[19.234s] -- Installing: /home/leejeonghun/ros2_example_ws/install/turtlesim/share/turtlesim/srv/TeleportRelative_Request.msg
[19.234s] -- Installing: /home/leejeonghun/ros2_example_ws/install/turtlesim/share/turtlesim/srv/TeleportRelative_Response.msg
[19.234s] -- Installing: /home/leejeonghun/ros2_example_ws/install/turtlesim/lib/turtlesim/turtlesim_node
[19.238s] -- Set runtime path of "/home/leejeonghun/ros2_example_ws/install/turtlesim/lib/turtlesim/turtlesim_node" to ""
[19.238s] -- Installing: /home/leejeonghun/ros2_example_ws/install/turtlesim/lib/turtlesim/turtle_teleop_key
[19.239s] -- Set runtime path of "/home/leejeonghun/ros2_example_ws/install/turtlesim/lib/turtlesim/turtle_teleop_key" to ""
[19.240s] -- Installing: /home/leejeonghun/ros2_example_ws/install/turtlesim/lib/turtlesim/draw_square
[19.242s] -- Set runtime path of "/home/leejeonghun/ros2_example_ws/install/turtlesim/lib/turtlesim/draw_square" to ""
[19.242s] -- Installing: /home/leejeonghun/ros2_example_ws/install/turtlesim/lib/turtlesim/mimic
[19.244s] -- Set runtime path of "/home/leejeonghun/ros2_example_ws/install/turtlesim/lib/turtlesim/mimic" to ""
[19.244s] -- Installing: /home/leejeonghun/ros2_example_ws/install/turtlesim/share/turtlesim/images
[19.244s] -- Installing: /home/leejeonghun/ros2_example_ws/install/turtlesim/share/turtlesim/images/dashing.png
[19.244s] -- Installing: /home/leejeonghun/ros2_example_ws/install/turtlesim/share/turtlesim/images/bouncy.png
[19.244s] -- Installing: /home/leejeonghun/ros2_example_ws/install/turtlesim/share/turtlesim/images/foxy.png
[19.245s] -- Installing: /home/leejeonghun/ros2_example_ws/install/turtlesim/share/turtlesim/images/eloquent.png
[19.245s] -- Installing: /home/leejeonghun/ros2_example_ws/install/turtlesim/share/turtlesim/images/ardent.png
[19.245s] -- Installing: /home/leejeonghun/ros2_example_ws/install/turtlesim/share/turtlesim/images/galactic.png
[19.245s] -- Installing: /home/leejeonghun/ros2_example_ws/install/turtlesim/share/turtlesim/images/crystal.png
[19.245s] -- Installing: /home/leejeonghun/ros2_example_ws/install/turtlesim/share/turtlesim/launch
[19.245s] -- Installing: /home/leejeonghun/ros2_example_ws/install/turtlesim/share/turtlesim/launch/multisim.launch.py
[19.245s] -- Installing: /home/leejeonghun/ros2_example_ws/install/turtlesim/share/ament_index/resource_index/package_run_dependencies/turtlesim
[19.245s] -- Installing: /home/leejeonghun/ros2_example_ws/install/turtlesim/share/ament_index/resource_index/parent_prefix_path/turtlesim
[19.245s] -- Installing: /home/leejeonghun/ros2_example_ws/install/turtlesim/share/turtlesim/environment/ament_prefix_path.sh
[19.245s] -- Installing: /home/leejeonghun/ros2_example_ws/install/turtlesim/share/turtlesim/environment/ament_prefix_path.dsv
[19.245s] -- Installing: /home/leejeonghun/ros2_example_ws/install/turtlesim/share/turtlesim/environment/path.sh
[19.245s] -- Installing: /home/leejeonghun/ros2_example_ws/install/turtlesim/share/turtlesim/environment/path.dsv
[19.245s] -- Installing: /home/leejeonghun/ros2_example_ws/install/turtlesim/share/turtlesim/local_setup.bash
[19.246s] -- Installing: /home/leejeonghun/ros2_example_ws/install/turtlesim/share/turtlesim/local_setup.sh
[19.246s] -- Installing: /home/leejeonghun/ros2_example_ws/install/turtlesim/share/turtlesim/local_setup.zsh
[19.246s] -- Installing: /home/leejeonghun/ros2_example_ws/install/turtlesim/share/turtlesim/local_setup.dsv
[19.246s] -- Installing: /home/leejeonghun/ros2_example_ws/install/turtlesim/share/turtlesim/package.dsv
[19.246s] -- Installing: /home/leejeonghun/ros2_example_ws/install/turtlesim/share/ament_index/resource_index/packages/turtlesim
[19.246s] -- Installing: /home/leejeonghun/ros2_example_ws/install/turtlesim/share/turtlesim/cmake/turtlesim__rosidl_generator_cExport.cmake
[19.246s] -- Installing: /home/leejeonghun/ros2_example_ws/install/turtlesim/share/turtlesim/cmake/turtlesim__rosidl_generator_cExport-noconfig.cmake
[19.246s] -- Installing: /home/leejeonghun/ros2_example_ws/install/turtlesim/share/turtlesim/cmake/turtlesim__rosidl_typesupport_introspection_cExport.cmake
[19.247s] -- Installing: /home/leejeonghun/ros2_example_ws/install/turtlesim/share/turtlesim/cmake/turtlesim__rosidl_typesupport_introspection_cExport-noconfig.cmake
[19.247s] -- Installing: /home/leejeonghun/ros2_example_ws/install/turtlesim/share/turtlesim/cmake/turtlesim__rosidl_typesupport_cExport.cmake
[19.247s] -- Installing: /home/leejeonghun/ros2_example_ws/install/turtlesim/share/turtlesim/cmake/turtlesim__rosidl_typesupport_cExport-noconfig.cmake
[19.247s] -- Installing: /home/leejeonghun/ros2_example_ws/install/turtlesim/share/turtlesim/cmake/turtlesim__rosidl_generator_cppExport.cmake
[19.247s] -- Installing: /home/leejeonghun/ros2_example_ws/install/turtlesim/share/turtlesim/cmake/turtlesim__rosidl_typesupport_introspection_cppExport.cmake
[19.247s] -- Installing: /home/leejeonghun/ros2_example_ws/install/turtlesim/share/turtlesim/cmake/turtlesim__rosidl_typesupport_introspection_cppExport-noconfig.cmake
[19.247s] -- Installing: /home/leejeonghun/ros2_example_ws/install/turtlesim/share/turtlesim/cmake/turtlesim__rosidl_typesupport_cppExport.cmake
[19.248s] -- Installing: /home/leejeonghun/ros2_example_ws/install/turtlesim/share/turtlesim/cmake/turtlesim__rosidl_typesupport_cppExport-noconfig.cmake
[19.248s] -- Installing: /home/leejeonghun/ros2_example_ws/install/turtlesim/share/turtlesim/cmake/rosidl_cmake-extras.cmake
[19.248s] -- Installing: /home/leejeonghun/ros2_example_ws/install/turtlesim/share/turtlesim/cmake/ament_cmake_export_dependencies-extras.cmake
[19.248s] -- Installing: /home/leejeonghun/ros2_example_ws/install/turtlesim/share/turtlesim/cmake/ament_cmake_export_libraries-extras.cmake
[19.248s] -- Installing: /home/leejeonghun/ros2_example_ws/install/turtlesim/share/turtlesim/cmake/ament_cmake_export_targets-extras.cmake
[19.248s] -- Installing: /home/leejeonghun/ros2_example_ws/install/turtlesim/share/turtlesim/cmake/ament_cmake_export_include_directories-extras.cmake
[19.248s] -- Installing: /home/leejeonghun/ros2_example_ws/install/turtlesim/share/turtlesim/cmake/rosidl_cmake_export_typesupport_libraries-extras.cmake
[19.248s] -- Installing: /home/leejeonghun/ros2_example_ws/install/turtlesim/share/turtlesim/cmake/rosidl_cmake_export_typesupport_targets-extras.cmake
[19.248s] -- Installing: /home/leejeonghun/ros2_example_ws/install/turtlesim/share/turtlesim/cmake/turtlesimConfig.cmake
[19.248s] -- Installing: /home/leejeonghun/ros2_example_ws/install/turtlesim/share/turtlesim/cmake/turtlesimConfig-version.cmake
[19.249s] -- Installing: /home/leejeonghun/ros2_example_ws/install/turtlesim/share/turtlesim/package.xml
[19.250s] Invoked command in '/home/leejeonghun/ros2_example_ws/build/turtlesim' returned '0': CMAKE_PREFIX_PATH=/opt/ros/galactic /usr/bin/cmake --install /home/leejeonghun/ros2_example_ws/build/turtlesim
