[1.252s] Invoking command in '/home/leejeonghun/ros2_example_ws/build/examples_rclpy_guard_conditions': PYTHONPATH=/home/leejeonghun/ros2_example_ws/install/examples_rclpy_guard_conditions/lib/python3.8/site-packages:${PYTHONPATH} /usr/bin/python3 setup.py develop --prefix /home/leejeonghun/ros2_example_ws/install/examples_rclpy_guard_conditions --uninstall --editable --build-directory /home/leejeonghun/ros2_example_ws/build/examples_rclpy_guard_conditions/build
[1.909s] running develop
[2.765s] Invoked command in '/home/leejeonghun/ros2_example_ws/build/examples_rclpy_guard_conditions' returned '0': PYTHONPATH=/home/leejeonghun/ros2_example_ws/install/examples_rclpy_guard_conditions/lib/python3.8/site-packages:${PYTHONPATH} /usr/bin/python3 setup.py develop --prefix /home/leejeonghun/ros2_example_ws/install/examples_rclpy_guard_conditions --uninstall --editable --build-directory /home/leejeonghun/ros2_example_ws/build/examples_rclpy_guard_conditions/build
[2.767s] Invoking command in '/home/leejeonghun/ros2_example_ws/src/examples/rclpy/guard_conditions': PYTHONPATH=/home/leejeonghun/ros2_example_ws/install/examples_rclpy_guard_conditions/lib/python3.8/site-packages:${PYTHONPATH} /usr/bin/python3 setup.py egg_info --egg-base ../../../../build/examples_rclpy_guard_conditions build --build-base /home/leejeonghun/ros2_example_ws/build/examples_rclpy_guard_conditions/build install --prefix /home/leejeonghun/ros2_example_ws/install/examples_rclpy_guard_conditions --record /home/leejeonghun/ros2_example_ws/build/examples_rclpy_guard_conditions/install.log --single-version-externally-managed
[3.169s] running egg_info
[3.170s] writing ../../../../build/examples_rclpy_guard_conditions/examples_rclpy_guard_conditions.egg-info/PKG-INFO
[3.171s] writing dependency_links to ../../../../build/examples_rclpy_guard_conditions/examples_rclpy_guard_conditions.egg-info/dependency_links.txt
[3.171s] writing entry points to ../../../../build/examples_rclpy_guard_conditions/examples_rclpy_guard_conditions.egg-info/entry_points.txt
[3.171s] writing requirements to ../../../../build/examples_rclpy_guard_conditions/examples_rclpy_guard_conditions.egg-info/requires.txt
[3.171s] writing top-level names to ../../../../build/examples_rclpy_guard_conditions/examples_rclpy_guard_conditions.egg-info/top_level.txt
[3.233s] reading manifest file '../../../../build/examples_rclpy_guard_conditions/examples_rclpy_guard_conditions.egg-info/SOURCES.txt'
[3.236s] writing manifest file '../../../../build/examples_rclpy_guard_conditions/examples_rclpy_guard_conditions.egg-info/SOURCES.txt'
[3.236s] running build
[3.236s] running build_py
[3.236s] running install
[3.238s] running install_lib
[3.240s] running install_data
[3.243s] running install_egg_info
[3.246s] removing '/home/leejeonghun/ros2_example_ws/install/examples_rclpy_guard_conditions/lib/python3.8/site-packages/examples_rclpy_guard_conditions-0.11.2-py3.8.egg-info' (and everything under it)
[3.246s] Copying ../../../../build/examples_rclpy_guard_conditions/examples_rclpy_guard_conditions.egg-info to /home/leejeonghun/ros2_example_ws/install/examples_rclpy_guard_conditions/lib/python3.8/site-packages/examples_rclpy_guard_conditions-0.11.2-py3.8.egg-info
[3.247s] running install_scripts
[3.276s] Installing trigger_guard_condition script to /home/leejeonghun/ros2_example_ws/install/examples_rclpy_guard_conditions/lib/examples_rclpy_guard_conditions
[3.276s] writing list of installed files to '/home/leejeonghun/ros2_example_ws/build/examples_rclpy_guard_conditions/install.log'
[3.322s] Invoked command in '/home/leejeonghun/ros2_example_ws/src/examples/rclpy/guard_conditions' returned '0': PYTHONPATH=/home/leejeonghun/ros2_example_ws/install/examples_rclpy_guard_conditions/lib/python3.8/site-packages:${PYTHONPATH} /usr/bin/python3 setup.py egg_info --egg-base ../../../../build/examples_rclpy_guard_conditions build --build-base /home/leejeonghun/ros2_example_ws/build/examples_rclpy_guard_conditions/build install --prefix /home/leejeonghun/ros2_example_ws/install/examples_rclpy_guard_conditions --record /home/leejeonghun/ros2_example_ws/build/examples_rclpy_guard_conditions/install.log --single-version-externally-managed
