[0.093s] Invoking command in '/home/leejeonghun/ros2_example_ws/build/examples_rclcpp_minimal_service': CMAKE_PREFIX_PATH=/opt/ros/galactic /usr/bin/cmake /home/leejeonghun/ros2_example_ws/src/examples/rclcpp/services/minimal_service -DAMENT_CMAKE_SYMLINK_INSTALL=1 -DCMAKE_INSTALL_PREFIX=/home/leejeonghun/ros2_example_ws/install/examples_rclcpp_minimal_service
[1.168s] -- The C compiler identification is GNU 9.4.0
[1.169s] -- The CXX compiler identification is GNU 9.4.0
[1.175s] -- Check for working C compiler: /usr/bin/cc
[1.175s] -- Check for working C compiler: /usr/bin/cc -- works
[1.175s] -- Detecting C compiler ABI info
[1.175s] -- Detecting C compiler ABI info - done
[1.175s] -- Detecting C compile features
[1.175s] -- Detecting C compile features - done
[1.175s] -- Check for working CXX compiler: /usr/bin/c++
[1.176s] -- Check for working CXX compiler: /usr/bin/c++ -- works
[1.176s] -- Detecting CXX compiler ABI info
[1.176s] -- Detecting CXX compiler ABI info - done
[1.176s] -- Detecting CXX compile features
[1.176s] -- Detecting CXX compile features - done
[1.176s] -- Found ament_cmake: 1.1.5 (/opt/ros/galactic/share/ament_cmake/cmake)
[1.176s] -- Found PythonInterp: /usr/bin/python3 (found suitable version "3.8.10", minimum required is "3") 
[1.176s] -- Using PYTHON_EXECUTABLE: /usr/bin/python3
[1.176s] -- Override CMake install command with custom implementation using symlinks instead of copying resources
[1.176s] -- Found example_interfaces: 0.9.2 (/opt/ros/galactic/share/example_interfaces/cmake)
[1.176s] -- Using all available rosidl_typesupport_c: rosidl_typesupport_fastrtps_c;rosidl_typesupport_introspection_c
[1.176s] -- Found rosidl_adapter: 2.2.2 (/opt/ros/galactic/share/rosidl_adapter/cmake)
[1.323s] -- Found OpenSSL: /usr/lib/x86_64-linux-gnu/libcrypto.so (found version "1.1.1f")  
[1.384s] -- Found FastRTPS: /opt/ros/galactic/include  
[1.546s] -- Using all available rosidl_typesupport_cpp: rosidl_typesupport_fastrtps_cpp;rosidl_typesupport_introspection_cpp
[1.877s] -- Found rclcpp: 9.2.1 (/opt/ros/galactic/share/rclcpp/cmake)
[1.995s] -- Found rmw_implementation_cmake: 3.3.1 (/opt/ros/galactic/share/rmw_implementation_cmake/cmake)
[2.001s] -- Found rmw_cyclonedds_cpp: 0.22.5 (/opt/ros/galactic/share/rmw_cyclonedds_cpp/cmake)
[2.046s] -- Using RMW implementation 'rmw_cyclonedds_cpp' as default
[2.048s] -- Looking for pthread.h
[2.276s] -- Looking for pthread.h - found
[2.278s] -- Performing Test CMAKE_HAVE_LIBC_PTHREAD
[2.459s] -- Performing Test CMAKE_HAVE_LIBC_PTHREAD - Failed
[2.460s] -- Looking for pthread_create in pthreads
[2.613s] -- Looking for pthread_create in pthreads - not found
[2.613s] -- Looking for pthread_create in pthread
[2.765s] -- Looking for pthread_create in pthread - found
[2.766s] -- Found Threads: TRUE  
[3.182s] -- Found ament_lint_auto: 0.10.7 (/opt/ros/galactic/share/ament_lint_auto/cmake)
[3.368s] -- Added test 'copyright' to check source files copyright and LICENSE
[3.373s] -- Added test 'cppcheck' to perform static code analysis on C / C++ code
[3.374s] -- Configured cppcheck include dirs: 
[3.374s] -- Configured cppcheck exclude dirs and/or files: 
[3.383s] -- Added test 'cpplint' to check C / C++ code against the Google style
[3.383s] -- Configured cpplint exclude dirs and/or files: 
[3.385s] -- Added test 'lint_cmake' to check CMake code style
[3.387s] -- Added test 'uncrustify' to check C / C++ code style
[3.387s] -- Configured uncrustify additional arguments: 
[3.388s] -- Added test 'xmllint' to check XML markup files
[3.405s] -- Configuring done
[3.425s] -- Generating done
[3.429s] -- Build files have been written to: /home/leejeonghun/ros2_example_ws/build/examples_rclcpp_minimal_service
[3.500s] Invoked command in '/home/leejeonghun/ros2_example_ws/build/examples_rclcpp_minimal_service' returned '0': CMAKE_PREFIX_PATH=/opt/ros/galactic /usr/bin/cmake /home/leejeonghun/ros2_example_ws/src/examples/rclcpp/services/minimal_service -DAMENT_CMAKE_SYMLINK_INSTALL=1 -DCMAKE_INSTALL_PREFIX=/home/leejeonghun/ros2_example_ws/install/examples_rclcpp_minimal_service
[3.502s] Invoking command in '/home/leejeonghun/ros2_example_ws/build/examples_rclcpp_minimal_service': CMAKE_PREFIX_PATH=/opt/ros/galactic /usr/bin/cmake --build /home/leejeonghun/ros2_example_ws/build/examples_rclcpp_minimal_service -- -j12 -l12
[6.402s] [35m[1mScanning dependencies of target service_main[0m
[6.402s] [ 50%] [32mBuilding CXX object CMakeFiles/service_main.dir/main.cpp.o[0m
[15.704s] [100%] [32m[1mLinking CXX executable service_main[0m
[16.380s] [100%] Built target service_main
[16.433s] Invoked command in '/home/leejeonghun/ros2_example_ws/build/examples_rclcpp_minimal_service' returned '0': CMAKE_PREFIX_PATH=/opt/ros/galactic /usr/bin/cmake --build /home/leejeonghun/ros2_example_ws/build/examples_rclcpp_minimal_service -- -j12 -l12
[16.984s] Invoking command in '/home/leejeonghun/ros2_example_ws/build/examples_rclcpp_minimal_service': CMAKE_PREFIX_PATH=/opt/ros/galactic /usr/bin/cmake --install /home/leejeonghun/ros2_example_ws/build/examples_rclcpp_minimal_service
[21.190s] -- Install configuration: ""
[21.191s] -- Execute custom install script
[21.191s] -- Symlinking: /home/leejeonghun/ros2_example_ws/install/examples_rclcpp_minimal_service/lib/examples_rclcpp_minimal_service/service_main
[21.191s] -- Symlinking: /home/leejeonghun/ros2_example_ws/install/examples_rclcpp_minimal_service/share/ament_index/resource_index/package_run_dependencies/examples_rclcpp_minimal_service
[21.191s] -- Symlinking: /home/leejeonghun/ros2_example_ws/install/examples_rclcpp_minimal_service/share/ament_index/resource_index/parent_prefix_path/examples_rclcpp_minimal_service
[21.191s] -- Symlinking: /home/leejeonghun/ros2_example_ws/install/examples_rclcpp_minimal_service/share/examples_rclcpp_minimal_service/environment/ament_prefix_path.sh
[21.191s] -- Symlinking: /home/leejeonghun/ros2_example_ws/install/examples_rclcpp_minimal_service/share/examples_rclcpp_minimal_service/environment/ament_prefix_path.dsv
[21.191s] -- Symlinking: /home/leejeonghun/ros2_example_ws/install/examples_rclcpp_minimal_service/share/examples_rclcpp_minimal_service/environment/path.sh
[21.191s] -- Symlinking: /home/leejeonghun/ros2_example_ws/install/examples_rclcpp_minimal_service/share/examples_rclcpp_minimal_service/environment/path.dsv
[21.191s] -- Symlinking: /home/leejeonghun/ros2_example_ws/install/examples_rclcpp_minimal_service/share/examples_rclcpp_minimal_service/local_setup.bash
[21.192s] -- Symlinking: /home/leejeonghun/ros2_example_ws/install/examples_rclcpp_minimal_service/share/examples_rclcpp_minimal_service/local_setup.sh
[21.192s] -- Symlinking: /home/leejeonghun/ros2_example_ws/install/examples_rclcpp_minimal_service/share/examples_rclcpp_minimal_service/local_setup.zsh
[21.192s] -- Symlinking: /home/leejeonghun/ros2_example_ws/install/examples_rclcpp_minimal_service/share/examples_rclcpp_minimal_service/local_setup.dsv
[21.192s] -- Symlinking: /home/leejeonghun/ros2_example_ws/install/examples_rclcpp_minimal_service/share/examples_rclcpp_minimal_service/package.dsv
[21.192s] -- Symlinking: /home/leejeonghun/ros2_example_ws/install/examples_rclcpp_minimal_service/share/ament_index/resource_index/packages/examples_rclcpp_minimal_service
[21.192s] -- Symlinking: /home/leejeonghun/ros2_example_ws/install/examples_rclcpp_minimal_service/share/examples_rclcpp_minimal_service/cmake/examples_rclcpp_minimal_serviceConfig.cmake
[21.192s] -- Symlinking: /home/leejeonghun/ros2_example_ws/install/examples_rclcpp_minimal_service/share/examples_rclcpp_minimal_service/cmake/examples_rclcpp_minimal_serviceConfig-version.cmake
[21.192s] -- Symlinking: /home/leejeonghun/ros2_example_ws/install/examples_rclcpp_minimal_service/share/examples_rclcpp_minimal_service/package.xml
[21.243s] Invoked command in '/home/leejeonghun/ros2_example_ws/build/examples_rclcpp_minimal_service' returned '0': CMAKE_PREFIX_PATH=/opt/ros/galactic /usr/bin/cmake --install /home/leejeonghun/ros2_example_ws/build/examples_rclcpp_minimal_service
