[0.087s] Invoking command in '/home/leejeonghun/ros2_example_ws/build/examples_rclcpp_cbg_executor': CMAKE_PREFIX_PATH=/opt/ros/galactic /usr/bin/cmake /home/leejeonghun/ros2_example_ws/src/examples/rclcpp/executors/cbg_executor -DCMAKE_INSTALL_PREFIX=/home/leejeonghun/ros2_example_ws/install/examples_rclcpp_cbg_executor
[1.019s] -- Found ament_cmake: 1.1.5 (/opt/ros/galactic/share/ament_cmake/cmake)
[1.019s] -- Using PYTHON_EXECUTABLE: /usr/bin/python3
[1.020s] -- Override CMake install command with custom implementation using symlinks instead of copying resources
[1.020s] -- Found rclcpp: 9.2.1 (/opt/ros/galactic/share/rclcpp/cmake)
[1.020s] -- Using all available rosidl_typesupport_c: rosidl_typesupport_fastrtps_c;rosidl_typesupport_introspection_c
[1.020s] -- Found rosidl_adapter: 2.2.2 (/opt/ros/galactic/share/rosidl_adapter/cmake)
[1.020s] -- Using all available rosidl_typesupport_cpp: rosidl_typesupport_fastrtps_cpp;rosidl_typesupport_introspection_cpp
[1.020s] -- Found rmw_implementation_cmake: 3.3.1 (/opt/ros/galactic/share/rmw_implementation_cmake/cmake)
[1.020s] -- Found rmw_cyclonedds_cpp: 0.22.5 (/opt/ros/galactic/share/rmw_cyclonedds_cpp/cmake)
[1.020s] -- Using RMW implementation 'rmw_cyclonedds_cpp' as default
[1.020s] -- Found ament_lint_auto: 0.10.7 (/opt/ros/galactic/share/ament_lint_auto/cmake)
[1.038s] -- Added test 'copyright' to check source files copyright and LICENSE
[1.040s] -- Added test 'cppcheck' to perform static code analysis on C / C++ code
[1.041s] -- Configured cppcheck include dirs: /home/leejeonghun/ros2_example_ws/src/examples/rclcpp/executors/cbg_executor/include
[1.041s] -- Configured cppcheck exclude dirs and/or files: 
[1.042s] -- Added test 'cpplint' to check C / C++ code against the Google style
[1.043s] -- Configured cpplint exclude dirs and/or files: 
[1.044s] -- Added test 'lint_cmake' to check CMake code style
[1.046s] -- Added test 'uncrustify' to check C / C++ code style
[1.046s] -- Configured uncrustify additional arguments: 
[1.046s] -- Added test 'xmllint' to check XML markup files
[1.051s] -- Configuring done
[1.070s] -- Generating done
[1.072s] -- Build files have been written to: /home/leejeonghun/ros2_example_ws/build/examples_rclcpp_cbg_executor
[1.117s] Invoked command in '/home/leejeonghun/ros2_example_ws/build/examples_rclcpp_cbg_executor' returned '0': CMAKE_PREFIX_PATH=/opt/ros/galactic /usr/bin/cmake /home/leejeonghun/ros2_example_ws/src/examples/rclcpp/executors/cbg_executor -DCMAKE_INSTALL_PREFIX=/home/leejeonghun/ros2_example_ws/install/examples_rclcpp_cbg_executor
[1.127s] Invoking command in '/home/leejeonghun/ros2_example_ws/build/examples_rclcpp_cbg_executor': CMAKE_PREFIX_PATH=/opt/ros/galactic /usr/bin/cmake --build /home/leejeonghun/ros2_example_ws/build/examples_rclcpp_cbg_executor -- -j12 -l12
[1.288s] [ 30%] Built target ping
[1.304s] [ 60%] Built target pong
[1.320s] [100%] Built target ping_pong
[1.344s] Invoked command in '/home/leejeonghun/ros2_example_ws/build/examples_rclcpp_cbg_executor' returned '0': CMAKE_PREFIX_PATH=/opt/ros/galactic /usr/bin/cmake --build /home/leejeonghun/ros2_example_ws/build/examples_rclcpp_cbg_executor -- -j12 -l12
[1.491s] Invoking command in '/home/leejeonghun/ros2_example_ws/build/examples_rclcpp_cbg_executor': CMAKE_PREFIX_PATH=/opt/ros/galactic /usr/bin/cmake --install /home/leejeonghun/ros2_example_ws/build/examples_rclcpp_cbg_executor
[1.504s] -- Install configuration: ""
[1.507s] -- Execute custom install script
[1.507s] -- Up-to-date symlink: /home/leejeonghun/ros2_example_ws/install/examples_rclcpp_cbg_executor/lib/examples_rclcpp_cbg_executor/ping
[1.507s] -- Up-to-date symlink: /home/leejeonghun/ros2_example_ws/install/examples_rclcpp_cbg_executor/lib/examples_rclcpp_cbg_executor/pong
[1.508s] -- Up-to-date symlink: /home/leejeonghun/ros2_example_ws/install/examples_rclcpp_cbg_executor/lib/examples_rclcpp_cbg_executor/ping_pong
[1.508s] -- Up-to-date symlink: /home/leejeonghun/ros2_example_ws/install/examples_rclcpp_cbg_executor/include/examples_rclcpp_cbg_executor/ping_node.hpp
[1.508s] -- Up-to-date symlink: /home/leejeonghun/ros2_example_ws/install/examples_rclcpp_cbg_executor/include/examples_rclcpp_cbg_executor/pong_node.hpp
[1.508s] -- Up-to-date symlink: /home/leejeonghun/ros2_example_ws/install/examples_rclcpp_cbg_executor/share/ament_index/resource_index/package_run_dependencies/examples_rclcpp_cbg_executor
[1.509s] -- Up-to-date symlink: /home/leejeonghun/ros2_example_ws/install/examples_rclcpp_cbg_executor/share/ament_index/resource_index/parent_prefix_path/examples_rclcpp_cbg_executor
[1.509s] -- Up-to-date symlink: /home/leejeonghun/ros2_example_ws/install/examples_rclcpp_cbg_executor/share/examples_rclcpp_cbg_executor/environment/ament_prefix_path.sh
[1.509s] -- Up-to-date symlink: /home/leejeonghun/ros2_example_ws/install/examples_rclcpp_cbg_executor/share/examples_rclcpp_cbg_executor/environment/ament_prefix_path.dsv
[1.510s] -- Up-to-date symlink: /home/leejeonghun/ros2_example_ws/install/examples_rclcpp_cbg_executor/share/examples_rclcpp_cbg_executor/environment/path.sh
[1.510s] -- Up-to-date symlink: /home/leejeonghun/ros2_example_ws/install/examples_rclcpp_cbg_executor/share/examples_rclcpp_cbg_executor/environment/path.dsv
[1.511s] -- Up-to-date symlink: /home/leejeonghun/ros2_example_ws/install/examples_rclcpp_cbg_executor/share/examples_rclcpp_cbg_executor/local_setup.bash
[1.513s] -- Up-to-date symlink: /home/leejeonghun/ros2_example_ws/install/examples_rclcpp_cbg_executor/share/examples_rclcpp_cbg_executor/local_setup.sh
[1.514s] -- Up-to-date symlink: /home/leejeonghun/ros2_example_ws/install/examples_rclcpp_cbg_executor/share/examples_rclcpp_cbg_executor/local_setup.zsh
[1.514s] -- Up-to-date symlink: /home/leejeonghun/ros2_example_ws/install/examples_rclcpp_cbg_executor/share/examples_rclcpp_cbg_executor/local_setup.dsv
[1.514s] -- Symlinking: /home/leejeonghun/ros2_example_ws/install/examples_rclcpp_cbg_executor/share/examples_rclcpp_cbg_executor/package.dsv
[1.525s] -- Up-to-date symlink: /home/leejeonghun/ros2_example_ws/install/examples_rclcpp_cbg_executor/share/ament_index/resource_index/packages/examples_rclcpp_cbg_executor
[1.529s] -- Up-to-date symlink: /home/leejeonghun/ros2_example_ws/install/examples_rclcpp_cbg_executor/share/examples_rclcpp_cbg_executor/cmake/ament_cmake_export_dependencies-extras.cmake
[1.530s] -- Up-to-date symlink: /home/leejeonghun/ros2_example_ws/install/examples_rclcpp_cbg_executor/share/examples_rclcpp_cbg_executor/cmake/examples_rclcpp_cbg_executorConfig.cmake
[1.530s] -- Up-to-date symlink: /home/leejeonghun/ros2_example_ws/install/examples_rclcpp_cbg_executor/share/examples_rclcpp_cbg_executor/cmake/examples_rclcpp_cbg_executorConfig-version.cmake
[1.531s] -- Up-to-date symlink: /home/leejeonghun/ros2_example_ws/install/examples_rclcpp_cbg_executor/share/examples_rclcpp_cbg_executor/package.xml
[1.598s] Invoked command in '/home/leejeonghun/ros2_example_ws/build/examples_rclcpp_cbg_executor' returned '0': CMAKE_PREFIX_PATH=/opt/ros/galactic /usr/bin/cmake --install /home/leejeonghun/ros2_example_ws/build/examples_rclcpp_cbg_executor
