[1.972s] Invoking command in '/home/leejeonghun/ros2_example_ws/build/examples_rclpy_minimal_service': PYTHONPATH=/home/leejeonghun/ros2_example_ws/install/examples_rclpy_minimal_service/lib/python3.8/site-packages:${PYTHONPATH} /usr/bin/python3 setup.py develop --prefix /home/leejeonghun/ros2_example_ws/install/examples_rclpy_minimal_service --uninstall --editable --build-directory /home/leejeonghun/ros2_example_ws/build/examples_rclpy_minimal_service/build
[2.358s] running develop
[2.553s] Removing /home/leejeonghun/ros2_example_ws/install/examples_rclpy_minimal_service/lib/python3.8/site-packages/examples-rclpy-minimal-service.egg-link (link to .)
[2.584s] Invoked command in '/home/leejeonghun/ros2_example_ws/build/examples_rclpy_minimal_service' returned '0': PYTHONPATH=/home/leejeonghun/ros2_example_ws/install/examples_rclpy_minimal_service/lib/python3.8/site-packages:${PYTHONPATH} /usr/bin/python3 setup.py develop --prefix /home/leejeonghun/ros2_example_ws/install/examples_rclpy_minimal_service --uninstall --editable --build-directory /home/leejeonghun/ros2_example_ws/build/examples_rclpy_minimal_service/build
[2.587s] Invoking command in '/home/leejeonghun/ros2_example_ws/src/examples/rclpy/services/minimal_service': PYTHONPATH=/home/leejeonghun/ros2_example_ws/install/examples_rclpy_minimal_service/lib/python3.8/site-packages:${PYTHONPATH} /usr/bin/python3 setup.py egg_info --egg-base ../../../../../build/examples_rclpy_minimal_service build --build-base /home/leejeonghun/ros2_example_ws/build/examples_rclpy_minimal_service/build install --prefix /home/leejeonghun/ros2_example_ws/install/examples_rclpy_minimal_service --record /home/leejeonghun/ros2_example_ws/build/examples_rclpy_minimal_service/install.log --single-version-externally-managed
[2.835s] running egg_info
[2.835s] writing ../../../../../build/examples_rclpy_minimal_service/examples_rclpy_minimal_service.egg-info/PKG-INFO
[2.835s] writing dependency_links to ../../../../../build/examples_rclpy_minimal_service/examples_rclpy_minimal_service.egg-info/dependency_links.txt
[2.836s] writing entry points to ../../../../../build/examples_rclpy_minimal_service/examples_rclpy_minimal_service.egg-info/entry_points.txt
[2.836s] writing requirements to ../../../../../build/examples_rclpy_minimal_service/examples_rclpy_minimal_service.egg-info/requires.txt
[2.836s] writing top-level names to ../../../../../build/examples_rclpy_minimal_service/examples_rclpy_minimal_service.egg-info/top_level.txt
[2.875s] reading manifest file '../../../../../build/examples_rclpy_minimal_service/examples_rclpy_minimal_service.egg-info/SOURCES.txt'
[2.876s] writing manifest file '../../../../../build/examples_rclpy_minimal_service/examples_rclpy_minimal_service.egg-info/SOURCES.txt'
[2.876s] running build
[2.876s] running build_py
[2.877s] creating /home/leejeonghun/ros2_example_ws/build/examples_rclpy_minimal_service/build
[2.877s] creating /home/leejeonghun/ros2_example_ws/build/examples_rclpy_minimal_service/build/lib
[2.877s] creating /home/leejeonghun/ros2_example_ws/build/examples_rclpy_minimal_service/build/lib/examples_rclpy_minimal_service
[2.877s] copying examples_rclpy_minimal_service/service_member_function.py -> /home/leejeonghun/ros2_example_ws/build/examples_rclpy_minimal_service/build/lib/examples_rclpy_minimal_service
[2.877s] copying examples_rclpy_minimal_service/__init__.py -> /home/leejeonghun/ros2_example_ws/build/examples_rclpy_minimal_service/build/lib/examples_rclpy_minimal_service
[2.877s] copying examples_rclpy_minimal_service/service.py -> /home/leejeonghun/ros2_example_ws/build/examples_rclpy_minimal_service/build/lib/examples_rclpy_minimal_service
[2.877s] running install
[2.878s] running install_lib
[2.879s] creating /home/leejeonghun/ros2_example_ws/install/examples_rclpy_minimal_service/lib/python3.8/site-packages/examples_rclpy_minimal_service
[2.879s] copying /home/leejeonghun/ros2_example_ws/build/examples_rclpy_minimal_service/build/lib/examples_rclpy_minimal_service/service_member_function.py -> /home/leejeonghun/ros2_example_ws/install/examples_rclpy_minimal_service/lib/python3.8/site-packages/examples_rclpy_minimal_service
[2.879s] copying /home/leejeonghun/ros2_example_ws/build/examples_rclpy_minimal_service/build/lib/examples_rclpy_minimal_service/__init__.py -> /home/leejeonghun/ros2_example_ws/install/examples_rclpy_minimal_service/lib/python3.8/site-packages/examples_rclpy_minimal_service
[2.879s] copying /home/leejeonghun/ros2_example_ws/build/examples_rclpy_minimal_service/build/lib/examples_rclpy_minimal_service/service.py -> /home/leejeonghun/ros2_example_ws/install/examples_rclpy_minimal_service/lib/python3.8/site-packages/examples_rclpy_minimal_service
[2.880s] byte-compiling /home/leejeonghun/ros2_example_ws/install/examples_rclpy_minimal_service/lib/python3.8/site-packages/examples_rclpy_minimal_service/service_member_function.py to service_member_function.cpython-38.pyc
[2.881s] byte-compiling /home/leejeonghun/ros2_example_ws/install/examples_rclpy_minimal_service/lib/python3.8/site-packages/examples_rclpy_minimal_service/__init__.py to __init__.cpython-38.pyc
[2.881s] byte-compiling /home/leejeonghun/ros2_example_ws/install/examples_rclpy_minimal_service/lib/python3.8/site-packages/examples_rclpy_minimal_service/service.py to service.cpython-38.pyc
[2.881s] running install_data
[2.882s] running install_egg_info
[2.884s] Copying ../../../../../build/examples_rclpy_minimal_service/examples_rclpy_minimal_service.egg-info to /home/leejeonghun/ros2_example_ws/install/examples_rclpy_minimal_service/lib/python3.8/site-packages/examples_rclpy_minimal_service-0.11.2-py3.8.egg-info
[2.885s] running install_scripts
[2.903s] Installing service script to /home/leejeonghun/ros2_example_ws/install/examples_rclpy_minimal_service/lib/examples_rclpy_minimal_service
[2.906s] Installing service_member_function script to /home/leejeonghun/ros2_example_ws/install/examples_rclpy_minimal_service/lib/examples_rclpy_minimal_service
[2.907s] writing list of installed files to '/home/leejeonghun/ros2_example_ws/build/examples_rclpy_minimal_service/install.log'
[2.941s] Invoked command in '/home/leejeonghun/ros2_example_ws/src/examples/rclpy/services/minimal_service' returned '0': PYTHONPATH=/home/leejeonghun/ros2_example_ws/install/examples_rclpy_minimal_service/lib/python3.8/site-packages:${PYTHONPATH} /usr/bin/python3 setup.py egg_info --egg-base ../../../../../build/examples_rclpy_minimal_service build --build-base /home/leejeonghun/ros2_example_ws/build/examples_rclpy_minimal_service/build install --prefix /home/leejeonghun/ros2_example_ws/install/examples_rclpy_minimal_service --record /home/leejeonghun/ros2_example_ws/build/examples_rclpy_minimal_service/install.log --single-version-externally-managed
