[2.670s] Invoking command in '/home/leejeonghun/ros2_example_ws/build/examples_rclpy_minimal_publisher': PYTHONPATH=/home/leejeonghun/ros2_example_ws/install/examples_rclpy_minimal_publisher/lib/python3.8/site-packages:${PYTHONPATH} /usr/bin/python3 setup.py develop --prefix /home/leejeonghun/ros2_example_ws/install/examples_rclpy_minimal_publisher --uninstall --editable --build-directory /home/leejeonghun/ros2_example_ws/build/examples_rclpy_minimal_publisher/build
[3.062s] running develop
[3.322s] Invoked command in '/home/leejeonghun/ros2_example_ws/build/examples_rclpy_minimal_publisher' returned '0': PYTHONPATH=/home/leejeonghun/ros2_example_ws/install/examples_rclpy_minimal_publisher/lib/python3.8/site-packages:${PYTHONPATH} /usr/bin/python3 setup.py develop --prefix /home/leejeonghun/ros2_example_ws/install/examples_rclpy_minimal_publisher --uninstall --editable --build-directory /home/leejeonghun/ros2_example_ws/build/examples_rclpy_minimal_publisher/build
[3.326s] Invoking command in '/home/leejeonghun/ros2_example_ws/src/examples/rclpy/topics/minimal_publisher': PYTHONPATH=/home/leejeonghun/ros2_example_ws/install/examples_rclpy_minimal_publisher/lib/python3.8/site-packages:${PYTHONPATH} /usr/bin/python3 setup.py egg_info --egg-base ../../../../../build/examples_rclpy_minimal_publisher build --build-base /home/leejeonghun/ros2_example_ws/build/examples_rclpy_minimal_publisher/build install --prefix /home/leejeonghun/ros2_example_ws/install/examples_rclpy_minimal_publisher --record /home/leejeonghun/ros2_example_ws/build/examples_rclpy_minimal_publisher/install.log --single-version-externally-managed
[3.686s] running egg_info
[3.686s] writing ../../../../../build/examples_rclpy_minimal_publisher/examples_rclpy_minimal_publisher.egg-info/PKG-INFO
[3.688s] writing dependency_links to ../../../../../build/examples_rclpy_minimal_publisher/examples_rclpy_minimal_publisher.egg-info/dependency_links.txt
[3.689s] writing entry points to ../../../../../build/examples_rclpy_minimal_publisher/examples_rclpy_minimal_publisher.egg-info/entry_points.txt
[3.689s] writing requirements to ../../../../../build/examples_rclpy_minimal_publisher/examples_rclpy_minimal_publisher.egg-info/requires.txt
[3.689s] writing top-level names to ../../../../../build/examples_rclpy_minimal_publisher/examples_rclpy_minimal_publisher.egg-info/top_level.txt
[3.729s] reading manifest file '../../../../../build/examples_rclpy_minimal_publisher/examples_rclpy_minimal_publisher.egg-info/SOURCES.txt'
[3.729s] writing manifest file '../../../../../build/examples_rclpy_minimal_publisher/examples_rclpy_minimal_publisher.egg-info/SOURCES.txt'
[3.729s] running build
[3.730s] running build_py
[3.730s] running install
[3.730s] running install_lib
[3.732s] running install_data
[3.732s] running install_egg_info
[3.733s] removing '/home/leejeonghun/ros2_example_ws/install/examples_rclpy_minimal_publisher/lib/python3.8/site-packages/examples_rclpy_minimal_publisher-0.11.2-py3.8.egg-info' (and everything under it)
[3.734s] Copying ../../../../../build/examples_rclpy_minimal_publisher/examples_rclpy_minimal_publisher.egg-info to /home/leejeonghun/ros2_example_ws/install/examples_rclpy_minimal_publisher/lib/python3.8/site-packages/examples_rclpy_minimal_publisher-0.11.2-py3.8.egg-info
[3.734s] running install_scripts
[3.749s] Installing publisher_local_function script to /home/leejeonghun/ros2_example_ws/install/examples_rclpy_minimal_publisher/lib/examples_rclpy_minimal_publisher
[3.749s] Installing publisher_member_function script to /home/leejeonghun/ros2_example_ws/install/examples_rclpy_minimal_publisher/lib/examples_rclpy_minimal_publisher
[3.749s] Installing publisher_old_school script to /home/leejeonghun/ros2_example_ws/install/examples_rclpy_minimal_publisher/lib/examples_rclpy_minimal_publisher
[3.749s] writing list of installed files to '/home/leejeonghun/ros2_example_ws/build/examples_rclpy_minimal_publisher/install.log'
[3.773s] Invoked command in '/home/leejeonghun/ros2_example_ws/src/examples/rclpy/topics/minimal_publisher' returned '0': PYTHONPATH=/home/leejeonghun/ros2_example_ws/install/examples_rclpy_minimal_publisher/lib/python3.8/site-packages:${PYTHONPATH} /usr/bin/python3 setup.py egg_info --egg-base ../../../../../build/examples_rclpy_minimal_publisher build --build-base /home/leejeonghun/ros2_example_ws/build/examples_rclpy_minimal_publisher/build install --prefix /home/leejeonghun/ros2_example_ws/install/examples_rclpy_minimal_publisher --record /home/leejeonghun/ros2_example_ws/build/examples_rclpy_minimal_publisher/install.log --single-version-externally-managed
