[7.139s] Invoking command in '/home/leejeonghun/ros2_example_ws/build/examples_rclpy_minimal_action_server': PYTHONPATH=/home/leejeonghun/ros2_example_ws/install/examples_rclpy_minimal_action_server/lib/python3.8/site-packages:${PYTHONPATH} /usr/bin/python3 setup.py develop --prefix /home/leejeonghun/ros2_example_ws/install/examples_rclpy_minimal_action_server --editable --build-directory /home/leejeonghun/ros2_example_ws/build/examples_rclpy_minimal_action_server/build --no-deps install_data --install-dir /home/leejeonghun/ros2_example_ws/install/examples_rclpy_minimal_action_server
[17.819s] running develop
[17.820s] running egg_info
[17.820s] creating examples_rclpy_minimal_action_server.egg-info
[17.820s] writing examples_rclpy_minimal_action_server.egg-info/PKG-INFO
[17.820s] writing dependency_links to examples_rclpy_minimal_action_server.egg-info/dependency_links.txt
[17.820s] writing entry points to examples_rclpy_minimal_action_server.egg-info/entry_points.txt
[17.820s] writing requirements to examples_rclpy_minimal_action_server.egg-info/requires.txt
[17.820s] writing top-level names to examples_rclpy_minimal_action_server.egg-info/top_level.txt
[17.821s] writing manifest file 'examples_rclpy_minimal_action_server.egg-info/SOURCES.txt'
[17.821s] reading manifest file 'examples_rclpy_minimal_action_server.egg-info/SOURCES.txt'
[17.821s] writing manifest file 'examples_rclpy_minimal_action_server.egg-info/SOURCES.txt'
[17.821s] running build_ext
[17.821s] Creating /home/leejeonghun/ros2_example_ws/install/examples_rclpy_minimal_action_server/lib/python3.8/site-packages/site.py
[17.821s] Creating /home/leejeonghun/ros2_example_ws/install/examples_rclpy_minimal_action_server/lib/python3.8/site-packages/examples-rclpy-minimal-action-server.egg-link (link to .)
[17.821s] Installing server script to /home/leejeonghun/ros2_example_ws/install/examples_rclpy_minimal_action_server/lib/examples_rclpy_minimal_action_server
[17.822s] Installing server_defer script to /home/leejeonghun/ros2_example_ws/install/examples_rclpy_minimal_action_server/lib/examples_rclpy_minimal_action_server
[17.822s] Installing server_not_composable script to /home/leejeonghun/ros2_example_ws/install/examples_rclpy_minimal_action_server/lib/examples_rclpy_minimal_action_server
[17.822s] Installing server_queue_goals script to /home/leejeonghun/ros2_example_ws/install/examples_rclpy_minimal_action_server/lib/examples_rclpy_minimal_action_server
[17.822s] Installing server_single_goal script to /home/leejeonghun/ros2_example_ws/install/examples_rclpy_minimal_action_server/lib/examples_rclpy_minimal_action_server
[17.822s] 
[17.822s] Installed /home/leejeonghun/ros2_example_ws/build/examples_rclpy_minimal_action_server
[17.822s] running install_data
[17.822s] creating /home/leejeonghun/ros2_example_ws/install/examples_rclpy_minimal_action_server/share/ament_index
[17.823s] creating /home/leejeonghun/ros2_example_ws/install/examples_rclpy_minimal_action_server/share/ament_index/resource_index
[17.823s] creating /home/leejeonghun/ros2_example_ws/install/examples_rclpy_minimal_action_server/share/ament_index/resource_index/packages
[17.823s] copying resource/examples_rclpy_minimal_action_server -> /home/leejeonghun/ros2_example_ws/install/examples_rclpy_minimal_action_server/share/ament_index/resource_index/packages
[17.823s] copying package.xml -> /home/leejeonghun/ros2_example_ws/install/examples_rclpy_minimal_action_server/share/examples_rclpy_minimal_action_server
[18.052s] Invoked command in '/home/leejeonghun/ros2_example_ws/build/examples_rclpy_minimal_action_server' returned '0': PYTHONPATH=/home/leejeonghun/ros2_example_ws/install/examples_rclpy_minimal_action_server/lib/python3.8/site-packages:${PYTHONPATH} /usr/bin/python3 setup.py develop --prefix /home/leejeonghun/ros2_example_ws/install/examples_rclpy_minimal_action_server --editable --build-directory /home/leejeonghun/ros2_example_ws/build/examples_rclpy_minimal_action_server/build --no-deps install_data --install-dir /home/leejeonghun/ros2_example_ws/install/examples_rclpy_minimal_action_server
