[2.028s] Invoking command in '/home/leejeonghun/ros2_example_ws/build/examples_rclpy_executors': PYTHONPATH=/home/leejeonghun/ros2_example_ws/install/examples_rclpy_executors/lib/python3.8/site-packages:${PYTHONPATH} /usr/bin/python3 setup.py develop --prefix /home/leejeonghun/ros2_example_ws/install/examples_rclpy_executors --editable --build-directory /home/leejeonghun/ros2_example_ws/build/examples_rclpy_executors/build --no-deps install_data --install-dir /home/leejeonghun/ros2_example_ws/install/examples_rclpy_executors
[3.165s] running develop
[3.166s] running egg_info
[3.166s] creating examples_rclpy_executors.egg-info
[3.166s] writing examples_rclpy_executors.egg-info/PKG-INFO
[3.166s] writing dependency_links to examples_rclpy_executors.egg-info/dependency_links.txt
[3.166s] writing entry points to examples_rclpy_executors.egg-info/entry_points.txt
[3.166s] writing requirements to examples_rclpy_executors.egg-info/requires.txt
[3.166s] writing top-level names to examples_rclpy_executors.egg-info/top_level.txt
[3.166s] writing manifest file 'examples_rclpy_executors.egg-info/SOURCES.txt'
[3.167s] reading manifest file 'examples_rclpy_executors.egg-info/SOURCES.txt'
[3.167s] writing manifest file 'examples_rclpy_executors.egg-info/SOURCES.txt'
[3.167s] running build_ext
[3.167s] Creating /home/leejeonghun/ros2_example_ws/install/examples_rclpy_executors/lib/python3.8/site-packages/site.py
[3.167s] Creating /home/leejeonghun/ros2_example_ws/install/examples_rclpy_executors/lib/python3.8/site-packages/examples-rclpy-executors.egg-link (link to .)
[3.167s] Installing callback_group script to /home/leejeonghun/ros2_example_ws/install/examples_rclpy_executors/lib/examples_rclpy_executors
[3.167s] Installing composed script to /home/leejeonghun/ros2_example_ws/install/examples_rclpy_executors/lib/examples_rclpy_executors
[3.167s] Installing custom_callback_group script to /home/leejeonghun/ros2_example_ws/install/examples_rclpy_executors/lib/examples_rclpy_executors
[3.167s] Installing custom_executor script to /home/leejeonghun/ros2_example_ws/install/examples_rclpy_executors/lib/examples_rclpy_executors
[3.168s] Installing listener script to /home/leejeonghun/ros2_example_ws/install/examples_rclpy_executors/lib/examples_rclpy_executors
[3.168s] Installing talker script to /home/leejeonghun/ros2_example_ws/install/examples_rclpy_executors/lib/examples_rclpy_executors
[3.168s] 
[3.168s] Installed /home/leejeonghun/ros2_example_ws/build/examples_rclpy_executors
[3.168s] running install_data
[3.168s] creating /home/leejeonghun/ros2_example_ws/install/examples_rclpy_executors/share/ament_index
[3.168s] creating /home/leejeonghun/ros2_example_ws/install/examples_rclpy_executors/share/ament_index/resource_index
[3.168s] creating /home/leejeonghun/ros2_example_ws/install/examples_rclpy_executors/share/ament_index/resource_index/packages
[3.169s] copying resource/examples_rclpy_executors -> /home/leejeonghun/ros2_example_ws/install/examples_rclpy_executors/share/ament_index/resource_index/packages
[3.169s] copying package.xml -> /home/leejeonghun/ros2_example_ws/install/examples_rclpy_executors/share/examples_rclpy_executors
[3.270s] Invoked command in '/home/leejeonghun/ros2_example_ws/build/examples_rclpy_executors' returned '0': PYTHONPATH=/home/leejeonghun/ros2_example_ws/install/examples_rclpy_executors/lib/python3.8/site-packages:${PYTHONPATH} /usr/bin/python3 setup.py develop --prefix /home/leejeonghun/ros2_example_ws/install/examples_rclpy_executors --editable --build-directory /home/leejeonghun/ros2_example_ws/build/examples_rclpy_executors/build --no-deps install_data --install-dir /home/leejeonghun/ros2_example_ws/install/examples_rclpy_executors
