[2.583s] Invoking command in '/home/leejeonghun/ros2_example_ws/build/examples_rclpy_minimal_action_server': PYTHONPATH=/home/leejeonghun/ros2_example_ws/install/examples_rclpy_minimal_action_server/lib/python3.8/site-packages:${PYTHONPATH} /usr/bin/python3 setup.py develop --prefix /home/leejeonghun/ros2_example_ws/install/examples_rclpy_minimal_action_server --uninstall --editable --build-directory /home/leejeonghun/ros2_example_ws/build/examples_rclpy_minimal_action_server/build
[2.982s] running develop
[3.276s] Invoked command in '/home/leejeonghun/ros2_example_ws/build/examples_rclpy_minimal_action_server' returned '0': PYTHONPATH=/home/leejeonghun/ros2_example_ws/install/examples_rclpy_minimal_action_server/lib/python3.8/site-packages:${PYTHONPATH} /usr/bin/python3 setup.py develop --prefix /home/leejeonghun/ros2_example_ws/install/examples_rclpy_minimal_action_server --uninstall --editable --build-directory /home/leejeonghun/ros2_example_ws/build/examples_rclpy_minimal_action_server/build
[3.279s] Invoking command in '/home/leejeonghun/ros2_example_ws/src/examples/rclpy/actions/minimal_action_server': PYTHONPATH=/home/leejeonghun/ros2_example_ws/install/examples_rclpy_minimal_action_server/lib/python3.8/site-packages:${PYTHONPATH} /usr/bin/python3 setup.py egg_info --egg-base ../../../../../build/examples_rclpy_minimal_action_server build --build-base /home/leejeonghun/ros2_example_ws/build/examples_rclpy_minimal_action_server/build install --prefix /home/leejeonghun/ros2_example_ws/install/examples_rclpy_minimal_action_server --record /home/leejeonghun/ros2_example_ws/build/examples_rclpy_minimal_action_server/install.log --single-version-externally-managed
[3.617s] running egg_info
[3.617s] writing ../../../../../build/examples_rclpy_minimal_action_server/examples_rclpy_minimal_action_server.egg-info/PKG-INFO
[3.617s] writing dependency_links to ../../../../../build/examples_rclpy_minimal_action_server/examples_rclpy_minimal_action_server.egg-info/dependency_links.txt
[3.618s] writing entry points to ../../../../../build/examples_rclpy_minimal_action_server/examples_rclpy_minimal_action_server.egg-info/entry_points.txt
[3.618s] writing requirements to ../../../../../build/examples_rclpy_minimal_action_server/examples_rclpy_minimal_action_server.egg-info/requires.txt
[3.618s] writing top-level names to ../../../../../build/examples_rclpy_minimal_action_server/examples_rclpy_minimal_action_server.egg-info/top_level.txt
[3.648s] reading manifest file '../../../../../build/examples_rclpy_minimal_action_server/examples_rclpy_minimal_action_server.egg-info/SOURCES.txt'
[3.649s] writing manifest file '../../../../../build/examples_rclpy_minimal_action_server/examples_rclpy_minimal_action_server.egg-info/SOURCES.txt'
[3.649s] running build
[3.649s] running build_py
[3.649s] running install
[3.650s] running install_lib
[3.655s] running install_data
[3.655s] running install_egg_info
[3.655s] removing '/home/leejeonghun/ros2_example_ws/install/examples_rclpy_minimal_action_server/lib/python3.8/site-packages/examples_rclpy_minimal_action_server-0.11.2-py3.8.egg-info' (and everything under it)
[3.655s] Copying ../../../../../build/examples_rclpy_minimal_action_server/examples_rclpy_minimal_action_server.egg-info to /home/leejeonghun/ros2_example_ws/install/examples_rclpy_minimal_action_server/lib/python3.8/site-packages/examples_rclpy_minimal_action_server-0.11.2-py3.8.egg-info
[3.656s] running install_scripts
[3.674s] Installing server script to /home/leejeonghun/ros2_example_ws/install/examples_rclpy_minimal_action_server/lib/examples_rclpy_minimal_action_server
[3.674s] Installing server_defer script to /home/leejeonghun/ros2_example_ws/install/examples_rclpy_minimal_action_server/lib/examples_rclpy_minimal_action_server
[3.674s] Installing server_not_composable script to /home/leejeonghun/ros2_example_ws/install/examples_rclpy_minimal_action_server/lib/examples_rclpy_minimal_action_server
[3.674s] Installing server_queue_goals script to /home/leejeonghun/ros2_example_ws/install/examples_rclpy_minimal_action_server/lib/examples_rclpy_minimal_action_server
[3.674s] Installing server_single_goal script to /home/leejeonghun/ros2_example_ws/install/examples_rclpy_minimal_action_server/lib/examples_rclpy_minimal_action_server
[3.675s] writing list of installed files to '/home/leejeonghun/ros2_example_ws/build/examples_rclpy_minimal_action_server/install.log'
[3.699s] Invoked command in '/home/leejeonghun/ros2_example_ws/src/examples/rclpy/actions/minimal_action_server' returned '0': PYTHONPATH=/home/leejeonghun/ros2_example_ws/install/examples_rclpy_minimal_action_server/lib/python3.8/site-packages:${PYTHONPATH} /usr/bin/python3 setup.py egg_info --egg-base ../../../../../build/examples_rclpy_minimal_action_server build --build-base /home/leejeonghun/ros2_example_ws/build/examples_rclpy_minimal_action_server/build install --prefix /home/leejeonghun/ros2_example_ws/install/examples_rclpy_minimal_action_server --record /home/leejeonghun/ros2_example_ws/build/examples_rclpy_minimal_action_server/install.log --single-version-externally-managed
