[2.707s] Invoking command in '/home/leejeonghun/ros2_example_ws/build/examples_rclpy_minimal_action_client': PYTHONPATH=/home/leejeonghun/ros2_example_ws/install/examples_rclpy_minimal_action_client/lib/python3.8/site-packages:${PYTHONPATH} /usr/bin/python3 setup.py develop --prefix /home/leejeonghun/ros2_example_ws/install/examples_rclpy_minimal_action_client --uninstall --editable --build-directory /home/leejeonghun/ros2_example_ws/build/examples_rclpy_minimal_action_client/build
[3.110s] running develop
[3.404s] Invoked command in '/home/leejeonghun/ros2_example_ws/build/examples_rclpy_minimal_action_client' returned '0': PYTHONPATH=/home/leejeonghun/ros2_example_ws/install/examples_rclpy_minimal_action_client/lib/python3.8/site-packages:${PYTHONPATH} /usr/bin/python3 setup.py develop --prefix /home/leejeonghun/ros2_example_ws/install/examples_rclpy_minimal_action_client --uninstall --editable --build-directory /home/leejeonghun/ros2_example_ws/build/examples_rclpy_minimal_action_client/build
[3.408s] Invoking command in '/home/leejeonghun/ros2_example_ws/src/examples/rclpy/actions/minimal_action_client': PYTHONPATH=/home/leejeonghun/ros2_example_ws/install/examples_rclpy_minimal_action_client/lib/python3.8/site-packages:${PYTHONPATH} /usr/bin/python3 setup.py egg_info --egg-base ../../../../../build/examples_rclpy_minimal_action_client build --build-base /home/leejeonghun/ros2_example_ws/build/examples_rclpy_minimal_action_client/build install --prefix /home/leejeonghun/ros2_example_ws/install/examples_rclpy_minimal_action_client --record /home/leejeonghun/ros2_example_ws/build/examples_rclpy_minimal_action_client/install.log --single-version-externally-managed
[3.765s] running egg_info
[3.769s] writing ../../../../../build/examples_rclpy_minimal_action_client/examples_rclpy_minimal_action_client.egg-info/PKG-INFO
[3.769s] writing dependency_links to ../../../../../build/examples_rclpy_minimal_action_client/examples_rclpy_minimal_action_client.egg-info/dependency_links.txt
[3.770s] writing entry points to ../../../../../build/examples_rclpy_minimal_action_client/examples_rclpy_minimal_action_client.egg-info/entry_points.txt
[3.770s] writing requirements to ../../../../../build/examples_rclpy_minimal_action_client/examples_rclpy_minimal_action_client.egg-info/requires.txt
[3.770s] writing top-level names to ../../../../../build/examples_rclpy_minimal_action_client/examples_rclpy_minimal_action_client.egg-info/top_level.txt
[3.806s] reading manifest file '../../../../../build/examples_rclpy_minimal_action_client/examples_rclpy_minimal_action_client.egg-info/SOURCES.txt'
[3.807s] writing manifest file '../../../../../build/examples_rclpy_minimal_action_client/examples_rclpy_minimal_action_client.egg-info/SOURCES.txt'
[3.807s] running build
[3.807s] running build_py
[3.807s] running install
[3.808s] running install_lib
[3.809s] running install_data
[3.809s] running install_egg_info
[3.811s] removing '/home/leejeonghun/ros2_example_ws/install/examples_rclpy_minimal_action_client/lib/python3.8/site-packages/examples_rclpy_minimal_action_client-0.11.2-py3.8.egg-info' (and everything under it)
[3.811s] Copying ../../../../../build/examples_rclpy_minimal_action_client/examples_rclpy_minimal_action_client.egg-info to /home/leejeonghun/ros2_example_ws/install/examples_rclpy_minimal_action_client/lib/python3.8/site-packages/examples_rclpy_minimal_action_client-0.11.2-py3.8.egg-info
[3.812s] running install_scripts
[3.826s] Installing client script to /home/leejeonghun/ros2_example_ws/install/examples_rclpy_minimal_action_client/lib/examples_rclpy_minimal_action_client
[3.826s] Installing client_asyncio script to /home/leejeonghun/ros2_example_ws/install/examples_rclpy_minimal_action_client/lib/examples_rclpy_minimal_action_client
[3.826s] Installing client_cancel script to /home/leejeonghun/ros2_example_ws/install/examples_rclpy_minimal_action_client/lib/examples_rclpy_minimal_action_client
[3.826s] Installing client_not_composable script to /home/leejeonghun/ros2_example_ws/install/examples_rclpy_minimal_action_client/lib/examples_rclpy_minimal_action_client
[3.827s] writing list of installed files to '/home/leejeonghun/ros2_example_ws/build/examples_rclpy_minimal_action_client/install.log'
[3.858s] Invoked command in '/home/leejeonghun/ros2_example_ws/src/examples/rclpy/actions/minimal_action_client' returned '0': PYTHONPATH=/home/leejeonghun/ros2_example_ws/install/examples_rclpy_minimal_action_client/lib/python3.8/site-packages:${PYTHONPATH} /usr/bin/python3 setup.py egg_info --egg-base ../../../../../build/examples_rclpy_minimal_action_client build --build-base /home/leejeonghun/ros2_example_ws/build/examples_rclpy_minimal_action_client/build install --prefix /home/leejeonghun/ros2_example_ws/install/examples_rclpy_minimal_action_client --record /home/leejeonghun/ros2_example_ws/build/examples_rclpy_minimal_action_client/install.log --single-version-externally-managed
