[0.097s] Invoking command in '/home/leejeonghun/ros2_example_ws/build/examples_rclcpp_minimal_action_server': CMAKE_PREFIX_PATH=/opt/ros/galactic /usr/bin/cmake /home/leejeonghun/ros2_example_ws/src/examples/rclcpp/actions/minimal_action_server -DAMENT_CMAKE_SYMLINK_INSTALL=1 -DCMAKE_INSTALL_PREFIX=/home/leejeonghun/ros2_example_ws/install/examples_rclcpp_minimal_action_server
[1.144s] -- The C compiler identification is GNU 9.4.0
[1.144s] -- The CXX compiler identification is GNU 9.4.0
[1.144s] -- Check for working C compiler: /usr/bin/cc
[1.144s] -- Check for working C compiler: /usr/bin/cc -- works
[1.144s] -- Detecting C compiler ABI info
[1.145s] -- Detecting C compiler ABI info - done
[1.145s] -- Detecting C compile features
[1.145s] -- Detecting C compile features - done
[1.145s] -- Check for working CXX compiler: /usr/bin/c++
[1.146s] -- Check for working CXX compiler: /usr/bin/c++ -- works
[1.146s] -- Detecting CXX compiler ABI info
[1.146s] -- Detecting CXX compiler ABI info - done
[1.146s] -- Detecting CXX compile features
[1.146s] -- Detecting CXX compile features - done
[1.146s] -- Found ament_cmake: 1.1.5 (/opt/ros/galactic/share/ament_cmake/cmake)
[1.146s] -- Found PythonInterp: /usr/bin/python3 (found suitable version "3.8.10", minimum required is "3") 
[1.146s] -- Using PYTHON_EXECUTABLE: /usr/bin/python3
[1.147s] -- Override CMake install command with custom implementation using symlinks instead of copying resources
[1.147s] -- Found example_interfaces: 0.9.2 (/opt/ros/galactic/share/example_interfaces/cmake)
[1.205s] -- Using all available rosidl_typesupport_c: rosidl_typesupport_fastrtps_c;rosidl_typesupport_introspection_c
[1.222s] -- Found rosidl_adapter: 2.2.2 (/opt/ros/galactic/share/rosidl_adapter/cmake)
[1.466s] -- Found OpenSSL: /usr/lib/x86_64-linux-gnu/libcrypto.so (found version "1.1.1f")  
[1.516s] -- Found FastRTPS: /opt/ros/galactic/include  
[1.666s] -- Using all available rosidl_typesupport_cpp: rosidl_typesupport_fastrtps_cpp;rosidl_typesupport_introspection_cpp
[2.000s] -- Found rclcpp: 9.2.1 (/opt/ros/galactic/share/rclcpp/cmake)
[2.154s] -- Found rmw_implementation_cmake: 3.3.1 (/opt/ros/galactic/share/rmw_implementation_cmake/cmake)
[2.161s] -- Found rmw_cyclonedds_cpp: 0.22.5 (/opt/ros/galactic/share/rmw_cyclonedds_cpp/cmake)
[2.203s] -- Using RMW implementation 'rmw_cyclonedds_cpp' as default
[2.219s] -- Looking for pthread.h
[2.462s] -- Looking for pthread.h - found
[2.466s] -- Performing Test CMAKE_HAVE_LIBC_PTHREAD
[2.634s] -- Performing Test CMAKE_HAVE_LIBC_PTHREAD - Failed
[2.635s] -- Looking for pthread_create in pthreads
[2.839s] -- Looking for pthread_create in pthreads - not found
[2.839s] -- Looking for pthread_create in pthread
[3.121s] -- Looking for pthread_create in pthread - found
[3.123s] -- Found Threads: TRUE  
[3.475s] -- Found rclcpp_action: 9.2.1 (/opt/ros/galactic/share/rclcpp_action/cmake)
[3.625s] -- Found ament_lint_auto: 0.10.7 (/opt/ros/galactic/share/ament_lint_auto/cmake)
[4.029s] -- Added test 'copyright' to check source files copyright and LICENSE
[4.046s] -- Added test 'cppcheck' to perform static code analysis on C / C++ code
[4.047s] -- Configured cppcheck include dirs: 
[4.047s] -- Configured cppcheck exclude dirs and/or files: 
[4.054s] -- Added test 'cpplint' to check C / C++ code against the Google style
[4.054s] -- Configured cpplint exclude dirs and/or files: 
[4.062s] -- Added test 'lint_cmake' to check CMake code style
[4.076s] -- Added test 'uncrustify' to check C / C++ code style
[4.076s] -- Configured uncrustify additional arguments: 
[4.077s] -- Added test 'xmllint' to check XML markup files
[4.107s] -- Configuring done
[4.180s] -- Generating done
[4.216s] -- Build files have been written to: /home/leejeonghun/ros2_example_ws/build/examples_rclcpp_minimal_action_server
[6.494s] Invoked command in '/home/leejeonghun/ros2_example_ws/build/examples_rclcpp_minimal_action_server' returned '0': CMAKE_PREFIX_PATH=/opt/ros/galactic /usr/bin/cmake /home/leejeonghun/ros2_example_ws/src/examples/rclcpp/actions/minimal_action_server -DAMENT_CMAKE_SYMLINK_INSTALL=1 -DCMAKE_INSTALL_PREFIX=/home/leejeonghun/ros2_example_ws/install/examples_rclcpp_minimal_action_server
[6.499s] Invoking command in '/home/leejeonghun/ros2_example_ws/build/examples_rclcpp_minimal_action_server': CMAKE_PREFIX_PATH=/opt/ros/galactic /usr/bin/cmake --build /home/leejeonghun/ros2_example_ws/build/examples_rclcpp_minimal_action_server -- -j12 -l12
[19.166s] [35m[1mScanning dependencies of target action_server_not_composable[0m
[19.167s] [35m[1mScanning dependencies of target action_server_member_functions[0m
[19.167s] [ 25%] [32mBuilding CXX object CMakeFiles/action_server_member_functions.dir/member_functions.cpp.o[0m
[19.167s] [ 50%] [32mBuilding CXX object CMakeFiles/action_server_not_composable.dir/not_composable.cpp.o[0m
[21.509s] [ 75%] [32m[1mLinking CXX executable action_server_not_composable[0m
[22.522s] [100%] [32m[1mLinking CXX executable action_server_member_functions[0m
[22.735s] [100%] Built target action_server_not_composable
[23.188s] [100%] Built target action_server_member_functions
[24.371s] Invoked command in '/home/leejeonghun/ros2_example_ws/build/examples_rclcpp_minimal_action_server' returned '0': CMAKE_PREFIX_PATH=/opt/ros/galactic /usr/bin/cmake --build /home/leejeonghun/ros2_example_ws/build/examples_rclcpp_minimal_action_server -- -j12 -l12
[25.690s] Invoking command in '/home/leejeonghun/ros2_example_ws/build/examples_rclcpp_minimal_action_server': CMAKE_PREFIX_PATH=/opt/ros/galactic /usr/bin/cmake --install /home/leejeonghun/ros2_example_ws/build/examples_rclcpp_minimal_action_server
[25.814s] -- Install configuration: ""
[25.814s] -- Execute custom install script
[25.814s] -- Symlinking: /home/leejeonghun/ros2_example_ws/install/examples_rclcpp_minimal_action_server/lib/examples_rclcpp_minimal_action_server/action_server_not_composable
[25.828s] -- Symlinking: /home/leejeonghun/ros2_example_ws/install/examples_rclcpp_minimal_action_server/lib/examples_rclcpp_minimal_action_server/action_server_member_functions
[25.887s] -- Symlinking: /home/leejeonghun/ros2_example_ws/install/examples_rclcpp_minimal_action_server/share/ament_index/resource_index/package_run_dependencies/examples_rclcpp_minimal_action_server
[25.984s] -- Symlinking: /home/leejeonghun/ros2_example_ws/install/examples_rclcpp_minimal_action_server/share/ament_index/resource_index/parent_prefix_path/examples_rclcpp_minimal_action_server
[26.019s] -- Symlinking: /home/leejeonghun/ros2_example_ws/install/examples_rclcpp_minimal_action_server/share/examples_rclcpp_minimal_action_server/environment/ament_prefix_path.sh
[26.040s] -- Symlinking: /home/leejeonghun/ros2_example_ws/install/examples_rclcpp_minimal_action_server/share/examples_rclcpp_minimal_action_server/environment/ament_prefix_path.dsv
[26.087s] -- Symlinking: /home/leejeonghun/ros2_example_ws/install/examples_rclcpp_minimal_action_server/share/examples_rclcpp_minimal_action_server/environment/path.sh
[26.117s] -- Symlinking: /home/leejeonghun/ros2_example_ws/install/examples_rclcpp_minimal_action_server/share/examples_rclcpp_minimal_action_server/environment/path.dsv
[26.185s] -- Symlinking: /home/leejeonghun/ros2_example_ws/install/examples_rclcpp_minimal_action_server/share/examples_rclcpp_minimal_action_server/local_setup.bash
[26.203s] -- Symlinking: /home/leejeonghun/ros2_example_ws/install/examples_rclcpp_minimal_action_server/share/examples_rclcpp_minimal_action_server/local_setup.sh
[26.263s] -- Symlinking: /home/leejeonghun/ros2_example_ws/install/examples_rclcpp_minimal_action_server/share/examples_rclcpp_minimal_action_server/local_setup.zsh
[26.325s] -- Symlinking: /home/leejeonghun/ros2_example_ws/install/examples_rclcpp_minimal_action_server/share/examples_rclcpp_minimal_action_server/local_setup.dsv
[26.384s] -- Symlinking: /home/leejeonghun/ros2_example_ws/install/examples_rclcpp_minimal_action_server/share/examples_rclcpp_minimal_action_server/package.dsv
[26.413s] -- Symlinking: /home/leejeonghun/ros2_example_ws/install/examples_rclcpp_minimal_action_server/share/ament_index/resource_index/packages/examples_rclcpp_minimal_action_server
[26.468s] -- Symlinking: /home/leejeonghun/ros2_example_ws/install/examples_rclcpp_minimal_action_server/share/examples_rclcpp_minimal_action_server/cmake/examples_rclcpp_minimal_action_serverConfig.cmake
[26.496s] -- Symlinking: /home/leejeonghun/ros2_example_ws/install/examples_rclcpp_minimal_action_server/share/examples_rclcpp_minimal_action_server/cmake/examples_rclcpp_minimal_action_serverConfig-version.cmake
[26.541s] -- Symlinking: /home/leejeonghun/ros2_example_ws/install/examples_rclcpp_minimal_action_server/share/examples_rclcpp_minimal_action_server/package.xml
[26.811s] Invoked command in '/home/leejeonghun/ros2_example_ws/build/examples_rclcpp_minimal_action_server' returned '0': CMAKE_PREFIX_PATH=/opt/ros/galactic /usr/bin/cmake --install /home/leejeonghun/ros2_example_ws/build/examples_rclcpp_minimal_action_server
