[0.077s] Invoking command in '/home/leejeonghun/ros2_example_ws/build/examples_rclcpp_multithreaded_executor': CMAKE_PREFIX_PATH=/opt/ros/galactic /usr/bin/cmake /home/leejeonghun/ros2_example_ws/src/examples/rclcpp/executors/multithreaded_executor -DCMAKE_INSTALL_PREFIX=/home/leejeonghun/ros2_example_ws/install/examples_rclcpp_multithreaded_executor
[1.059s] -- Found ament_cmake: 1.1.5 (/opt/ros/galactic/share/ament_cmake/cmake)
[1.063s] -- Using PYTHON_EXECUTABLE: /usr/bin/python3
[1.064s] -- Override CMake install command with custom implementation using symlinks instead of copying resources
[1.064s] -- Found rclcpp: 9.2.1 (/opt/ros/galactic/share/rclcpp/cmake)
[1.065s] -- Using all available rosidl_typesupport_c: rosidl_typesupport_fastrtps_c;rosidl_typesupport_introspection_c
[1.065s] -- Found rosidl_adapter: 2.2.2 (/opt/ros/galactic/share/rosidl_adapter/cmake)
[1.065s] -- Using all available rosidl_typesupport_cpp: rosidl_typesupport_fastrtps_cpp;rosidl_typesupport_introspection_cpp
[1.065s] -- Found rmw_implementation_cmake: 3.3.1 (/opt/ros/galactic/share/rmw_implementation_cmake/cmake)
[1.065s] -- Found rmw_cyclonedds_cpp: 0.22.5 (/opt/ros/galactic/share/rmw_cyclonedds_cpp/cmake)
[1.066s] -- Using RMW implementation 'rmw_cyclonedds_cpp' as default
[1.066s] -- Found ament_lint_auto: 0.10.7 (/opt/ros/galactic/share/ament_lint_auto/cmake)
[1.066s] -- Added test 'copyright' to check source files copyright and LICENSE
[1.066s] -- Added test 'cppcheck' to perform static code analysis on C / C++ code
[1.066s] -- Configured cppcheck include dirs: 
[1.066s] -- Configured cppcheck exclude dirs and/or files: 
[1.066s] -- Added test 'cpplint' to check C / C++ code against the Google style
[1.066s] -- Configured cpplint exclude dirs and/or files: 
[1.067s] -- Added test 'lint_cmake' to check CMake code style
[1.067s] -- Added test 'uncrustify' to check C / C++ code style
[1.067s] -- Configured uncrustify additional arguments: 
[1.067s] -- Added test 'xmllint' to check XML markup files
[1.067s] -- Configuring done
[1.069s] -- Generating done
[1.069s] -- Build files have been written to: /home/leejeonghun/ros2_example_ws/build/examples_rclcpp_multithreaded_executor
[1.109s] Invoked command in '/home/leejeonghun/ros2_example_ws/build/examples_rclcpp_multithreaded_executor' returned '0': CMAKE_PREFIX_PATH=/opt/ros/galactic /usr/bin/cmake /home/leejeonghun/ros2_example_ws/src/examples/rclcpp/executors/multithreaded_executor -DCMAKE_INSTALL_PREFIX=/home/leejeonghun/ros2_example_ws/install/examples_rclcpp_multithreaded_executor
[1.114s] Invoking command in '/home/leejeonghun/ros2_example_ws/build/examples_rclcpp_multithreaded_executor': CMAKE_PREFIX_PATH=/opt/ros/galactic /usr/bin/cmake --build /home/leejeonghun/ros2_example_ws/build/examples_rclcpp_multithreaded_executor -- -j12 -l12
[1.271s] [100%] Built target multithreaded_executor
[1.291s] Invoked command in '/home/leejeonghun/ros2_example_ws/build/examples_rclcpp_multithreaded_executor' returned '0': CMAKE_PREFIX_PATH=/opt/ros/galactic /usr/bin/cmake --build /home/leejeonghun/ros2_example_ws/build/examples_rclcpp_multithreaded_executor -- -j12 -l12
[1.384s] Invoking command in '/home/leejeonghun/ros2_example_ws/build/examples_rclcpp_multithreaded_executor': CMAKE_PREFIX_PATH=/opt/ros/galactic /usr/bin/cmake --install /home/leejeonghun/ros2_example_ws/build/examples_rclcpp_multithreaded_executor
[1.394s] -- Install configuration: ""
[1.394s] -- Execute custom install script
[1.396s] -- Up-to-date symlink: /home/leejeonghun/ros2_example_ws/install/examples_rclcpp_multithreaded_executor/lib/examples_rclcpp_multithreaded_executor/multithreaded_executor
[1.396s] -- Up-to-date symlink: /home/leejeonghun/ros2_example_ws/install/examples_rclcpp_multithreaded_executor/share/ament_index/resource_index/package_run_dependencies/examples_rclcpp_multithreaded_executor
[1.397s] -- Up-to-date symlink: /home/leejeonghun/ros2_example_ws/install/examples_rclcpp_multithreaded_executor/share/ament_index/resource_index/parent_prefix_path/examples_rclcpp_multithreaded_executor
[1.397s] -- Up-to-date symlink: /home/leejeonghun/ros2_example_ws/install/examples_rclcpp_multithreaded_executor/share/examples_rclcpp_multithreaded_executor/environment/ament_prefix_path.sh
[1.397s] -- Up-to-date symlink: /home/leejeonghun/ros2_example_ws/install/examples_rclcpp_multithreaded_executor/share/examples_rclcpp_multithreaded_executor/environment/ament_prefix_path.dsv
[1.397s] -- Up-to-date symlink: /home/leejeonghun/ros2_example_ws/install/examples_rclcpp_multithreaded_executor/share/examples_rclcpp_multithreaded_executor/environment/path.sh
[1.398s] -- Up-to-date symlink: /home/leejeonghun/ros2_example_ws/install/examples_rclcpp_multithreaded_executor/share/examples_rclcpp_multithreaded_executor/environment/path.dsv
[1.398s] -- Up-to-date symlink: /home/leejeonghun/ros2_example_ws/install/examples_rclcpp_multithreaded_executor/share/examples_rclcpp_multithreaded_executor/local_setup.bash
[1.399s] -- Up-to-date symlink: /home/leejeonghun/ros2_example_ws/install/examples_rclcpp_multithreaded_executor/share/examples_rclcpp_multithreaded_executor/local_setup.sh
[1.402s] -- Up-to-date symlink: /home/leejeonghun/ros2_example_ws/install/examples_rclcpp_multithreaded_executor/share/examples_rclcpp_multithreaded_executor/local_setup.zsh
[1.402s] -- Up-to-date symlink: /home/leejeonghun/ros2_example_ws/install/examples_rclcpp_multithreaded_executor/share/examples_rclcpp_multithreaded_executor/local_setup.dsv
[1.402s] -- Symlinking: /home/leejeonghun/ros2_example_ws/install/examples_rclcpp_multithreaded_executor/share/examples_rclcpp_multithreaded_executor/package.dsv
[1.415s] -- Up-to-date symlink: /home/leejeonghun/ros2_example_ws/install/examples_rclcpp_multithreaded_executor/share/ament_index/resource_index/packages/examples_rclcpp_multithreaded_executor
[1.416s] -- Up-to-date symlink: /home/leejeonghun/ros2_example_ws/install/examples_rclcpp_multithreaded_executor/share/examples_rclcpp_multithreaded_executor/cmake/examples_rclcpp_multithreaded_executorConfig.cmake
[1.416s] -- Up-to-date symlink: /home/leejeonghun/ros2_example_ws/install/examples_rclcpp_multithreaded_executor/share/examples_rclcpp_multithreaded_executor/cmake/examples_rclcpp_multithreaded_executorConfig-version.cmake
[1.416s] -- Up-to-date symlink: /home/leejeonghun/ros2_example_ws/install/examples_rclcpp_multithreaded_executor/share/examples_rclcpp_multithreaded_executor/package.xml
[1.471s] Invoked command in '/home/leejeonghun/ros2_example_ws/build/examples_rclcpp_multithreaded_executor' returned '0': CMAKE_PREFIX_PATH=/opt/ros/galactic /usr/bin/cmake --install /home/leejeonghun/ros2_example_ws/build/examples_rclcpp_multithreaded_executor
