[2.263s] Invoking command in '/home/leejeonghun/ros2_example_ws/build/examples_rclpy_pointcloud_publisher': PYTHONPATH=/home/leejeonghun/ros2_example_ws/install/examples_rclpy_pointcloud_publisher/lib/python3.8/site-packages:${PYTHONPATH} /usr/bin/python3 setup.py develop --prefix /home/leejeonghun/ros2_example_ws/install/examples_rclpy_pointcloud_publisher --editable --build-directory /home/leejeonghun/ros2_example_ws/build/examples_rclpy_pointcloud_publisher/build --no-deps install_data --install-dir /home/leejeonghun/ros2_example_ws/install/examples_rclpy_pointcloud_publisher
[3.302s] running develop
[3.801s] running egg_info
[3.801s] creating examples_rclpy_pointcloud_publisher.egg-info
[3.802s] writing examples_rclpy_pointcloud_publisher.egg-info/PKG-INFO
[3.802s] writing dependency_links to examples_rclpy_pointcloud_publisher.egg-info/dependency_links.txt
[3.802s] writing entry points to examples_rclpy_pointcloud_publisher.egg-info/entry_points.txt
[3.803s] writing requirements to examples_rclpy_pointcloud_publisher.egg-info/requires.txt
[3.803s] writing top-level names to examples_rclpy_pointcloud_publisher.egg-info/top_level.txt
[3.805s] writing manifest file 'examples_rclpy_pointcloud_publisher.egg-info/SOURCES.txt'
[3.942s] reading manifest file 'examples_rclpy_pointcloud_publisher.egg-info/SOURCES.txt'
[3.960s] writing manifest file 'examples_rclpy_pointcloud_publisher.egg-info/SOURCES.txt'
[4.040s] running build_ext
[4.040s] Creating /home/leejeonghun/ros2_example_ws/install/examples_rclpy_pointcloud_publisher/lib/python3.8/site-packages/site.py
[4.044s] Creating /home/leejeonghun/ros2_example_ws/install/examples_rclpy_pointcloud_publisher/lib/python3.8/site-packages/examples-rclpy-pointcloud-publisher.egg-link (link to .)
[4.046s] Installing pointcloud_publisher script to /home/leejeonghun/ros2_example_ws/install/examples_rclpy_pointcloud_publisher/lib/examples_rclpy_pointcloud_publisher
[4.046s] 
[4.046s] Installed /home/leejeonghun/ros2_example_ws/build/examples_rclpy_pointcloud_publisher
[4.047s] running install_data
[4.047s] creating /home/leejeonghun/ros2_example_ws/install/examples_rclpy_pointcloud_publisher/share/ament_index
[4.047s] creating /home/leejeonghun/ros2_example_ws/install/examples_rclpy_pointcloud_publisher/share/ament_index/resource_index
[4.047s] creating /home/leejeonghun/ros2_example_ws/install/examples_rclpy_pointcloud_publisher/share/ament_index/resource_index/packages
[4.048s] copying resource/examples_rclpy_pointcloud_publisher -> /home/leejeonghun/ros2_example_ws/install/examples_rclpy_pointcloud_publisher/share/ament_index/resource_index/packages
[4.048s] copying package.xml -> /home/leejeonghun/ros2_example_ws/install/examples_rclpy_pointcloud_publisher/share/examples_rclpy_pointcloud_publisher
[4.116s] Invoked command in '/home/leejeonghun/ros2_example_ws/build/examples_rclpy_pointcloud_publisher' returned '0': PYTHONPATH=/home/leejeonghun/ros2_example_ws/install/examples_rclpy_pointcloud_publisher/lib/python3.8/site-packages:${PYTHONPATH} /usr/bin/python3 setup.py develop --prefix /home/leejeonghun/ros2_example_ws/install/examples_rclpy_pointcloud_publisher --editable --build-directory /home/leejeonghun/ros2_example_ws/build/examples_rclpy_pointcloud_publisher/build --no-deps install_data --install-dir /home/leejeonghun/ros2_example_ws/install/examples_rclpy_pointcloud_publisher
