[0.074s] Invoking command in '/home/leejeonghun/ros2_example_ws/build/examples_rclcpp_minimal_service': CMAKE_PREFIX_PATH=/opt/ros/galactic /usr/bin/cmake /home/leejeonghun/ros2_example_ws/src/examples/rclcpp/services/minimal_service -DCMAKE_INSTALL_PREFIX=/home/leejeonghun/ros2_example_ws/install/examples_rclcpp_minimal_service
[1.053s] -- Found ament_cmake: 1.1.5 (/opt/ros/galactic/share/ament_cmake/cmake)
[1.053s] -- Using PYTHON_EXECUTABLE: /usr/bin/python3
[1.053s] -- Override CMake install command with custom implementation using symlinks instead of copying resources
[1.053s] -- Found example_interfaces: 0.9.2 (/opt/ros/galactic/share/example_interfaces/cmake)
[1.053s] -- Using all available rosidl_typesupport_c: rosidl_typesupport_fastrtps_c;rosidl_typesupport_introspection_c
[1.053s] -- Found rosidl_adapter: 2.2.2 (/opt/ros/galactic/share/rosidl_adapter/cmake)
[1.054s] -- Using all available rosidl_typesupport_cpp: rosidl_typesupport_fastrtps_cpp;rosidl_typesupport_introspection_cpp
[1.054s] -- Found rclcpp: 9.2.1 (/opt/ros/galactic/share/rclcpp/cmake)
[1.054s] -- Found rmw_implementation_cmake: 3.3.1 (/opt/ros/galactic/share/rmw_implementation_cmake/cmake)
[1.054s] -- Found rmw_cyclonedds_cpp: 0.22.5 (/opt/ros/galactic/share/rmw_cyclonedds_cpp/cmake)
[1.054s] -- Using RMW implementation 'rmw_cyclonedds_cpp' as default
[1.054s] -- Found ament_lint_auto: 0.10.7 (/opt/ros/galactic/share/ament_lint_auto/cmake)
[1.133s] -- Added test 'copyright' to check source files copyright and LICENSE
[1.133s] -- Added test 'cppcheck' to perform static code analysis on C / C++ code
[1.133s] -- Configured cppcheck include dirs: 
[1.133s] -- Configured cppcheck exclude dirs and/or files: 
[1.134s] -- Added test 'cpplint' to check C / C++ code against the Google style
[1.134s] -- Configured cpplint exclude dirs and/or files: 
[1.135s] -- Added test 'lint_cmake' to check CMake code style
[1.136s] -- Added test 'uncrustify' to check C / C++ code style
[1.137s] -- Configured uncrustify additional arguments: 
[1.137s] -- Added test 'xmllint' to check XML markup files
[1.142s] -- Configuring done
[1.156s] -- Generating done
[1.177s] -- Build files have been written to: /home/leejeonghun/ros2_example_ws/build/examples_rclcpp_minimal_service
[1.229s] Invoked command in '/home/leejeonghun/ros2_example_ws/build/examples_rclcpp_minimal_service' returned '0': CMAKE_PREFIX_PATH=/opt/ros/galactic /usr/bin/cmake /home/leejeonghun/ros2_example_ws/src/examples/rclcpp/services/minimal_service -DCMAKE_INSTALL_PREFIX=/home/leejeonghun/ros2_example_ws/install/examples_rclcpp_minimal_service
[1.230s] Invoking command in '/home/leejeonghun/ros2_example_ws/build/examples_rclcpp_minimal_service': CMAKE_PREFIX_PATH=/opt/ros/galactic /usr/bin/cmake --build /home/leejeonghun/ros2_example_ws/build/examples_rclcpp_minimal_service -- -j12 -l12
[1.352s] [100%] Built target service_main
[1.383s] Invoked command in '/home/leejeonghun/ros2_example_ws/build/examples_rclcpp_minimal_service' returned '0': CMAKE_PREFIX_PATH=/opt/ros/galactic /usr/bin/cmake --build /home/leejeonghun/ros2_example_ws/build/examples_rclcpp_minimal_service -- -j12 -l12
[1.506s] Invoking command in '/home/leejeonghun/ros2_example_ws/build/examples_rclcpp_minimal_service': CMAKE_PREFIX_PATH=/opt/ros/galactic /usr/bin/cmake --install /home/leejeonghun/ros2_example_ws/build/examples_rclcpp_minimal_service
[1.540s] -- Install configuration: ""
[1.540s] -- Execute custom install script
[1.540s] -- Up-to-date symlink: /home/leejeonghun/ros2_example_ws/install/examples_rclcpp_minimal_service/lib/examples_rclcpp_minimal_service/service_main
[1.541s] -- Up-to-date symlink: /home/leejeonghun/ros2_example_ws/install/examples_rclcpp_minimal_service/share/ament_index/resource_index/package_run_dependencies/examples_rclcpp_minimal_service
[1.541s] -- Up-to-date symlink: /home/leejeonghun/ros2_example_ws/install/examples_rclcpp_minimal_service/share/ament_index/resource_index/parent_prefix_path/examples_rclcpp_minimal_service
[1.541s] -- Up-to-date symlink: /home/leejeonghun/ros2_example_ws/install/examples_rclcpp_minimal_service/share/examples_rclcpp_minimal_service/environment/ament_prefix_path.sh
[1.541s] -- Up-to-date symlink: /home/leejeonghun/ros2_example_ws/install/examples_rclcpp_minimal_service/share/examples_rclcpp_minimal_service/environment/ament_prefix_path.dsv
[1.541s] -- Up-to-date symlink: /home/leejeonghun/ros2_example_ws/install/examples_rclcpp_minimal_service/share/examples_rclcpp_minimal_service/environment/path.sh
[1.541s] -- Up-to-date symlink: /home/leejeonghun/ros2_example_ws/install/examples_rclcpp_minimal_service/share/examples_rclcpp_minimal_service/environment/path.dsv
[1.542s] -- Up-to-date symlink: /home/leejeonghun/ros2_example_ws/install/examples_rclcpp_minimal_service/share/examples_rclcpp_minimal_service/local_setup.bash
[1.542s] -- Up-to-date symlink: /home/leejeonghun/ros2_example_ws/install/examples_rclcpp_minimal_service/share/examples_rclcpp_minimal_service/local_setup.sh
[1.542s] -- Up-to-date symlink: /home/leejeonghun/ros2_example_ws/install/examples_rclcpp_minimal_service/share/examples_rclcpp_minimal_service/local_setup.zsh
[1.542s] -- Up-to-date symlink: /home/leejeonghun/ros2_example_ws/install/examples_rclcpp_minimal_service/share/examples_rclcpp_minimal_service/local_setup.dsv
[1.542s] -- Symlinking: /home/leejeonghun/ros2_example_ws/install/examples_rclcpp_minimal_service/share/examples_rclcpp_minimal_service/package.dsv
[1.542s] -- Up-to-date symlink: /home/leejeonghun/ros2_example_ws/install/examples_rclcpp_minimal_service/share/ament_index/resource_index/packages/examples_rclcpp_minimal_service
[1.542s] -- Up-to-date symlink: /home/leejeonghun/ros2_example_ws/install/examples_rclcpp_minimal_service/share/examples_rclcpp_minimal_service/cmake/examples_rclcpp_minimal_serviceConfig.cmake
[1.543s] -- Up-to-date symlink: /home/leejeonghun/ros2_example_ws/install/examples_rclcpp_minimal_service/share/examples_rclcpp_minimal_service/cmake/examples_rclcpp_minimal_serviceConfig-version.cmake
[1.545s] -- Up-to-date symlink: /home/leejeonghun/ros2_example_ws/install/examples_rclcpp_minimal_service/share/examples_rclcpp_minimal_service/package.xml
[1.597s] Invoked command in '/home/leejeonghun/ros2_example_ws/build/examples_rclcpp_minimal_service' returned '0': CMAKE_PREFIX_PATH=/opt/ros/galactic /usr/bin/cmake --install /home/leejeonghun/ros2_example_ws/build/examples_rclcpp_minimal_service
