[0.077s] Invoking command in '/home/leejeonghun/ros2_example_ws/build/examples_rclcpp_minimal_client': CMAKE_PREFIX_PATH=/opt/ros/galactic /usr/bin/cmake /home/leejeonghun/ros2_example_ws/src/examples/rclcpp/services/minimal_client -DCMAKE_INSTALL_PREFIX=/home/leejeonghun/ros2_example_ws/install/examples_rclcpp_minimal_client
[1.037s] -- Found ament_cmake: 1.1.5 (/opt/ros/galactic/share/ament_cmake/cmake)
[1.037s] -- Using PYTHON_EXECUTABLE: /usr/bin/python3
[1.037s] -- Override CMake install command with custom implementation using symlinks instead of copying resources
[1.037s] -- Found example_interfaces: 0.9.2 (/opt/ros/galactic/share/example_interfaces/cmake)
[1.037s] -- Using all available rosidl_typesupport_c: rosidl_typesupport_fastrtps_c;rosidl_typesupport_introspection_c
[1.037s] -- Found rosidl_adapter: 2.2.2 (/opt/ros/galactic/share/rosidl_adapter/cmake)
[1.037s] -- Using all available rosidl_typesupport_cpp: rosidl_typesupport_fastrtps_cpp;rosidl_typesupport_introspection_cpp
[1.038s] -- Found rclcpp: 9.2.1 (/opt/ros/galactic/share/rclcpp/cmake)
[1.038s] -- Found rmw_implementation_cmake: 3.3.1 (/opt/ros/galactic/share/rmw_implementation_cmake/cmake)
[1.038s] -- Found rmw_cyclonedds_cpp: 0.22.5 (/opt/ros/galactic/share/rmw_cyclonedds_cpp/cmake)
[1.038s] -- Using RMW implementation 'rmw_cyclonedds_cpp' as default
[1.092s] -- Found ament_lint_auto: 0.10.7 (/opt/ros/galactic/share/ament_lint_auto/cmake)
[1.208s] -- Added test 'copyright' to check source files copyright and LICENSE
[1.209s] -- Added test 'cppcheck' to perform static code analysis on C / C++ code
[1.210s] -- Configured cppcheck include dirs: 
[1.210s] -- Configured cppcheck exclude dirs and/or files: 
[1.211s] -- Added test 'cpplint' to check C / C++ code against the Google style
[1.211s] -- Configured cpplint exclude dirs and/or files: 
[1.212s] -- Added test 'lint_cmake' to check CMake code style
[1.216s] -- Added test 'uncrustify' to check C / C++ code style
[1.216s] -- Configured uncrustify additional arguments: 
[1.219s] -- Added test 'xmllint' to check XML markup files
[1.221s] -- Configuring done
[1.238s] -- Generating done
[1.241s] -- Build files have been written to: /home/leejeonghun/ros2_example_ws/build/examples_rclcpp_minimal_client
[1.257s] Invoked command in '/home/leejeonghun/ros2_example_ws/build/examples_rclcpp_minimal_client' returned '0': CMAKE_PREFIX_PATH=/opt/ros/galactic /usr/bin/cmake /home/leejeonghun/ros2_example_ws/src/examples/rclcpp/services/minimal_client -DCMAKE_INSTALL_PREFIX=/home/leejeonghun/ros2_example_ws/install/examples_rclcpp_minimal_client
[1.262s] Invoking command in '/home/leejeonghun/ros2_example_ws/build/examples_rclcpp_minimal_client': CMAKE_PREFIX_PATH=/opt/ros/galactic /usr/bin/cmake --build /home/leejeonghun/ros2_example_ws/build/examples_rclcpp_minimal_client -- -j12 -l12
[1.366s] [100%] Built target client_main
[1.392s] Invoked command in '/home/leejeonghun/ros2_example_ws/build/examples_rclcpp_minimal_client' returned '0': CMAKE_PREFIX_PATH=/opt/ros/galactic /usr/bin/cmake --build /home/leejeonghun/ros2_example_ws/build/examples_rclcpp_minimal_client -- -j12 -l12
[1.529s] Invoking command in '/home/leejeonghun/ros2_example_ws/build/examples_rclcpp_minimal_client': CMAKE_PREFIX_PATH=/opt/ros/galactic /usr/bin/cmake --install /home/leejeonghun/ros2_example_ws/build/examples_rclcpp_minimal_client
[1.564s] -- Install configuration: ""
[1.564s] -- Execute custom install script
[1.564s] -- Up-to-date symlink: /home/leejeonghun/ros2_example_ws/install/examples_rclcpp_minimal_client/lib/examples_rclcpp_minimal_client/client_main
[1.565s] -- Up-to-date symlink: /home/leejeonghun/ros2_example_ws/install/examples_rclcpp_minimal_client/share/ament_index/resource_index/package_run_dependencies/examples_rclcpp_minimal_client
[1.565s] -- Up-to-date symlink: /home/leejeonghun/ros2_example_ws/install/examples_rclcpp_minimal_client/share/ament_index/resource_index/parent_prefix_path/examples_rclcpp_minimal_client
[1.565s] -- Up-to-date symlink: /home/leejeonghun/ros2_example_ws/install/examples_rclcpp_minimal_client/share/examples_rclcpp_minimal_client/environment/ament_prefix_path.sh
[1.565s] -- Up-to-date symlink: /home/leejeonghun/ros2_example_ws/install/examples_rclcpp_minimal_client/share/examples_rclcpp_minimal_client/environment/ament_prefix_path.dsv
[1.565s] -- Up-to-date symlink: /home/leejeonghun/ros2_example_ws/install/examples_rclcpp_minimal_client/share/examples_rclcpp_minimal_client/environment/path.sh
[1.566s] -- Up-to-date symlink: /home/leejeonghun/ros2_example_ws/install/examples_rclcpp_minimal_client/share/examples_rclcpp_minimal_client/environment/path.dsv
[1.566s] -- Up-to-date symlink: /home/leejeonghun/ros2_example_ws/install/examples_rclcpp_minimal_client/share/examples_rclcpp_minimal_client/local_setup.bash
[1.566s] -- Up-to-date symlink: /home/leejeonghun/ros2_example_ws/install/examples_rclcpp_minimal_client/share/examples_rclcpp_minimal_client/local_setup.sh
[1.566s] -- Up-to-date symlink: /home/leejeonghun/ros2_example_ws/install/examples_rclcpp_minimal_client/share/examples_rclcpp_minimal_client/local_setup.zsh
[1.566s] -- Up-to-date symlink: /home/leejeonghun/ros2_example_ws/install/examples_rclcpp_minimal_client/share/examples_rclcpp_minimal_client/local_setup.dsv
[1.567s] -- Symlinking: /home/leejeonghun/ros2_example_ws/install/examples_rclcpp_minimal_client/share/examples_rclcpp_minimal_client/package.dsv
[1.569s] -- Up-to-date symlink: /home/leejeonghun/ros2_example_ws/install/examples_rclcpp_minimal_client/share/ament_index/resource_index/packages/examples_rclcpp_minimal_client
[1.569s] -- Up-to-date symlink: /home/leejeonghun/ros2_example_ws/install/examples_rclcpp_minimal_client/share/examples_rclcpp_minimal_client/cmake/examples_rclcpp_minimal_clientConfig.cmake
[1.569s] -- Up-to-date symlink: /home/leejeonghun/ros2_example_ws/install/examples_rclcpp_minimal_client/share/examples_rclcpp_minimal_client/cmake/examples_rclcpp_minimal_clientConfig-version.cmake
[1.569s] -- Up-to-date symlink: /home/leejeonghun/ros2_example_ws/install/examples_rclcpp_minimal_client/share/examples_rclcpp_minimal_client/package.xml
[1.650s] Invoked command in '/home/leejeonghun/ros2_example_ws/build/examples_rclcpp_minimal_client' returned '0': CMAKE_PREFIX_PATH=/opt/ros/galactic /usr/bin/cmake --install /home/leejeonghun/ros2_example_ws/build/examples_rclcpp_minimal_client
