[2.622s] Invoking command in '/home/leejeonghun/ros2_example_ws/build/examples_rclpy_minimal_client': PYTHONPATH=/home/leejeonghun/ros2_example_ws/install/examples_rclpy_minimal_client/lib/python3.8/site-packages:${PYTHONPATH} /usr/bin/python3 setup.py develop --prefix /home/leejeonghun/ros2_example_ws/install/examples_rclpy_minimal_client --uninstall --editable --build-directory /home/leejeonghun/ros2_example_ws/build/examples_rclpy_minimal_client/build
[3.050s] running develop
[3.359s] Invoked command in '/home/leejeonghun/ros2_example_ws/build/examples_rclpy_minimal_client' returned '0': PYTHONPATH=/home/leejeonghun/ros2_example_ws/install/examples_rclpy_minimal_client/lib/python3.8/site-packages:${PYTHONPATH} /usr/bin/python3 setup.py develop --prefix /home/leejeonghun/ros2_example_ws/install/examples_rclpy_minimal_client --uninstall --editable --build-directory /home/leejeonghun/ros2_example_ws/build/examples_rclpy_minimal_client/build
[3.362s] Invoking command in '/home/leejeonghun/ros2_example_ws/src/examples/rclpy/services/minimal_client': PYTHONPATH=/home/leejeonghun/ros2_example_ws/install/examples_rclpy_minimal_client/lib/python3.8/site-packages:${PYTHONPATH} /usr/bin/python3 setup.py egg_info --egg-base ../../../../../build/examples_rclpy_minimal_client build --build-base /home/leejeonghun/ros2_example_ws/build/examples_rclpy_minimal_client/build install --prefix /home/leejeonghun/ros2_example_ws/install/examples_rclpy_minimal_client --record /home/leejeonghun/ros2_example_ws/build/examples_rclpy_minimal_client/install.log --single-version-externally-managed
[3.616s] running egg_info
[3.617s] writing ../../../../../build/examples_rclpy_minimal_client/examples_rclpy_minimal_client.egg-info/PKG-INFO
[3.617s] writing dependency_links to ../../../../../build/examples_rclpy_minimal_client/examples_rclpy_minimal_client.egg-info/dependency_links.txt
[3.617s] writing entry points to ../../../../../build/examples_rclpy_minimal_client/examples_rclpy_minimal_client.egg-info/entry_points.txt
[3.617s] writing requirements to ../../../../../build/examples_rclpy_minimal_client/examples_rclpy_minimal_client.egg-info/requires.txt
[3.617s] writing top-level names to ../../../../../build/examples_rclpy_minimal_client/examples_rclpy_minimal_client.egg-info/top_level.txt
[3.651s] reading manifest file '../../../../../build/examples_rclpy_minimal_client/examples_rclpy_minimal_client.egg-info/SOURCES.txt'
[3.651s] writing manifest file '../../../../../build/examples_rclpy_minimal_client/examples_rclpy_minimal_client.egg-info/SOURCES.txt'
[3.652s] running build
[3.652s] running build_py
[3.652s] running install
[3.652s] running install_lib
[3.656s] running install_data
[3.657s] running install_egg_info
[3.657s] removing '/home/leejeonghun/ros2_example_ws/install/examples_rclpy_minimal_client/lib/python3.8/site-packages/examples_rclpy_minimal_client-0.11.2-py3.8.egg-info' (and everything under it)
[3.657s] Copying ../../../../../build/examples_rclpy_minimal_client/examples_rclpy_minimal_client.egg-info to /home/leejeonghun/ros2_example_ws/install/examples_rclpy_minimal_client/lib/python3.8/site-packages/examples_rclpy_minimal_client-0.11.2-py3.8.egg-info
[3.657s] running install_scripts
[3.672s] Installing client script to /home/leejeonghun/ros2_example_ws/install/examples_rclpy_minimal_client/lib/examples_rclpy_minimal_client
[3.673s] Installing client_async script to /home/leejeonghun/ros2_example_ws/install/examples_rclpy_minimal_client/lib/examples_rclpy_minimal_client
[3.673s] Installing client_async_callback script to /home/leejeonghun/ros2_example_ws/install/examples_rclpy_minimal_client/lib/examples_rclpy_minimal_client
[3.673s] Installing client_async_member_function script to /home/leejeonghun/ros2_example_ws/install/examples_rclpy_minimal_client/lib/examples_rclpy_minimal_client
[3.673s] writing list of installed files to '/home/leejeonghun/ros2_example_ws/build/examples_rclpy_minimal_client/install.log'
[3.704s] Invoked command in '/home/leejeonghun/ros2_example_ws/src/examples/rclpy/services/minimal_client' returned '0': PYTHONPATH=/home/leejeonghun/ros2_example_ws/install/examples_rclpy_minimal_client/lib/python3.8/site-packages:${PYTHONPATH} /usr/bin/python3 setup.py egg_info --egg-base ../../../../../build/examples_rclpy_minimal_client build --build-base /home/leejeonghun/ros2_example_ws/build/examples_rclpy_minimal_client/build install --prefix /home/leejeonghun/ros2_example_ws/install/examples_rclpy_minimal_client --record /home/leejeonghun/ros2_example_ws/build/examples_rclpy_minimal_client/install.log --single-version-externally-managed
