[1.910s] Invoking command in '/home/leejeonghun/ros2_example_ws/build/examples_rclpy_executors': PYTHONPATH=/home/leejeonghun/ros2_example_ws/install/examples_rclpy_executors/lib/python3.8/site-packages:${PYTHONPATH} /usr/bin/python3 setup.py develop --prefix /home/leejeonghun/ros2_example_ws/install/examples_rclpy_executors --uninstall --editable --build-directory /home/leejeonghun/ros2_example_ws/build/examples_rclpy_executors/build
[2.126s] running develop
[2.262s] Removing /home/leejeonghun/ros2_example_ws/install/examples_rclpy_executors/lib/python3.8/site-packages/examples-rclpy-executors.egg-link (link to .)
[2.878s] Invoked command in '/home/leejeonghun/ros2_example_ws/build/examples_rclpy_executors' returned '0': PYTHONPATH=/home/leejeonghun/ros2_example_ws/install/examples_rclpy_executors/lib/python3.8/site-packages:${PYTHONPATH} /usr/bin/python3 setup.py develop --prefix /home/leejeonghun/ros2_example_ws/install/examples_rclpy_executors --uninstall --editable --build-directory /home/leejeonghun/ros2_example_ws/build/examples_rclpy_executors/build
[2.880s] Invoking command in '/home/leejeonghun/ros2_example_ws/src/examples/rclpy/executors': PYTHONPATH=/home/leejeonghun/ros2_example_ws/install/examples_rclpy_executors/lib/python3.8/site-packages:${PYTHONPATH} /usr/bin/python3 setup.py egg_info --egg-base ../../../../build/examples_rclpy_executors build --build-base /home/leejeonghun/ros2_example_ws/build/examples_rclpy_executors/build install --prefix /home/leejeonghun/ros2_example_ws/install/examples_rclpy_executors --record /home/leejeonghun/ros2_example_ws/build/examples_rclpy_executors/install.log --single-version-externally-managed
[3.341s] running egg_info
[3.342s] writing ../../../../build/examples_rclpy_executors/examples_rclpy_executors.egg-info/PKG-INFO
[3.342s] writing dependency_links to ../../../../build/examples_rclpy_executors/examples_rclpy_executors.egg-info/dependency_links.txt
[3.342s] writing entry points to ../../../../build/examples_rclpy_executors/examples_rclpy_executors.egg-info/entry_points.txt
[3.342s] writing requirements to ../../../../build/examples_rclpy_executors/examples_rclpy_executors.egg-info/requires.txt
[3.342s] writing top-level names to ../../../../build/examples_rclpy_executors/examples_rclpy_executors.egg-info/top_level.txt
[3.343s] reading manifest file '../../../../build/examples_rclpy_executors/examples_rclpy_executors.egg-info/SOURCES.txt'
[3.343s] writing manifest file '../../../../build/examples_rclpy_executors/examples_rclpy_executors.egg-info/SOURCES.txt'
[3.343s] running build
[3.343s] running build_py
[3.343s] creating /home/leejeonghun/ros2_example_ws/build/examples_rclpy_executors/build
[3.343s] creating /home/leejeonghun/ros2_example_ws/build/examples_rclpy_executors/build/lib
[3.343s] creating /home/leejeonghun/ros2_example_ws/build/examples_rclpy_executors/build/lib/examples_rclpy_executors
[3.344s] copying examples_rclpy_executors/custom_executor.py -> /home/leejeonghun/ros2_example_ws/build/examples_rclpy_executors/build/lib/examples_rclpy_executors
[3.345s] copying examples_rclpy_executors/listener.py -> /home/leejeonghun/ros2_example_ws/build/examples_rclpy_executors/build/lib/examples_rclpy_executors
[3.345s] copying examples_rclpy_executors/composed.py -> /home/leejeonghun/ros2_example_ws/build/examples_rclpy_executors/build/lib/examples_rclpy_executors
[3.345s] copying examples_rclpy_executors/talker.py -> /home/leejeonghun/ros2_example_ws/build/examples_rclpy_executors/build/lib/examples_rclpy_executors
[3.346s] copying examples_rclpy_executors/callback_group.py -> /home/leejeonghun/ros2_example_ws/build/examples_rclpy_executors/build/lib/examples_rclpy_executors
[3.346s] copying examples_rclpy_executors/custom_callback_group.py -> /home/leejeonghun/ros2_example_ws/build/examples_rclpy_executors/build/lib/examples_rclpy_executors
[3.346s] copying examples_rclpy_executors/__init__.py -> /home/leejeonghun/ros2_example_ws/build/examples_rclpy_executors/build/lib/examples_rclpy_executors
[3.346s] running install
[3.347s] running install_lib
[3.348s] creating /home/leejeonghun/ros2_example_ws/install/examples_rclpy_executors/lib/python3.8/site-packages/examples_rclpy_executors
[3.348s] copying /home/leejeonghun/ros2_example_ws/build/examples_rclpy_executors/build/lib/examples_rclpy_executors/custom_executor.py -> /home/leejeonghun/ros2_example_ws/install/examples_rclpy_executors/lib/python3.8/site-packages/examples_rclpy_executors
[3.349s] copying /home/leejeonghun/ros2_example_ws/build/examples_rclpy_executors/build/lib/examples_rclpy_executors/listener.py -> /home/leejeonghun/ros2_example_ws/install/examples_rclpy_executors/lib/python3.8/site-packages/examples_rclpy_executors
[3.349s] copying /home/leejeonghun/ros2_example_ws/build/examples_rclpy_executors/build/lib/examples_rclpy_executors/composed.py -> /home/leejeonghun/ros2_example_ws/install/examples_rclpy_executors/lib/python3.8/site-packages/examples_rclpy_executors
[3.349s] copying /home/leejeonghun/ros2_example_ws/build/examples_rclpy_executors/build/lib/examples_rclpy_executors/talker.py -> /home/leejeonghun/ros2_example_ws/install/examples_rclpy_executors/lib/python3.8/site-packages/examples_rclpy_executors
[3.349s] copying /home/leejeonghun/ros2_example_ws/build/examples_rclpy_executors/build/lib/examples_rclpy_executors/callback_group.py -> /home/leejeonghun/ros2_example_ws/install/examples_rclpy_executors/lib/python3.8/site-packages/examples_rclpy_executors
[3.350s] copying /home/leejeonghun/ros2_example_ws/build/examples_rclpy_executors/build/lib/examples_rclpy_executors/custom_callback_group.py -> /home/leejeonghun/ros2_example_ws/install/examples_rclpy_executors/lib/python3.8/site-packages/examples_rclpy_executors
[3.350s] copying /home/leejeonghun/ros2_example_ws/build/examples_rclpy_executors/build/lib/examples_rclpy_executors/__init__.py -> /home/leejeonghun/ros2_example_ws/install/examples_rclpy_executors/lib/python3.8/site-packages/examples_rclpy_executors
[3.350s] byte-compiling /home/leejeonghun/ros2_example_ws/install/examples_rclpy_executors/lib/python3.8/site-packages/examples_rclpy_executors/custom_executor.py to custom_executor.cpython-38.pyc
[3.351s] byte-compiling /home/leejeonghun/ros2_example_ws/install/examples_rclpy_executors/lib/python3.8/site-packages/examples_rclpy_executors/listener.py to listener.cpython-38.pyc
[3.351s] byte-compiling /home/leejeonghun/ros2_example_ws/install/examples_rclpy_executors/lib/python3.8/site-packages/examples_rclpy_executors/composed.py to composed.cpython-38.pyc
[3.351s] byte-compiling /home/leejeonghun/ros2_example_ws/install/examples_rclpy_executors/lib/python3.8/site-packages/examples_rclpy_executors/talker.py to talker.cpython-38.pyc
[3.351s] byte-compiling /home/leejeonghun/ros2_example_ws/install/examples_rclpy_executors/lib/python3.8/site-packages/examples_rclpy_executors/callback_group.py to callback_group.cpython-38.pyc
[3.351s] byte-compiling /home/leejeonghun/ros2_example_ws/install/examples_rclpy_executors/lib/python3.8/site-packages/examples_rclpy_executors/custom_callback_group.py to custom_callback_group.cpython-38.pyc
[3.352s] byte-compiling /home/leejeonghun/ros2_example_ws/install/examples_rclpy_executors/lib/python3.8/site-packages/examples_rclpy_executors/__init__.py to __init__.cpython-38.pyc
[3.352s] running install_data
[3.352s] running install_egg_info
[3.353s] Copying ../../../../build/examples_rclpy_executors/examples_rclpy_executors.egg-info to /home/leejeonghun/ros2_example_ws/install/examples_rclpy_executors/lib/python3.8/site-packages/examples_rclpy_executors-0.11.2-py3.8.egg-info
[3.353s] running install_scripts
[3.354s] Installing callback_group script to /home/leejeonghun/ros2_example_ws/install/examples_rclpy_executors/lib/examples_rclpy_executors
[3.355s] Installing composed script to /home/leejeonghun/ros2_example_ws/install/examples_rclpy_executors/lib/examples_rclpy_executors
[3.355s] Installing custom_callback_group script to /home/leejeonghun/ros2_example_ws/install/examples_rclpy_executors/lib/examples_rclpy_executors
[3.355s] Installing custom_executor script to /home/leejeonghun/ros2_example_ws/install/examples_rclpy_executors/lib/examples_rclpy_executors
[3.355s] Installing listener script to /home/leejeonghun/ros2_example_ws/install/examples_rclpy_executors/lib/examples_rclpy_executors
[3.356s] Installing talker script to /home/leejeonghun/ros2_example_ws/install/examples_rclpy_executors/lib/examples_rclpy_executors
[3.356s] writing list of installed files to '/home/leejeonghun/ros2_example_ws/build/examples_rclpy_executors/install.log'
[3.388s] Invoked command in '/home/leejeonghun/ros2_example_ws/src/examples/rclpy/executors' returned '0': PYTHONPATH=/home/leejeonghun/ros2_example_ws/install/examples_rclpy_executors/lib/python3.8/site-packages:${PYTHONPATH} /usr/bin/python3 setup.py egg_info --egg-base ../../../../build/examples_rclpy_executors build --build-base /home/leejeonghun/ros2_example_ws/build/examples_rclpy_executors/build install --prefix /home/leejeonghun/ros2_example_ws/install/examples_rclpy_executors --record /home/leejeonghun/ros2_example_ws/build/examples_rclpy_executors/install.log --single-version-externally-managed
