[0.101s] Invoking command in '/home/leejeonghun/ros2_example_ws/build/examples_rclcpp_minimal_action_client': CMAKE_PREFIX_PATH=/opt/ros/galactic /usr/bin/cmake /home/leejeonghun/ros2_example_ws/src/examples/rclcpp/actions/minimal_action_client -DAMENT_CMAKE_SYMLINK_INSTALL=1 -DCMAKE_INSTALL_PREFIX=/home/leejeonghun/ros2_example_ws/install/examples_rclcpp_minimal_action_client
[1.121s] -- The C compiler identification is GNU 9.4.0
[1.121s] -- The CXX compiler identification is GNU 9.4.0
[1.121s] -- Check for working C compiler: /usr/bin/cc
[1.121s] -- Check for working C compiler: /usr/bin/cc -- works
[1.121s] -- Detecting C compiler ABI info
[1.121s] -- Detecting C compiler ABI info - done
[1.121s] -- Detecting C compile features
[1.122s] -- Detecting C compile features - done
[1.122s] -- Check for working CXX compiler: /usr/bin/c++
[1.122s] -- Check for working CXX compiler: /usr/bin/c++ -- works
[1.122s] -- Detecting CXX compiler ABI info
[1.122s] -- Detecting CXX compiler ABI info - done
[1.122s] -- Detecting CXX compile features
[1.122s] -- Detecting CXX compile features - done
[1.122s] -- Found ament_cmake: 1.1.5 (/opt/ros/galactic/share/ament_cmake/cmake)
[1.122s] -- Found PythonInterp: /usr/bin/python3 (found suitable version "3.8.10", minimum required is "3") 
[1.123s] -- Using PYTHON_EXECUTABLE: /usr/bin/python3
[1.123s] -- Override CMake install command with custom implementation using symlinks instead of copying resources
[1.123s] -- Found example_interfaces: 0.9.2 (/opt/ros/galactic/share/example_interfaces/cmake)
[1.150s] -- Using all available rosidl_typesupport_c: rosidl_typesupport_fastrtps_c;rosidl_typesupport_introspection_c
[1.157s] -- Found rosidl_adapter: 2.2.2 (/opt/ros/galactic/share/rosidl_adapter/cmake)
[1.339s] -- Found OpenSSL: /usr/lib/x86_64-linux-gnu/libcrypto.so (found version "1.1.1f")  
[1.396s] -- Found FastRTPS: /opt/ros/galactic/include  
[1.551s] -- Using all available rosidl_typesupport_cpp: rosidl_typesupport_fastrtps_cpp;rosidl_typesupport_introspection_cpp
[1.921s] -- Found rclcpp: 9.2.1 (/opt/ros/galactic/share/rclcpp/cmake)
[2.027s] -- Found rmw_implementation_cmake: 3.3.1 (/opt/ros/galactic/share/rmw_implementation_cmake/cmake)
[2.033s] -- Found rmw_cyclonedds_cpp: 0.22.5 (/opt/ros/galactic/share/rmw_cyclonedds_cpp/cmake)
[2.073s] -- Using RMW implementation 'rmw_cyclonedds_cpp' as default
[2.075s] -- Looking for pthread.h
[2.274s] -- Looking for pthread.h - found
[2.274s] -- Performing Test CMAKE_HAVE_LIBC_PTHREAD
[2.444s] -- Performing Test CMAKE_HAVE_LIBC_PTHREAD - Failed
[2.445s] -- Looking for pthread_create in pthreads
[2.645s] -- Looking for pthread_create in pthreads - not found
[2.645s] -- Looking for pthread_create in pthread
[2.867s] -- Looking for pthread_create in pthread - found
[2.870s] -- Found Threads: TRUE  
[3.246s] -- Found rclcpp_action: 9.2.1 (/opt/ros/galactic/share/rclcpp_action/cmake)
[3.353s] -- Found ament_lint_auto: 0.10.7 (/opt/ros/galactic/share/ament_lint_auto/cmake)
[3.493s] -- Added test 'copyright' to check source files copyright and LICENSE
[3.495s] -- Added test 'cppcheck' to perform static code analysis on C / C++ code
[3.496s] -- Configured cppcheck include dirs: 
[3.496s] -- Configured cppcheck exclude dirs and/or files: 
[3.505s] -- Added test 'cpplint' to check C / C++ code against the Google style
[3.505s] -- Configured cpplint exclude dirs and/or files: 
[3.505s] -- Added test 'lint_cmake' to check CMake code style
[3.506s] -- Added test 'uncrustify' to check C / C++ code style
[3.506s] -- Configured uncrustify additional arguments: 
[3.507s] -- Added test 'xmllint' to check XML markup files
[3.514s] -- Configuring done
[3.568s] -- Generating done
[3.574s] -- Build files have been written to: /home/leejeonghun/ros2_example_ws/build/examples_rclcpp_minimal_action_client
[6.462s] Invoked command in '/home/leejeonghun/ros2_example_ws/build/examples_rclcpp_minimal_action_client' returned '0': CMAKE_PREFIX_PATH=/opt/ros/galactic /usr/bin/cmake /home/leejeonghun/ros2_example_ws/src/examples/rclcpp/actions/minimal_action_client -DAMENT_CMAKE_SYMLINK_INSTALL=1 -DCMAKE_INSTALL_PREFIX=/home/leejeonghun/ros2_example_ws/install/examples_rclcpp_minimal_action_client
[6.464s] Invoking command in '/home/leejeonghun/ros2_example_ws/build/examples_rclcpp_minimal_action_client': CMAKE_PREFIX_PATH=/opt/ros/galactic /usr/bin/cmake --build /home/leejeonghun/ros2_example_ws/build/examples_rclcpp_minimal_action_client -- -j12 -l12
[16.460s] [35m[1mScanning dependencies of target action_client_not_composable_with_feedback[0m
[16.460s] [35m[1mScanning dependencies of target action_client_member_functions[0m
[16.460s] [35m[1mScanning dependencies of target action_client_not_composable_with_cancel[0m
[16.460s] [35m[1mScanning dependencies of target action_client_not_composable[0m
[16.460s] [ 12%] [32mBuilding CXX object CMakeFiles/action_client_not_composable.dir/not_composable.cpp.o[0m
[16.460s] [ 25%] [32mBuilding CXX object CMakeFiles/action_client_member_functions.dir/member_functions.cpp.o[0m
[16.461s] [ 37%] [32mBuilding CXX object CMakeFiles/action_client_not_composable_with_feedback.dir/not_composable_with_feedback.cpp.o[0m
[16.461s] [ 50%] [32mBuilding CXX object CMakeFiles/action_client_not_composable_with_cancel.dir/not_composable_with_cancel.cpp.o[0m
[23.052s] [ 62%] [32m[1mLinking CXX executable action_client_not_composable[0m
[23.701s] [ 62%] Built target action_client_not_composable
[25.418s] [ 75%] [32m[1mLinking CXX executable action_client_member_functions[0m
[25.964s] [ 87%] [32m[1mLinking CXX executable action_client_not_composable_with_feedback[0m
[26.105s] [ 87%] Built target action_client_member_functions
[26.710s] [100%] [32m[1mLinking CXX executable action_client_not_composable_with_cancel[0m
[27.010s] [100%] Built target action_client_not_composable_with_feedback
[27.455s] [100%] Built target action_client_not_composable_with_cancel
[27.509s] Invoked command in '/home/leejeonghun/ros2_example_ws/build/examples_rclcpp_minimal_action_client' returned '0': CMAKE_PREFIX_PATH=/opt/ros/galactic /usr/bin/cmake --build /home/leejeonghun/ros2_example_ws/build/examples_rclcpp_minimal_action_client -- -j12 -l12
[27.821s] Invoking command in '/home/leejeonghun/ros2_example_ws/build/examples_rclcpp_minimal_action_client': CMAKE_PREFIX_PATH=/opt/ros/galactic /usr/bin/cmake --install /home/leejeonghun/ros2_example_ws/build/examples_rclcpp_minimal_action_client
[27.843s] -- Install configuration: ""
[27.845s] -- Execute custom install script
[27.846s] -- Symlinking: /home/leejeonghun/ros2_example_ws/install/examples_rclcpp_minimal_action_client/lib/examples_rclcpp_minimal_action_client/action_client_member_functions
[27.865s] -- Symlinking: /home/leejeonghun/ros2_example_ws/install/examples_rclcpp_minimal_action_client/lib/examples_rclcpp_minimal_action_client/action_client_not_composable
[27.882s] -- Symlinking: /home/leejeonghun/ros2_example_ws/install/examples_rclcpp_minimal_action_client/lib/examples_rclcpp_minimal_action_client/action_client_not_composable_with_cancel
[27.902s] -- Symlinking: /home/leejeonghun/ros2_example_ws/install/examples_rclcpp_minimal_action_client/lib/examples_rclcpp_minimal_action_client/action_client_not_composable_with_feedback
[27.922s] -- Symlinking: /home/leejeonghun/ros2_example_ws/install/examples_rclcpp_minimal_action_client/share/ament_index/resource_index/package_run_dependencies/examples_rclcpp_minimal_action_client
[27.946s] -- Symlinking: /home/leejeonghun/ros2_example_ws/install/examples_rclcpp_minimal_action_client/share/ament_index/resource_index/parent_prefix_path/examples_rclcpp_minimal_action_client
[27.965s] -- Symlinking: /home/leejeonghun/ros2_example_ws/install/examples_rclcpp_minimal_action_client/share/examples_rclcpp_minimal_action_client/environment/ament_prefix_path.sh
[27.987s] -- Symlinking: /home/leejeonghun/ros2_example_ws/install/examples_rclcpp_minimal_action_client/share/examples_rclcpp_minimal_action_client/environment/ament_prefix_path.dsv
[28.005s] -- Symlinking: /home/leejeonghun/ros2_example_ws/install/examples_rclcpp_minimal_action_client/share/examples_rclcpp_minimal_action_client/environment/path.sh
[28.039s] -- Symlinking: /home/leejeonghun/ros2_example_ws/install/examples_rclcpp_minimal_action_client/share/examples_rclcpp_minimal_action_client/environment/path.dsv
[28.099s] -- Symlinking: /home/leejeonghun/ros2_example_ws/install/examples_rclcpp_minimal_action_client/share/examples_rclcpp_minimal_action_client/local_setup.bash
[28.155s] -- Symlinking: /home/leejeonghun/ros2_example_ws/install/examples_rclcpp_minimal_action_client/share/examples_rclcpp_minimal_action_client/local_setup.sh
[28.202s] -- Symlinking: /home/leejeonghun/ros2_example_ws/install/examples_rclcpp_minimal_action_client/share/examples_rclcpp_minimal_action_client/local_setup.zsh
[28.250s] -- Symlinking: /home/leejeonghun/ros2_example_ws/install/examples_rclcpp_minimal_action_client/share/examples_rclcpp_minimal_action_client/local_setup.dsv
[28.314s] -- Symlinking: /home/leejeonghun/ros2_example_ws/install/examples_rclcpp_minimal_action_client/share/examples_rclcpp_minimal_action_client/package.dsv
[28.367s] -- Symlinking: /home/leejeonghun/ros2_example_ws/install/examples_rclcpp_minimal_action_client/share/ament_index/resource_index/packages/examples_rclcpp_minimal_action_client
[28.407s] -- Symlinking: /home/leejeonghun/ros2_example_ws/install/examples_rclcpp_minimal_action_client/share/examples_rclcpp_minimal_action_client/cmake/examples_rclcpp_minimal_action_clientConfig.cmake
[28.422s] -- Symlinking: /home/leejeonghun/ros2_example_ws/install/examples_rclcpp_minimal_action_client/share/examples_rclcpp_minimal_action_client/cmake/examples_rclcpp_minimal_action_clientConfig-version.cmake
[28.438s] -- Symlinking: /home/leejeonghun/ros2_example_ws/install/examples_rclcpp_minimal_action_client/share/examples_rclcpp_minimal_action_client/package.xml
[28.462s] Invoked command in '/home/leejeonghun/ros2_example_ws/build/examples_rclcpp_minimal_action_client' returned '0': CMAKE_PREFIX_PATH=/opt/ros/galactic /usr/bin/cmake --install /home/leejeonghun/ros2_example_ws/build/examples_rclcpp_minimal_action_client
