[0.093s] Invoking command in '/home/leejeonghun/ros2_example_ws/build/examples_rclcpp_minimal_client': CMAKE_PREFIX_PATH=/opt/ros/galactic /usr/bin/cmake /home/leejeonghun/ros2_example_ws/src/examples/rclcpp/services/minimal_client -DAMENT_CMAKE_SYMLINK_INSTALL=1 -DCMAKE_INSTALL_PREFIX=/home/leejeonghun/ros2_example_ws/install/examples_rclcpp_minimal_client
[1.151s] -- The C compiler identification is GNU 9.4.0
[1.151s] -- The CXX compiler identification is GNU 9.4.0
[1.151s] -- Check for working C compiler: /usr/bin/cc
[1.151s] -- Check for working C compiler: /usr/bin/cc -- works
[1.152s] -- Detecting C compiler ABI info
[1.152s] -- Detecting C compiler ABI info - done
[1.152s] -- Detecting C compile features
[1.152s] -- Detecting C compile features - done
[1.152s] -- Check for working CXX compiler: /usr/bin/c++
[1.152s] -- Check for working CXX compiler: /usr/bin/c++ -- works
[1.152s] -- Detecting CXX compiler ABI info
[1.152s] -- Detecting CXX compiler ABI info - done
[1.153s] -- Detecting CXX compile features
[1.153s] -- Detecting CXX compile features - done
[1.153s] -- Found ament_cmake: 1.1.5 (/opt/ros/galactic/share/ament_cmake/cmake)
[1.153s] -- Found PythonInterp: /usr/bin/python3 (found suitable version "3.8.10", minimum required is "3") 
[1.153s] -- Using PYTHON_EXECUTABLE: /usr/bin/python3
[1.153s] -- Override CMake install command with custom implementation using symlinks instead of copying resources
[1.153s] -- Found example_interfaces: 0.9.2 (/opt/ros/galactic/share/example_interfaces/cmake)
[1.153s] -- Using all available rosidl_typesupport_c: rosidl_typesupport_fastrtps_c;rosidl_typesupport_introspection_c
[1.154s] -- Found rosidl_adapter: 2.2.2 (/opt/ros/galactic/share/rosidl_adapter/cmake)
[1.326s] -- Found OpenSSL: /usr/lib/x86_64-linux-gnu/libcrypto.so (found version "1.1.1f")  
[1.379s] -- Found FastRTPS: /opt/ros/galactic/include  
[1.561s] -- Using all available rosidl_typesupport_cpp: rosidl_typesupport_fastrtps_cpp;rosidl_typesupport_introspection_cpp
[1.824s] -- Found rclcpp: 9.2.1 (/opt/ros/galactic/share/rclcpp/cmake)
[1.935s] -- Found rmw_implementation_cmake: 3.3.1 (/opt/ros/galactic/share/rmw_implementation_cmake/cmake)
[1.939s] -- Found rmw_cyclonedds_cpp: 0.22.5 (/opt/ros/galactic/share/rmw_cyclonedds_cpp/cmake)
[1.985s] -- Using RMW implementation 'rmw_cyclonedds_cpp' as default
[1.986s] -- Looking for pthread.h
[2.197s] -- Looking for pthread.h - found
[2.198s] -- Performing Test CMAKE_HAVE_LIBC_PTHREAD
[2.455s] -- Performing Test CMAKE_HAVE_LIBC_PTHREAD - Failed
[2.459s] -- Looking for pthread_create in pthreads
[2.598s] -- Looking for pthread_create in pthreads - not found
[2.599s] -- Looking for pthread_create in pthread
[2.822s] -- Looking for pthread_create in pthread - found
[2.825s] -- Found Threads: TRUE  
[3.185s] -- Found ament_lint_auto: 0.10.7 (/opt/ros/galactic/share/ament_lint_auto/cmake)
[3.322s] -- Added test 'copyright' to check source files copyright and LICENSE
[3.323s] -- Added test 'cppcheck' to perform static code analysis on C / C++ code
[3.323s] -- Configured cppcheck include dirs: 
[3.324s] -- Configured cppcheck exclude dirs and/or files: 
[3.325s] -- Added test 'cpplint' to check C / C++ code against the Google style
[3.325s] -- Configured cpplint exclude dirs and/or files: 
[3.326s] -- Added test 'lint_cmake' to check CMake code style
[3.327s] -- Added test 'uncrustify' to check C / C++ code style
[3.328s] -- Configured uncrustify additional arguments: 
[3.328s] -- Added test 'xmllint' to check XML markup files
[3.334s] -- Configuring done
[3.349s] -- Generating done
[3.352s] -- Build files have been written to: /home/leejeonghun/ros2_example_ws/build/examples_rclcpp_minimal_client
[3.485s] Invoked command in '/home/leejeonghun/ros2_example_ws/build/examples_rclcpp_minimal_client' returned '0': CMAKE_PREFIX_PATH=/opt/ros/galactic /usr/bin/cmake /home/leejeonghun/ros2_example_ws/src/examples/rclcpp/services/minimal_client -DAMENT_CMAKE_SYMLINK_INSTALL=1 -DCMAKE_INSTALL_PREFIX=/home/leejeonghun/ros2_example_ws/install/examples_rclcpp_minimal_client
[3.490s] Invoking command in '/home/leejeonghun/ros2_example_ws/build/examples_rclcpp_minimal_client': CMAKE_PREFIX_PATH=/opt/ros/galactic /usr/bin/cmake --build /home/leejeonghun/ros2_example_ws/build/examples_rclcpp_minimal_client -- -j12 -l12
[6.420s] [35m[1mScanning dependencies of target client_main[0m
[6.420s] [ 50%] [32mBuilding CXX object CMakeFiles/client_main.dir/main.cpp.o[0m
[18.469s] [100%] [32m[1mLinking CXX executable client_main[0m
[19.104s] [100%] Built target client_main
[19.163s] Invoked command in '/home/leejeonghun/ros2_example_ws/build/examples_rclcpp_minimal_client' returned '0': CMAKE_PREFIX_PATH=/opt/ros/galactic /usr/bin/cmake --build /home/leejeonghun/ros2_example_ws/build/examples_rclcpp_minimal_client -- -j12 -l12
[19.587s] Invoking command in '/home/leejeonghun/ros2_example_ws/build/examples_rclcpp_minimal_client': CMAKE_PREFIX_PATH=/opt/ros/galactic /usr/bin/cmake --install /home/leejeonghun/ros2_example_ws/build/examples_rclcpp_minimal_client
[21.211s] -- Install configuration: ""
[21.211s] -- Execute custom install script
[21.212s] -- Symlinking: /home/leejeonghun/ros2_example_ws/install/examples_rclcpp_minimal_client/lib/examples_rclcpp_minimal_client/client_main
[21.212s] -- Symlinking: /home/leejeonghun/ros2_example_ws/install/examples_rclcpp_minimal_client/share/ament_index/resource_index/package_run_dependencies/examples_rclcpp_minimal_client
[21.212s] -- Symlinking: /home/leejeonghun/ros2_example_ws/install/examples_rclcpp_minimal_client/share/ament_index/resource_index/parent_prefix_path/examples_rclcpp_minimal_client
[21.212s] -- Symlinking: /home/leejeonghun/ros2_example_ws/install/examples_rclcpp_minimal_client/share/examples_rclcpp_minimal_client/environment/ament_prefix_path.sh
[21.212s] -- Symlinking: /home/leejeonghun/ros2_example_ws/install/examples_rclcpp_minimal_client/share/examples_rclcpp_minimal_client/environment/ament_prefix_path.dsv
[21.212s] -- Symlinking: /home/leejeonghun/ros2_example_ws/install/examples_rclcpp_minimal_client/share/examples_rclcpp_minimal_client/environment/path.sh
[21.212s] -- Symlinking: /home/leejeonghun/ros2_example_ws/install/examples_rclcpp_minimal_client/share/examples_rclcpp_minimal_client/environment/path.dsv
[21.212s] -- Symlinking: /home/leejeonghun/ros2_example_ws/install/examples_rclcpp_minimal_client/share/examples_rclcpp_minimal_client/local_setup.bash
[21.212s] -- Symlinking: /home/leejeonghun/ros2_example_ws/install/examples_rclcpp_minimal_client/share/examples_rclcpp_minimal_client/local_setup.sh
[21.213s] -- Symlinking: /home/leejeonghun/ros2_example_ws/install/examples_rclcpp_minimal_client/share/examples_rclcpp_minimal_client/local_setup.zsh
[21.213s] -- Symlinking: /home/leejeonghun/ros2_example_ws/install/examples_rclcpp_minimal_client/share/examples_rclcpp_minimal_client/local_setup.dsv
[21.213s] -- Symlinking: /home/leejeonghun/ros2_example_ws/install/examples_rclcpp_minimal_client/share/examples_rclcpp_minimal_client/package.dsv
[21.213s] -- Symlinking: /home/leejeonghun/ros2_example_ws/install/examples_rclcpp_minimal_client/share/ament_index/resource_index/packages/examples_rclcpp_minimal_client
[21.213s] -- Symlinking: /home/leejeonghun/ros2_example_ws/install/examples_rclcpp_minimal_client/share/examples_rclcpp_minimal_client/cmake/examples_rclcpp_minimal_clientConfig.cmake
[21.213s] -- Symlinking: /home/leejeonghun/ros2_example_ws/install/examples_rclcpp_minimal_client/share/examples_rclcpp_minimal_client/cmake/examples_rclcpp_minimal_clientConfig-version.cmake
[21.213s] -- Symlinking: /home/leejeonghun/ros2_example_ws/install/examples_rclcpp_minimal_client/share/examples_rclcpp_minimal_client/package.xml
[21.351s] Invoked command in '/home/leejeonghun/ros2_example_ws/build/examples_rclcpp_minimal_client' returned '0': CMAKE_PREFIX_PATH=/opt/ros/galactic /usr/bin/cmake --install /home/leejeonghun/ros2_example_ws/build/examples_rclcpp_minimal_client
