[0.094s] Invoking command in '/home/leejeonghun/ros2_example_ws/build/examples_rclcpp_multithreaded_executor': CMAKE_PREFIX_PATH=/opt/ros/galactic /usr/bin/cmake /home/leejeonghun/ros2_example_ws/src/examples/rclcpp/executors/multithreaded_executor -DAMENT_CMAKE_SYMLINK_INSTALL=1 -DCMAKE_INSTALL_PREFIX=/home/leejeonghun/ros2_example_ws/install/examples_rclcpp_multithreaded_executor
[3.134s] -- The C compiler identification is GNU 9.4.0
[3.134s] -- The CXX compiler identification is GNU 9.4.0
[3.135s] -- Check for working C compiler: /usr/bin/cc
[3.135s] -- Check for working C compiler: /usr/bin/cc -- works
[3.135s] -- Detecting C compiler ABI info
[3.135s] -- Detecting C compiler ABI info - done
[3.135s] -- Detecting C compile features
[3.135s] -- Detecting C compile features - done
[3.135s] -- Check for working CXX compiler: /usr/bin/c++
[3.135s] -- Check for working CXX compiler: /usr/bin/c++ -- works
[3.136s] -- Detecting CXX compiler ABI info
[3.136s] -- Detecting CXX compiler ABI info - done
[3.136s] -- Detecting CXX compile features
[3.136s] -- Detecting CXX compile features - done
[3.136s] -- Found ament_cmake: 1.1.5 (/opt/ros/galactic/share/ament_cmake/cmake)
[3.136s] -- Found PythonInterp: /usr/bin/python3 (found suitable version "3.8.10", minimum required is "3") 
[3.136s] -- Using PYTHON_EXECUTABLE: /usr/bin/python3
[3.136s] -- Override CMake install command with custom implementation using symlinks instead of copying resources
[3.136s] -- Found rclcpp: 9.2.1 (/opt/ros/galactic/share/rclcpp/cmake)
[3.137s] -- Using all available rosidl_typesupport_c: rosidl_typesupport_fastrtps_c;rosidl_typesupport_introspection_c
[3.137s] -- Found rosidl_adapter: 2.2.2 (/opt/ros/galactic/share/rosidl_adapter/cmake)
[3.137s] -- Found OpenSSL: /usr/lib/x86_64-linux-gnu/libcrypto.so (found version "1.1.1f")  
[3.137s] -- Found FastRTPS: /opt/ros/galactic/include  
[3.137s] -- Using all available rosidl_typesupport_cpp: rosidl_typesupport_fastrtps_cpp;rosidl_typesupport_introspection_cpp
[3.137s] -- Found rmw_implementation_cmake: 3.3.1 (/opt/ros/galactic/share/rmw_implementation_cmake/cmake)
[3.137s] -- Found rmw_cyclonedds_cpp: 0.22.5 (/opt/ros/galactic/share/rmw_cyclonedds_cpp/cmake)
[3.137s] -- Using RMW implementation 'rmw_cyclonedds_cpp' as default
[3.137s] -- Looking for pthread.h
[3.137s] -- Looking for pthread.h - found
[3.138s] -- Performing Test CMAKE_HAVE_LIBC_PTHREAD
[3.138s] -- Performing Test CMAKE_HAVE_LIBC_PTHREAD - Failed
[3.138s] -- Looking for pthread_create in pthreads
[3.138s] -- Looking for pthread_create in pthreads - not found
[3.138s] -- Looking for pthread_create in pthread
[3.138s] -- Looking for pthread_create in pthread - found
[3.138s] -- Found Threads: TRUE  
[3.138s] -- Found ament_lint_auto: 0.10.7 (/opt/ros/galactic/share/ament_lint_auto/cmake)
[3.237s] -- Added test 'copyright' to check source files copyright and LICENSE
[3.237s] -- Added test 'cppcheck' to perform static code analysis on C / C++ code
[3.237s] -- Configured cppcheck include dirs: 
[3.238s] -- Configured cppcheck exclude dirs and/or files: 
[3.238s] -- Added test 'cpplint' to check C / C++ code against the Google style
[3.238s] -- Configured cpplint exclude dirs and/or files: 
[3.238s] -- Added test 'lint_cmake' to check CMake code style
[3.238s] -- Added test 'uncrustify' to check C / C++ code style
[3.238s] -- Configured uncrustify additional arguments: 
[3.239s] -- Added test 'xmllint' to check XML markup files
[3.244s] -- Configuring done
[3.258s] -- Generating done
[3.263s] -- Build files have been written to: /home/leejeonghun/ros2_example_ws/build/examples_rclcpp_multithreaded_executor
[3.424s] Invoked command in '/home/leejeonghun/ros2_example_ws/build/examples_rclcpp_multithreaded_executor' returned '0': CMAKE_PREFIX_PATH=/opt/ros/galactic /usr/bin/cmake /home/leejeonghun/ros2_example_ws/src/examples/rclcpp/executors/multithreaded_executor -DAMENT_CMAKE_SYMLINK_INSTALL=1 -DCMAKE_INSTALL_PREFIX=/home/leejeonghun/ros2_example_ws/install/examples_rclcpp_multithreaded_executor
[3.425s] Invoking command in '/home/leejeonghun/ros2_example_ws/build/examples_rclcpp_multithreaded_executor': CMAKE_PREFIX_PATH=/opt/ros/galactic /usr/bin/cmake --build /home/leejeonghun/ros2_example_ws/build/examples_rclcpp_multithreaded_executor -- -j12 -l12
[3.688s] [35m[1mScanning dependencies of target multithreaded_executor[0m
[3.920s] [ 50%] [32mBuilding CXX object CMakeFiles/multithreaded_executor.dir/multithreaded_executor.cpp.o[0m
[33.281s] [100%] [32m[1mLinking CXX executable multithreaded_executor[0m
[33.654s] [100%] Built target multithreaded_executor
[33.665s] Invoked command in '/home/leejeonghun/ros2_example_ws/build/examples_rclcpp_multithreaded_executor' returned '0': CMAKE_PREFIX_PATH=/opt/ros/galactic /usr/bin/cmake --build /home/leejeonghun/ros2_example_ws/build/examples_rclcpp_multithreaded_executor -- -j12 -l12
[33.689s] Invoking command in '/home/leejeonghun/ros2_example_ws/build/examples_rclcpp_multithreaded_executor': CMAKE_PREFIX_PATH=/opt/ros/galactic /usr/bin/cmake --install /home/leejeonghun/ros2_example_ws/build/examples_rclcpp_multithreaded_executor
[33.696s] -- Install configuration: ""
[33.696s] -- Execute custom install script
[33.697s] -- Symlinking: /home/leejeonghun/ros2_example_ws/install/examples_rclcpp_multithreaded_executor/lib/examples_rclcpp_multithreaded_executor/multithreaded_executor
[33.706s] -- Symlinking: /home/leejeonghun/ros2_example_ws/install/examples_rclcpp_multithreaded_executor/share/ament_index/resource_index/package_run_dependencies/examples_rclcpp_multithreaded_executor
[33.715s] -- Symlinking: /home/leejeonghun/ros2_example_ws/install/examples_rclcpp_multithreaded_executor/share/ament_index/resource_index/parent_prefix_path/examples_rclcpp_multithreaded_executor
[33.724s] -- Symlinking: /home/leejeonghun/ros2_example_ws/install/examples_rclcpp_multithreaded_executor/share/examples_rclcpp_multithreaded_executor/environment/ament_prefix_path.sh
[33.733s] -- Symlinking: /home/leejeonghun/ros2_example_ws/install/examples_rclcpp_multithreaded_executor/share/examples_rclcpp_multithreaded_executor/environment/ament_prefix_path.dsv
[33.742s] -- Symlinking: /home/leejeonghun/ros2_example_ws/install/examples_rclcpp_multithreaded_executor/share/examples_rclcpp_multithreaded_executor/environment/path.sh
[33.751s] -- Symlinking: /home/leejeonghun/ros2_example_ws/install/examples_rclcpp_multithreaded_executor/share/examples_rclcpp_multithreaded_executor/environment/path.dsv
[33.760s] -- Symlinking: /home/leejeonghun/ros2_example_ws/install/examples_rclcpp_multithreaded_executor/share/examples_rclcpp_multithreaded_executor/local_setup.bash
[33.768s] -- Symlinking: /home/leejeonghun/ros2_example_ws/install/examples_rclcpp_multithreaded_executor/share/examples_rclcpp_multithreaded_executor/local_setup.sh
[33.778s] -- Symlinking: /home/leejeonghun/ros2_example_ws/install/examples_rclcpp_multithreaded_executor/share/examples_rclcpp_multithreaded_executor/local_setup.zsh
[33.787s] -- Symlinking: /home/leejeonghun/ros2_example_ws/install/examples_rclcpp_multithreaded_executor/share/examples_rclcpp_multithreaded_executor/local_setup.dsv
[33.795s] -- Symlinking: /home/leejeonghun/ros2_example_ws/install/examples_rclcpp_multithreaded_executor/share/examples_rclcpp_multithreaded_executor/package.dsv
[33.804s] -- Symlinking: /home/leejeonghun/ros2_example_ws/install/examples_rclcpp_multithreaded_executor/share/ament_index/resource_index/packages/examples_rclcpp_multithreaded_executor
[33.814s] -- Symlinking: /home/leejeonghun/ros2_example_ws/install/examples_rclcpp_multithreaded_executor/share/examples_rclcpp_multithreaded_executor/cmake/examples_rclcpp_multithreaded_executorConfig.cmake
[33.823s] -- Symlinking: /home/leejeonghun/ros2_example_ws/install/examples_rclcpp_multithreaded_executor/share/examples_rclcpp_multithreaded_executor/cmake/examples_rclcpp_multithreaded_executorConfig-version.cmake
[33.833s] -- Symlinking: /home/leejeonghun/ros2_example_ws/install/examples_rclcpp_multithreaded_executor/share/examples_rclcpp_multithreaded_executor/package.xml
[33.847s] Invoked command in '/home/leejeonghun/ros2_example_ws/build/examples_rclcpp_multithreaded_executor' returned '0': CMAKE_PREFIX_PATH=/opt/ros/galactic /usr/bin/cmake --install /home/leejeonghun/ros2_example_ws/build/examples_rclcpp_multithreaded_executor
