[1.856s] Invoking command in '/home/leejeonghun/ros2_example_ws/build/examples_rclpy_minimal_action_client': PYTHONPATH=/home/leejeonghun/ros2_example_ws/install/examples_rclpy_minimal_action_client/lib/python3.8/site-packages:${PYTHONPATH} /usr/bin/python3 setup.py develop --prefix /home/leejeonghun/ros2_example_ws/install/examples_rclpy_minimal_action_client --uninstall --editable --build-directory /home/leejeonghun/ros2_example_ws/build/examples_rclpy_minimal_action_client/build
[2.232s] running develop
[2.404s] Removing /home/leejeonghun/ros2_example_ws/install/examples_rclpy_minimal_action_client/lib/python3.8/site-packages/examples-rclpy-minimal-action-client.egg-link (link to .)
[2.436s] Invoked command in '/home/leejeonghun/ros2_example_ws/build/examples_rclpy_minimal_action_client' returned '0': PYTHONPATH=/home/leejeonghun/ros2_example_ws/install/examples_rclpy_minimal_action_client/lib/python3.8/site-packages:${PYTHONPATH} /usr/bin/python3 setup.py develop --prefix /home/leejeonghun/ros2_example_ws/install/examples_rclpy_minimal_action_client --uninstall --editable --build-directory /home/leejeonghun/ros2_example_ws/build/examples_rclpy_minimal_action_client/build
[2.439s] Invoking command in '/home/leejeonghun/ros2_example_ws/src/examples/rclpy/actions/minimal_action_client': PYTHONPATH=/home/leejeonghun/ros2_example_ws/install/examples_rclpy_minimal_action_client/lib/python3.8/site-packages:${PYTHONPATH} /usr/bin/python3 setup.py egg_info --egg-base ../../../../../build/examples_rclpy_minimal_action_client build --build-base /home/leejeonghun/ros2_example_ws/build/examples_rclpy_minimal_action_client/build install --prefix /home/leejeonghun/ros2_example_ws/install/examples_rclpy_minimal_action_client --record /home/leejeonghun/ros2_example_ws/build/examples_rclpy_minimal_action_client/install.log --single-version-externally-managed
[2.728s] running egg_info
[2.729s] writing ../../../../../build/examples_rclpy_minimal_action_client/examples_rclpy_minimal_action_client.egg-info/PKG-INFO
[2.729s] writing dependency_links to ../../../../../build/examples_rclpy_minimal_action_client/examples_rclpy_minimal_action_client.egg-info/dependency_links.txt
[2.729s] writing entry points to ../../../../../build/examples_rclpy_minimal_action_client/examples_rclpy_minimal_action_client.egg-info/entry_points.txt
[2.730s] writing requirements to ../../../../../build/examples_rclpy_minimal_action_client/examples_rclpy_minimal_action_client.egg-info/requires.txt
[2.730s] writing top-level names to ../../../../../build/examples_rclpy_minimal_action_client/examples_rclpy_minimal_action_client.egg-info/top_level.txt
[2.775s] reading manifest file '../../../../../build/examples_rclpy_minimal_action_client/examples_rclpy_minimal_action_client.egg-info/SOURCES.txt'
[2.776s] writing manifest file '../../../../../build/examples_rclpy_minimal_action_client/examples_rclpy_minimal_action_client.egg-info/SOURCES.txt'
[2.777s] running build
[2.777s] running build_py
[2.777s] creating /home/leejeonghun/ros2_example_ws/build/examples_rclpy_minimal_action_client/build
[2.777s] creating /home/leejeonghun/ros2_example_ws/build/examples_rclpy_minimal_action_client/build/lib
[2.777s] creating /home/leejeonghun/ros2_example_ws/build/examples_rclpy_minimal_action_client/build/lib/examples_rclpy_minimal_action_client
[2.777s] copying examples_rclpy_minimal_action_client/client_cancel.py -> /home/leejeonghun/ros2_example_ws/build/examples_rclpy_minimal_action_client/build/lib/examples_rclpy_minimal_action_client
[2.777s] copying examples_rclpy_minimal_action_client/client_asyncio.py -> /home/leejeonghun/ros2_example_ws/build/examples_rclpy_minimal_action_client/build/lib/examples_rclpy_minimal_action_client
[2.778s] copying examples_rclpy_minimal_action_client/client_not_composable.py -> /home/leejeonghun/ros2_example_ws/build/examples_rclpy_minimal_action_client/build/lib/examples_rclpy_minimal_action_client
[2.778s] copying examples_rclpy_minimal_action_client/client.py -> /home/leejeonghun/ros2_example_ws/build/examples_rclpy_minimal_action_client/build/lib/examples_rclpy_minimal_action_client
[2.778s] copying examples_rclpy_minimal_action_client/__init__.py -> /home/leejeonghun/ros2_example_ws/build/examples_rclpy_minimal_action_client/build/lib/examples_rclpy_minimal_action_client
[2.778s] running install
[2.778s] running install_lib
[2.780s] creating /home/leejeonghun/ros2_example_ws/install/examples_rclpy_minimal_action_client/lib/python3.8/site-packages/examples_rclpy_minimal_action_client
[2.780s] copying /home/leejeonghun/ros2_example_ws/build/examples_rclpy_minimal_action_client/build/lib/examples_rclpy_minimal_action_client/client_cancel.py -> /home/leejeonghun/ros2_example_ws/install/examples_rclpy_minimal_action_client/lib/python3.8/site-packages/examples_rclpy_minimal_action_client
[2.780s] copying /home/leejeonghun/ros2_example_ws/build/examples_rclpy_minimal_action_client/build/lib/examples_rclpy_minimal_action_client/client_asyncio.py -> /home/leejeonghun/ros2_example_ws/install/examples_rclpy_minimal_action_client/lib/python3.8/site-packages/examples_rclpy_minimal_action_client
[2.780s] copying /home/leejeonghun/ros2_example_ws/build/examples_rclpy_minimal_action_client/build/lib/examples_rclpy_minimal_action_client/client_not_composable.py -> /home/leejeonghun/ros2_example_ws/install/examples_rclpy_minimal_action_client/lib/python3.8/site-packages/examples_rclpy_minimal_action_client
[2.780s] copying /home/leejeonghun/ros2_example_ws/build/examples_rclpy_minimal_action_client/build/lib/examples_rclpy_minimal_action_client/client.py -> /home/leejeonghun/ros2_example_ws/install/examples_rclpy_minimal_action_client/lib/python3.8/site-packages/examples_rclpy_minimal_action_client
[2.781s] copying /home/leejeonghun/ros2_example_ws/build/examples_rclpy_minimal_action_client/build/lib/examples_rclpy_minimal_action_client/__init__.py -> /home/leejeonghun/ros2_example_ws/install/examples_rclpy_minimal_action_client/lib/python3.8/site-packages/examples_rclpy_minimal_action_client
[2.781s] byte-compiling /home/leejeonghun/ros2_example_ws/install/examples_rclpy_minimal_action_client/lib/python3.8/site-packages/examples_rclpy_minimal_action_client/client_cancel.py to client_cancel.cpython-38.pyc
[2.783s] byte-compiling /home/leejeonghun/ros2_example_ws/install/examples_rclpy_minimal_action_client/lib/python3.8/site-packages/examples_rclpy_minimal_action_client/client_asyncio.py to client_asyncio.cpython-38.pyc
[2.784s] byte-compiling /home/leejeonghun/ros2_example_ws/install/examples_rclpy_minimal_action_client/lib/python3.8/site-packages/examples_rclpy_minimal_action_client/client_not_composable.py to client_not_composable.cpython-38.pyc
[2.785s] byte-compiling /home/leejeonghun/ros2_example_ws/install/examples_rclpy_minimal_action_client/lib/python3.8/site-packages/examples_rclpy_minimal_action_client/client.py to client.cpython-38.pyc
[2.785s] byte-compiling /home/leejeonghun/ros2_example_ws/install/examples_rclpy_minimal_action_client/lib/python3.8/site-packages/examples_rclpy_minimal_action_client/__init__.py to __init__.cpython-38.pyc
[2.786s] running install_data
[2.786s] running install_egg_info
[2.788s] Copying ../../../../../build/examples_rclpy_minimal_action_client/examples_rclpy_minimal_action_client.egg-info to /home/leejeonghun/ros2_example_ws/install/examples_rclpy_minimal_action_client/lib/python3.8/site-packages/examples_rclpy_minimal_action_client-0.11.2-py3.8.egg-info
[2.790s] running install_scripts
[2.814s] Installing client script to /home/leejeonghun/ros2_example_ws/install/examples_rclpy_minimal_action_client/lib/examples_rclpy_minimal_action_client
[2.814s] Installing client_asyncio script to /home/leejeonghun/ros2_example_ws/install/examples_rclpy_minimal_action_client/lib/examples_rclpy_minimal_action_client
[2.814s] Installing client_cancel script to /home/leejeonghun/ros2_example_ws/install/examples_rclpy_minimal_action_client/lib/examples_rclpy_minimal_action_client
[2.814s] Installing client_not_composable script to /home/leejeonghun/ros2_example_ws/install/examples_rclpy_minimal_action_client/lib/examples_rclpy_minimal_action_client
[2.815s] writing list of installed files to '/home/leejeonghun/ros2_example_ws/build/examples_rclpy_minimal_action_client/install.log'
[2.849s] Invoked command in '/home/leejeonghun/ros2_example_ws/src/examples/rclpy/actions/minimal_action_client' returned '0': PYTHONPATH=/home/leejeonghun/ros2_example_ws/install/examples_rclpy_minimal_action_client/lib/python3.8/site-packages:${PYTHONPATH} /usr/bin/python3 setup.py egg_info --egg-base ../../../../../build/examples_rclpy_minimal_action_client build --build-base /home/leejeonghun/ros2_example_ws/build/examples_rclpy_minimal_action_client/build install --prefix /home/leejeonghun/ros2_example_ws/install/examples_rclpy_minimal_action_client --record /home/leejeonghun/ros2_example_ws/build/examples_rclpy_minimal_action_client/install.log --single-version-externally-managed
